TN:
SF:src\application\services\attempt.service.ts
FN:37,(anonymous_0)
FN:67,(anonymous_1)
FN:85,(anonymous_2)
FN:132,(anonymous_3)
FN:199,(anonymous_4)
FN:243,(anonymous_5)
FN:268,(anonymous_6)
FN:294,(anonymous_7)
FN:315,(anonymous_8)
FN:346,(anonymous_9)
FN:372,(anonymous_10)
FN:381,(anonymous_11)
FN:385,(anonymous_12)
FN:388,(anonymous_13)
FN:391,(anonymous_14)
FN:392,(anonymous_15)
FN:398,(anonymous_16)
FN:400,(anonymous_17)
FN:472,(anonymous_18)
FN:476,(anonymous_19)
FN:492,(anonymous_20)
FNF:21
FNH:0
FNDA:0,(anonymous_0)
FNDA:0,(anonymous_1)
FNDA:0,(anonymous_2)
FNDA:0,(anonymous_3)
FNDA:0,(anonymous_4)
FNDA:0,(anonymous_5)
FNDA:0,(anonymous_6)
FNDA:0,(anonymous_7)
FNDA:0,(anonymous_8)
FNDA:0,(anonymous_9)
FNDA:0,(anonymous_10)
FNDA:0,(anonymous_11)
FNDA:0,(anonymous_12)
FNDA:0,(anonymous_13)
FNDA:0,(anonymous_14)
FNDA:0,(anonymous_15)
FNDA:0,(anonymous_16)
FNDA:0,(anonymous_17)
FNDA:0,(anonymous_18)
FNDA:0,(anonymous_19)
FNDA:0,(anonymous_20)
DA:1,0
DA:2,0
DA:33,0
DA:38,0
DA:39,0
DA:72,0
DA:74,0
DA:75,0
DA:79,0
DA:80,0
DA:81,0
DA:85,0
DA:86,0
DA:87,0
DA:93,0
DA:104,0
DA:137,0
DA:139,0
DA:140,0
DA:144,0
DA:145,0
DA:149,0
DA:150,0
DA:154,0
DA:155,0
DA:157,0
DA:159,0
DA:171,0
DA:176,0
DA:177,0
DA:181,0
DA:203,0
DA:205,0
DA:206,0
DA:210,0
DA:211,0
DA:215,0
DA:216,0
DA:219,0
DA:224,0
DA:252,0
DA:272,0
DA:295,0
DA:319,0
DA:321,0
DA:322,0
DA:326,0
DA:327,0
DA:330,0
DA:347,0
DA:348,0
DA:349,0
DA:377,0
DA:380,0
DA:381,0
DA:384,0
DA:385,0
DA:387,0
DA:388,0
DA:391,0
DA:392,0
DA:395,0
DA:398,0
DA:400,0
DA:402,0
DA:431,0
DA:474,0
DA:476,0
DA:477,0
DA:479,0
DA:480,0
DA:483,0
DA:484,0
DA:485,0
DA:490,0
DA:492,0
DA:493,0
DA:495,0
DA:496,0
DA:502,0
LF:80
LH:0
BRDA:74,0,0,0
BRDA:79,1,0,0
BRDA:80,2,0,0
BRDA:80,3,0,0
BRDA:80,3,1,0
BRDA:85,4,0,0
BRDA:85,4,1,0
BRDA:86,5,0,0
BRDA:139,6,0,0
BRDA:144,7,0,0
BRDA:149,8,0,0
BRDA:157,9,0,0
BRDA:176,10,0,0
BRDA:205,11,0,0
BRDA:210,12,0,0
BRDA:215,13,0,0
BRDA:321,14,0,0
BRDA:326,15,0,0
BRDA:347,16,0,0
BRDA:347,16,1,0
BRDA:377,17,0,0
BRDA:377,17,1,0
BRDA:377,18,0,0
BRDA:377,18,1,0
BRDA:380,19,0,0
BRDA:380,19,1,0
BRDA:381,20,0,0
BRDA:381,20,1,0
BRDA:384,21,0,0
BRDA:384,21,1,0
BRDA:387,22,0,0
BRDA:387,22,1,0
BRDA:395,23,0,0
BRDA:395,23,1,0
BRDA:398,24,0,0
BRDA:398,24,1,0
BRDA:404,25,0,0
BRDA:404,25,1,0
BRDA:406,26,0,0
BRDA:406,26,1,0
BRDA:410,27,0,0
BRDA:410,27,1,0
BRDA:411,28,0,0
BRDA:411,28,1,0
BRDA:415,29,0,0
BRDA:415,29,1,0
BRDA:416,30,0,0
BRDA:416,30,1,0
BRDA:417,31,0,0
BRDA:417,31,1,0
BRDA:438,32,0,0
BRDA:438,32,1,0
BRDA:439,33,0,0
BRDA:439,33,1,0
BRDA:440,34,0,0
BRDA:440,34,1,0
BRDA:477,35,0,0
BRDA:477,35,1,0
BRDA:479,36,0,0
BRDA:484,37,0,0
BRDA:495,38,0,0
BRF:61
BRH:0
end_of_record
TN:
SF:src\application\services\comment.service.ts
FN:36,(anonymous_0)
FN:66,(anonymous_1)
FN:125,(anonymous_2)
FN:141,(anonymous_3)
FN:181,(anonymous_4)
FN:211,(anonymous_5)
FN:268,(anonymous_6)
FN:317,(anonymous_7)
FN:352,(anonymous_8)
FN:371,(anonymous_9)
FN:387,(anonymous_10)
FN:409,(anonymous_11)
FN:430,(anonymous_12)
FN:536,(anonymous_13)
FN:598,(anonymous_14)
FNF:15
FNH:0
FNDA:0,(anonymous_0)
FNDA:0,(anonymous_1)
FNDA:0,(anonymous_2)
FNDA:0,(anonymous_3)
FNDA:0,(anonymous_4)
FNDA:0,(anonymous_5)
FNDA:0,(anonymous_6)
FNDA:0,(anonymous_7)
FNDA:0,(anonymous_8)
FNDA:0,(anonymous_9)
FNDA:0,(anonymous_10)
FNDA:0,(anonymous_11)
FNDA:0,(anonymous_12)
FNDA:0,(anonymous_13)
FNDA:0,(anonymous_14)
DA:1,0
DA:33,0
DA:37,0
DA:71,0
DA:72,0
DA:75,0
DA:76,0
DA:80,0
DA:81,0
DA:83,0
DA:84,0
DA:88,0
DA:89,0
DA:94,0
DA:102,0
DA:129,0
DA:140,0
DA:142,0
DA:143,0
DA:147,0
DA:148,0
DA:149,0
DA:151,0
DA:182,0
DA:184,0
DA:185,0
DA:188,0
DA:216,0
DA:218,0
DA:219,0
DA:223,0
DA:224,0
DA:228,0
DA:229,0
DA:232,0
DA:233,0
DA:236,0
DA:240,0
DA:241,0
DA:244,0
DA:273,0
DA:275,0
DA:276,0
DA:280,0
DA:281,0
DA:285,0
DA:287,0
DA:288,0
DA:293,0
DA:321,0
DA:323,0
DA:324,0
DA:327,0
DA:332,0
DA:333,0
DA:336,0
DA:356,0
DA:372,0
DA:388,0
DA:389,0
DA:392,0
DA:410,0
DA:434,0
DA:561,0
DA:564,0
DA:565,0
DA:569,0
DA:570,0
DA:574,0
DA:575,0
DA:579,0
DA:580,0
DA:581,0
DA:586,0
DA:597,0
DA:599,0
DA:600,0
DA:605,0
DA:606,0
DA:609,0
DA:613,0
LF:81
LH:0
BRDA:71,0,0,0
BRDA:71,1,0,0
BRDA:71,1,1,0
BRDA:75,2,0,0
BRDA:80,3,0,0
BRDA:80,4,0,0
BRDA:80,4,1,0
BRDA:83,5,0,0
BRDA:88,6,0,0
BRDA:97,7,0,0
BRDA:97,7,1,0
BRDA:147,8,0,0
BRDA:147,8,1,0
BRDA:148,9,0,0
BRDA:148,9,1,0
BRDA:184,10,0,0
BRDA:218,11,0,0
BRDA:223,12,0,0
BRDA:228,13,0,0
BRDA:228,14,0,0
BRDA:228,14,1,0
BRDA:232,15,0,0
BRDA:240,16,0,0
BRDA:271,17,0,0
BRDA:275,18,0,0
BRDA:280,19,0,0
BRDA:280,20,0,0
BRDA:280,20,1,0
BRDA:287,21,0,0
BRDA:323,22,0,0
BRDA:332,23,0,0
BRDA:388,24,0,0
BRDA:388,25,0,0
BRDA:388,25,1,0
BRDA:555,26,0,0
BRDA:556,27,0,0
BRDA:559,28,0,0
BRDA:560,29,0,0
BRDA:564,30,0,0
BRDA:569,31,0,0
BRDA:569,32,0,0
BRDA:569,32,1,0
BRDA:574,33,0,0
BRDA:580,34,0,0
BRDA:590,35,0,0
BRDA:590,35,1,0
BRF:46
BRH:0
end_of_record
TN:
SF:src\application\services\exam.service.ts
FN:49,(anonymous_0)
FN:79,(anonymous_1)
FN:108,(anonymous_2)
FN:116,(anonymous_3)
FN:138,(anonymous_4)
FN:143,(anonymous_5)
FN:145,(anonymous_6)
FN:187,(anonymous_7)
FN:215,(anonymous_8)
FN:241,(anonymous_9)
FN:295,(anonymous_10)
FN:341,(anonymous_11)
FN:358,(anonymous_12)
FN:366,(anonymous_13)
FN:367,(anonymous_14)
FN:399,(anonymous_15)
FN:433,(anonymous_16)
FN:453,(anonymous_17)
FN:521,(anonymous_18)
FN:539,(anonymous_19)
FN:583,(anonymous_20)
FN:639,(anonymous_21)
FN:677,(anonymous_22)
FN:727,(anonymous_23)
FN:774,(anonymous_24)
FN:784,(anonymous_25)
FN:801,(anonymous_26)
FN:806,(anonymous_27)
FN:818,(anonymous_28)
FN:822,(anonymous_29)
FN:823,(anonymous_30)
FN:832,(anonymous_31)
FN:858,(anonymous_32)
FN:891,(anonymous_33)
FN:915,(anonymous_34)
FN:931,(anonymous_35)
FN:934,(anonymous_36)
FN:951,(anonymous_37)
FN:971,(anonymous_38)
FN:1009,(anonymous_39)
FN:1027,(anonymous_40)
FN:1065,(anonymous_41)
FN:1069,(anonymous_42)
FN:1079,(anonymous_43)
FN:1096,(anonymous_44)
FN:1118,(anonymous_45)
FN:1147,(anonymous_46)
FN:1160,(anonymous_47)
FN:1161,(anonymous_48)
FN:1165,(anonymous_49)
FNF:50
FNH:46
FNDA:103,(anonymous_0)
FNDA:17,(anonymous_1)
FNDA:9,(anonymous_2)
FNDA:6,(anonymous_3)
FNDA:0,(anonymous_4)
FNDA:2,(anonymous_5)
FNDA:1,(anonymous_6)
FNDA:5,(anonymous_7)
FNDA:4,(anonymous_8)
FNDA:7,(anonymous_9)
FNDA:4,(anonymous_10)
FNDA:8,(anonymous_11)
FNDA:7,(anonymous_12)
FNDA:4,(anonymous_13)
FNDA:6,(anonymous_14)
FNDA:4,(anonymous_15)
FNDA:2,(anonymous_16)
FNDA:5,(anonymous_17)
FNDA:3,(anonymous_18)
FNDA:2,(anonymous_19)
FNDA:7,(anonymous_20)
FNDA:3,(anonymous_21)
FNDA:5,(anonymous_22)
FNDA:3,(anonymous_23)
FNDA:2,(anonymous_24)
FNDA:1,(anonymous_25)
FNDA:2,(anonymous_26)
FNDA:8,(anonymous_27)
FNDA:0,(anonymous_28)
FNDA:0,(anonymous_29)
FNDA:1,(anonymous_30)
FNDA:0,(anonymous_31)
FNDA:4,(anonymous_32)
FNDA:3,(anonymous_33)
FNDA:4,(anonymous_34)
FNDA:1,(anonymous_35)
FNDA:2,(anonymous_36)
FNDA:2,(anonymous_37)
FNDA:1,(anonymous_38)
FNDA:6,(anonymous_39)
FNDA:6,(anonymous_40)
FNDA:1,(anonymous_41)
FNDA:2,(anonymous_42)
FNDA:3,(anonymous_43)
FNDA:2,(anonymous_44)
FNDA:2,(anonymous_45)
FNDA:4,(anonymous_46)
FNDA:2,(anonymous_47)
FNDA:5,(anonymous_48)
FNDA:20,(anonymous_49)
DA:1,1
DA:2,1
DA:3,1
DA:34,1
DA:50,103
DA:51,103
DA:52,103
DA:81,17
DA:82,2
DA:85,15
DA:86,2
DA:90,13
DA:104,13
DA:107,13
DA:108,9
DA:109,5
DA:111,5
DA:112,1
DA:116,3
DA:117,6
DA:125,11
DA:127,3
DA:131,3
DA:132,2
DA:136,1
DA:137,1
DA:138,0
DA:142,1
DA:143,1
DA:145,2
DA:146,2
DA:152,2
DA:158,9
DA:159,4
DA:163,9
DA:165,8
DA:166,3
DA:169,5
DA:188,5
DA:190,5
DA:191,1
DA:196,4
DA:219,4
DA:247,7
DA:249,7
DA:250,1
DA:255,6
DA:256,1
DA:260,5
DA:261,1
DA:262,1
DA:267,4
DA:269,4
DA:270,3
DA:273,1
DA:297,4
DA:299,4
DA:300,1
DA:304,3
DA:305,1
DA:310,2
DA:311,1
DA:316,1
DA:347,8
DA:349,8
DA:350,1
DA:353,7
DA:354,1
DA:358,7
DA:359,6
DA:361,6
DA:362,1
DA:366,4
DA:367,6
DA:369,4
DA:370,1
DA:374,3
DA:377,3
DA:379,3
DA:380,0
DA:383,3
DA:405,4
DA:407,4
DA:408,1
DA:411,3
DA:412,1
DA:416,2
DA:434,2
DA:436,2
DA:437,1
DA:440,1
DA:454,5
DA:455,2
DA:458,3
DA:523,3
DA:524,3
DA:525,1
DA:529,2
DA:538,2
DA:539,2
DA:546,1
DA:553,2
DA:554,2
DA:555,0
DA:558,2
DA:595,7
DA:596,7
DA:597,1
DA:601,6
DA:602,1
DA:606,5
DA:610,5
DA:611,1
DA:615,4
DA:619,4
DA:620,1
DA:624,3
DA:629,3
DA:630,1
DA:633,2
DA:639,3
DA:647,2
DA:653,2
DA:654,2
DA:655,0
DA:658,2
DA:683,5
DA:684,5
DA:685,1
DA:688,4
DA:689,1
DA:693,3
DA:697,3
DA:698,2
DA:702,1
DA:707,1
DA:711,1
DA:770,3
DA:773,3
DA:776,2
DA:778,2
DA:779,1
DA:783,1
DA:784,1
DA:787,1
DA:801,2
DA:806,8
DA:818,2
DA:821,2
DA:822,0
DA:823,1
DA:832,0
DA:839,1
DA:865,4
DA:866,4
DA:867,1
DA:870,3
DA:871,1
DA:875,2
DA:895,3
DA:896,3
DA:897,1
DA:900,2
DA:920,4
DA:921,4
DA:922,1
DA:925,3
DA:926,1
DA:930,2
DA:931,1
DA:934,2
DA:939,2
DA:963,2
DA:965,2
DA:966,1
DA:970,1
DA:972,1
DA:976,1
DA:985,1
DA:1016,6
DA:1017,6
DA:1018,0
DA:1021,6
DA:1022,1
DA:1026,5
DA:1027,6
DA:1030,5
DA:1031,1
DA:1035,4
DA:1036,4
DA:1037,1
DA:1042,3
DA:1043,1
DA:1044,1
DA:1051,2
DA:1056,2
DA:1057,1
DA:1060,1
DA:1066,1
DA:1071,2
DA:1072,2
DA:1073,1
DA:1076,1
DA:1080,3
DA:1081,3
DA:1082,1
DA:1086,2
DA:1087,1
DA:1088,1
DA:1089,1
DA:1093,1
DA:1098,2
DA:1099,2
DA:1100,1
DA:1105,1
DA:1120,2
DA:1121,2
DA:1122,1
DA:1126,1
DA:1148,4
DA:1160,2
DA:1161,5
DA:1165,20
LF:223
LH:216
BRDA:81,0,0,2
BRDA:81,1,0,17
BRDA:81,1,1,16
BRDA:85,2,0,2
BRDA:85,3,0,15
BRDA:85,3,1,14
BRDA:107,4,0,5
BRDA:107,5,0,13
BRDA:107,5,1,5
BRDA:111,6,0,1
BRDA:125,7,0,3
BRDA:125,8,0,11
BRDA:125,8,1,3
BRDA:131,9,0,2
BRDA:137,10,0,0
BRDA:145,11,0,2
BRDA:158,12,0,4
BRDA:165,13,0,3
BRDA:190,14,0,1
BRDA:249,15,0,1
BRDA:255,16,0,1
BRDA:260,17,0,1
BRDA:261,18,0,1
BRDA:261,19,0,1
BRDA:261,19,1,1
BRDA:269,20,0,3
BRDA:299,21,0,1
BRDA:304,22,0,1
BRDA:310,23,0,1
BRDA:310,24,0,2
BRDA:310,24,1,2
BRDA:349,25,0,1
BRDA:353,26,0,1
BRDA:361,27,0,1
BRDA:366,28,0,4
BRDA:366,28,1,0
BRDA:369,29,0,1
BRDA:379,30,0,0
BRDA:407,31,0,1
BRDA:411,32,0,1
BRDA:436,33,0,1
BRDA:454,34,0,2
BRDA:454,35,0,5
BRDA:454,35,1,4
BRDA:524,36,0,1
BRDA:538,37,0,1
BRDA:538,38,0,2
BRDA:538,38,1,1
BRDA:554,39,0,0
BRDA:596,40,0,1
BRDA:601,41,0,1
BRDA:610,42,0,1
BRDA:619,43,0,1
BRDA:629,44,0,1
BRDA:634,45,0,2
BRDA:634,45,1,0
BRDA:654,46,0,0
BRDA:684,47,0,1
BRDA:688,48,0,1
BRDA:697,49,0,2
BRDA:778,50,0,1
BRDA:789,51,0,1
BRDA:789,51,1,0
BRDA:793,52,0,1
BRDA:793,52,1,0
BRDA:795,53,0,1
BRDA:795,53,1,0
BRDA:803,54,0,2
BRDA:803,54,1,0
BRDA:808,55,0,8
BRDA:808,55,1,0
BRDA:809,56,0,8
BRDA:809,56,1,0
BRDA:825,57,0,1
BRDA:825,57,1,0
BRDA:828,58,0,1
BRDA:828,58,1,0
BRDA:830,59,0,0
BRDA:830,59,1,0
BRDA:834,60,0,0
BRDA:834,60,1,0
BRDA:835,61,0,0
BRDA:835,61,1,0
BRDA:866,62,0,1
BRDA:870,63,0,1
BRDA:896,64,0,1
BRDA:921,65,0,1
BRDA:925,66,0,1
BRDA:930,67,0,2
BRDA:930,67,1,0
BRDA:965,68,0,1
BRDA:971,69,0,1
BRDA:971,69,1,0
BRDA:978,70,0,1
BRDA:978,70,1,0
BRDA:978,71,0,0
BRDA:978,71,1,0
BRDA:980,72,0,1
BRDA:980,72,1,0
BRDA:1017,73,0,0
BRDA:1021,74,0,1
BRDA:1030,75,0,1
BRDA:1036,76,0,1
BRDA:1042,77,0,1
BRDA:1042,78,0,3
BRDA:1042,78,1,1
BRDA:1043,79,0,1
BRDA:1056,80,0,1
BRDA:1072,81,0,1
BRDA:1081,82,0,1
BRDA:1086,83,0,1
BRDA:1086,84,0,2
BRDA:1086,84,1,1
BRDA:1088,85,0,1
BRDA:1099,86,0,1
BRDA:1121,87,0,1
BRDA:1152,88,0,4
BRDA:1152,88,1,0
BRDA:1156,89,0,3
BRDA:1156,89,1,0
BRDA:1158,90,0,3
BRDA:1158,90,1,0
BRDA:1164,91,0,5
BRDA:1164,91,1,0
BRDA:1167,92,0,20
BRDA:1167,92,1,0
BRDA:1168,93,0,20
BRDA:1168,93,1,0
BRDA:1173,94,0,4
BRDA:1173,94,1,0
BRDA:1175,95,0,4
BRDA:1175,95,1,0
BRDA:1178,96,0,4
BRDA:1178,96,1,0
BRF:134
BRH:98
end_of_record
TN:
SF:src\application\services\media-group.service.ts
FN:25,(anonymous_0)
FN:40,(anonymous_1)
FN:55,(anonymous_2)
FN:115,(anonymous_3)
FN:127,(anonymous_4)
FN:151,(anonymous_5)
FN:155,(anonymous_6)
FN:185,(anonymous_7)
FN:210,(anonymous_8)
FN:232,(anonymous_9)
FN:287,(anonymous_10)
FN:317,(anonymous_11)
FN:339,(anonymous_12)
FN:340,(anonymous_13)
FN:367,(anonymous_14)
FN:410,(anonymous_15)
FN:464,(anonymous_16)
FN:490,(anonymous_17)
FN:497,(anonymous_18)
FN:504,(anonymous_19)
FN:512,(anonymous_20)
FN:529,(anonymous_21)
FN:536,(anonymous_22)
FNF:23
FNH:0
FNDA:0,(anonymous_0)
FNDA:0,(anonymous_1)
FNDA:0,(anonymous_2)
FNDA:0,(anonymous_3)
FNDA:0,(anonymous_4)
FNDA:0,(anonymous_5)
FNDA:0,(anonymous_6)
FNDA:0,(anonymous_7)
FNDA:0,(anonymous_8)
FNDA:0,(anonymous_9)
FNDA:0,(anonymous_10)
FNDA:0,(anonymous_11)
FNDA:0,(anonymous_12)
FNDA:0,(anonymous_13)
FNDA:0,(anonymous_14)
FNDA:0,(anonymous_15)
FNDA:0,(anonymous_16)
FNDA:0,(anonymous_17)
FNDA:0,(anonymous_18)
FNDA:0,(anonymous_19)
FNDA:0,(anonymous_20)
FNDA:0,(anonymous_21)
FNDA:0,(anonymous_22)
DA:1,0
DA:2,0
DA:21,0
DA:26,0
DA:27,0
DA:47,0
DA:54,0
DA:57,0
DA:61,0
DA:65,0
DA:68,0
DA:89,0
DA:90,0
DA:92,0
DA:116,0
DA:121,0
DA:122,0
DA:126,0
DA:127,0
DA:130,0
DA:133,0
DA:151,0
DA:155,0
DA:190,0
DA:193,0
DA:208,0
DA:210,0
DA:219,0
DA:236,0
DA:238,0
DA:239,0
DA:243,0
DA:245,0
DA:246,0
DA:248,0
DA:249,0
DA:251,0
DA:252,0
DA:254,0
DA:255,0
DA:259,0
DA:260,0
DA:261,0
DA:263,0
DA:264,0
DA:266,0
DA:267,0
DA:272,0
DA:275,0
DA:288,0
DA:290,0
DA:291,0
DA:295,0
DA:298,0
DA:299,0
DA:305,0
DA:308,0
DA:324,0
DA:329,0
DA:330,0
DA:333,0
DA:338,0
DA:339,0
DA:340,0
DA:341,0
DA:344,0
DA:345,0
DA:346,0
DA:350,0
DA:372,0
DA:377,0
DA:378,0
DA:382,0
DA:387,0
DA:388,0
DA:392,0
DA:399,0
DA:423,0
DA:425,0
DA:426,0
DA:430,0
DA:431,0
DA:436,0
DA:441,0
DA:442,0
DA:448,0
DA:454,0
DA:468,0
DA:470,0
DA:471,0
DA:475,0
DA:476,0
DA:477,0
DA:482,0
DA:492,0
DA:493,0
DA:497,0
DA:498,0
DA:499,0
DA:500,0
DA:504,0
DA:505,0
DA:506,0
DA:512,0
DA:513,0
DA:514,0
DA:521,0
DA:522,0
DA:530,0
DA:537,0
DA:539,0
DA:540,0
DA:542,0
DA:543,0
DA:546,0
LF:115
LH:0
BRDA:57,0,0,0
BRDA:57,0,1,0
BRDA:61,1,0,0
BRDA:61,1,1,0
BRDA:70,2,0,0
BRDA:70,2,1,0
BRDA:75,3,0,0
BRDA:75,3,1,0
BRDA:76,4,0,0
BRDA:76,4,1,0
BRDA:82,5,0,0
BRDA:82,5,1,0
BRDA:83,6,0,0
BRDA:83,6,1,0
BRDA:89,7,0,0
BRDA:89,7,1,0
BRDA:90,8,0,0
BRDA:90,8,1,0
BRDA:121,9,0,0
BRDA:126,10,0,0
BRDA:126,10,1,0
BRDA:135,11,0,0
BRDA:135,11,1,0
BRDA:147,12,0,0
BRDA:147,12,1,0
BRDA:148,13,0,0
BRDA:148,13,1,0
BRDA:153,14,0,0
BRDA:153,14,1,0
BRDA:155,15,0,0
BRDA:155,15,1,0
BRDA:157,16,0,0
BRDA:157,16,1,0
BRDA:158,17,0,0
BRDA:158,17,1,0
BRDA:165,18,0,0
BRDA:165,18,1,0
BRDA:166,19,0,0
BRDA:166,19,1,0
BRDA:202,20,0,0
BRDA:202,20,1,0
BRDA:203,21,0,0
BRDA:203,21,1,0
BRDA:204,22,0,0
BRDA:204,22,1,0
BRDA:238,23,0,0
BRDA:245,24,0,0
BRDA:248,25,0,0
BRDA:251,26,0,0
BRDA:254,27,0,0
BRDA:259,28,0,0
BRDA:260,29,0,0
BRDA:263,30,0,0
BRDA:266,31,0,0
BRDA:290,32,0,0
BRDA:298,33,0,0
BRDA:298,34,0,0
BRDA:298,34,1,0
BRDA:329,35,0,0
BRDA:338,36,0,0
BRDA:338,37,0,0
BRDA:338,37,1,0
BRDA:340,38,0,0
BRDA:340,38,1,0
BRDA:344,39,0,0
BRDA:344,39,1,0
BRDA:345,40,0,0
BRDA:352,41,0,0
BRDA:352,41,1,0
BRDA:353,42,0,0
BRDA:353,42,1,0
BRDA:354,43,0,0
BRDA:354,43,1,0
BRDA:377,44,0,0
BRDA:387,45,0,0
BRDA:425,46,0,0
BRDA:430,47,0,0
BRDA:441,48,0,0
BRDA:470,49,0,0
BRDA:470,50,0,0
BRDA:470,50,1,0
BRDA:476,51,0,0
BRDA:476,52,0,0
BRDA:476,52,1,0
BRDA:492,53,0,0
BRDA:492,54,0,0
BRDA:492,54,1,0
BRDA:499,55,0,0
BRDA:505,56,0,0
BRDA:505,57,0,0
BRDA:505,57,1,0
BRDA:513,58,0,0
BRDA:521,59,0,0
BRDA:521,60,0,0
BRDA:521,60,1,0
BRDA:530,61,0,0
BRDA:530,61,1,0
BRDA:530,62,0,0
BRDA:530,62,1,0
BRDA:537,63,0,0
BRDA:539,64,0,0
BRDA:539,64,1,0
BRDA:542,65,0,0
BRF:103
BRH:0
end_of_record
TN:
SF:src\application\services\question.service.ts
FN:30,(anonymous_0)
FN:58,(anonymous_1)
FN:82,(anonymous_2)
FN:106,(anonymous_3)
FN:137,(anonymous_4)
FN:151,(anonymous_5)
FN:195,(anonymous_6)
FN:238,(anonymous_7)
FN:273,(anonymous_8)
FN:308,(anonymous_9)
FN:333,(anonymous_10)
FN:357,(anonymous_11)
FN:411,(anonymous_12)
FN:417,(anonymous_13)
FN:423,(anonymous_14)
FN:430,(anonymous_15)
FN:450,(anonymous_16)
FN:481,(anonymous_17)
FN:499,(anonymous_18)
FN:514,(anonymous_19)
FNF:20
FNH:0
FNDA:0,(anonymous_0)
FNDA:0,(anonymous_1)
FNDA:0,(anonymous_2)
FNDA:0,(anonymous_3)
FNDA:0,(anonymous_4)
FNDA:0,(anonymous_5)
FNDA:0,(anonymous_6)
FNDA:0,(anonymous_7)
FNDA:0,(anonymous_8)
FNDA:0,(anonymous_9)
FNDA:0,(anonymous_10)
FNDA:0,(anonymous_11)
FNDA:0,(anonymous_12)
FNDA:0,(anonymous_13)
FNDA:0,(anonymous_14)
FNDA:0,(anonymous_15)
FNDA:0,(anonymous_16)
FNDA:0,(anonymous_17)
FNDA:0,(anonymous_18)
FNDA:0,(anonymous_19)
DA:1,0
DA:27,0
DA:31,0
DA:63,0
DA:66,0
DA:69,0
DA:82,0
DA:89,0
DA:107,0
DA:109,0
DA:110,0
DA:113,0
DA:140,0
DA:150,0
DA:152,0
DA:154,0
DA:158,0
DA:159,0
DA:160,0
DA:162,0
DA:200,0
DA:202,0
DA:203,0
DA:207,0
DA:208,0
DA:209,0
DA:216,0
DA:217,0
DA:221,0
DA:222,0
DA:225,0
DA:238,0
DA:245,0
DA:246,0
DA:249,0
DA:274,0
DA:276,0
DA:277,0
DA:281,0
DA:283,0
DA:284,0
DA:290,0
DA:309,0
DA:311,0
DA:312,0
DA:315,0
DA:337,0
DA:338,0
DA:341,0
DA:361,0
DA:367,0
DA:369,0
DA:370,0
DA:373,0
DA:375,0
DA:376,0
DA:378,0
DA:383,0
DA:384,0
DA:385,0
DA:388,0
DA:389,0
DA:392,0
DA:412,0
DA:413,0
DA:417,0
DA:418,0
DA:419,0
DA:423,0
DA:424,0
DA:425,0
DA:426,0
DA:430,0
DA:431,0
DA:432,0
DA:452,0
DA:453,0
DA:457,0
DA:458,0
DA:462,0
DA:463,0
DA:466,0
DA:467,0
DA:483,0
DA:503,0
DA:514,0
LF:86
LH:0
BRDA:109,0,0,0
BRDA:154,1,0,0
BRDA:154,1,1,0
BRDA:158,2,0,0
BRDA:158,2,1,0
BRDA:159,3,0,0
BRDA:159,3,1,0
BRDA:202,4,0,0
BRDA:208,5,0,0
BRDA:208,6,0,0
BRDA:208,6,1,0
BRDA:216,7,0,0
BRDA:221,8,0,0
BRDA:227,9,0,0
BRDA:227,9,1,0
BRDA:228,10,0,0
BRDA:228,10,1,0
BRDA:245,11,0,0
BRDA:276,12,0,0
BRDA:283,13,0,0
BRDA:283,14,0,0
BRDA:283,14,1,0
BRDA:311,15,0,0
BRDA:337,16,0,0
BRDA:337,17,0,0
BRDA:337,17,1,0
BRDA:367,18,0,0
BRDA:367,18,1,0
BRDA:367,18,2,0
BRDA:412,19,0,0
BRDA:418,20,0,0
BRDA:425,21,0,0
BRDA:430,22,0,0
BRDA:430,22,1,0
BRDA:431,23,0,0
BRDA:452,24,0,0
BRDA:452,25,0,0
BRDA:452,25,1,0
BRDA:457,26,0,0
BRDA:457,27,0,0
BRDA:457,27,1,0
BRDA:462,28,0,0
BRDA:462,29,0,0
BRDA:462,29,1,0
BRDA:466,30,0,0
BRDA:466,31,0,0
BRDA:466,31,1,0
BRDA:483,32,0,0
BRDA:483,32,1,0
BRDA:483,32,2,0
BRDA:505,33,0,0
BRDA:505,33,1,0
BRDA:507,34,0,0
BRDA:507,34,1,0
BRDA:509,35,0,0
BRDA:509,35,1,0
BRDA:516,36,0,0
BRDA:516,36,1,0
BRDA:517,37,0,0
BRDA:517,37,1,0
BRDA:521,38,0,0
BRDA:521,38,1,0
BRF:62
BRH:0
end_of_record
