TN:
SF:src\application\services\attempt.service.ts
FN:37,(anonymous_0)
FN:67,(anonymous_1)
FN:85,(anonymous_2)
FN:132,(anonymous_3)
FN:199,(anonymous_4)
FN:243,(anonymous_5)
FN:268,(anonymous_6)
FN:294,(anonymous_7)
FN:315,(anonymous_8)
FN:346,(anonymous_9)
FN:372,(anonymous_10)
FN:381,(anonymous_11)
FN:385,(anonymous_12)
FN:388,(anonymous_13)
FN:391,(anonymous_14)
FN:392,(anonymous_15)
FN:398,(anonymous_16)
FN:400,(anonymous_17)
FN:472,(anonymous_18)
FN:476,(anonymous_19)
FN:492,(anonymous_20)
FNF:21
FNH:0
FNDA:0,(anonymous_0)
FNDA:0,(anonymous_1)
FNDA:0,(anonymous_2)
FNDA:0,(anonymous_3)
FNDA:0,(anonymous_4)
FNDA:0,(anonymous_5)
FNDA:0,(anonymous_6)
FNDA:0,(anonymous_7)
FNDA:0,(anonymous_8)
FNDA:0,(anonymous_9)
FNDA:0,(anonymous_10)
FNDA:0,(anonymous_11)
FNDA:0,(anonymous_12)
FNDA:0,(anonymous_13)
FNDA:0,(anonymous_14)
FNDA:0,(anonymous_15)
FNDA:0,(anonymous_16)
FNDA:0,(anonymous_17)
FNDA:0,(anonymous_18)
FNDA:0,(anonymous_19)
FNDA:0,(anonymous_20)
DA:1,0
DA:2,0
DA:33,0
DA:38,0
DA:39,0
DA:72,0
DA:74,0
DA:75,0
DA:79,0
DA:80,0
DA:81,0
DA:85,0
DA:86,0
DA:87,0
DA:93,0
DA:104,0
DA:137,0
DA:139,0
DA:140,0
DA:144,0
DA:145,0
DA:149,0
DA:150,0
DA:154,0
DA:155,0
DA:157,0
DA:159,0
DA:171,0
DA:176,0
DA:177,0
DA:181,0
DA:203,0
DA:205,0
DA:206,0
DA:210,0
DA:211,0
DA:215,0
DA:216,0
DA:219,0
DA:224,0
DA:252,0
DA:272,0
DA:295,0
DA:319,0
DA:321,0
DA:322,0
DA:326,0
DA:327,0
DA:330,0
DA:347,0
DA:348,0
DA:349,0
DA:377,0
DA:380,0
DA:381,0
DA:384,0
DA:385,0
DA:387,0
DA:388,0
DA:391,0
DA:392,0
DA:395,0
DA:398,0
DA:400,0
DA:402,0
DA:431,0
DA:474,0
DA:476,0
DA:477,0
DA:479,0
DA:480,0
DA:483,0
DA:484,0
DA:485,0
DA:490,0
DA:492,0
DA:493,0
DA:495,0
DA:496,0
DA:502,0
LF:80
LH:0
BRDA:74,0,0,0
BRDA:79,1,0,0
BRDA:80,2,0,0
BRDA:80,3,0,0
BRDA:80,3,1,0
BRDA:85,4,0,0
BRDA:85,4,1,0
BRDA:86,5,0,0
BRDA:139,6,0,0
BRDA:144,7,0,0
BRDA:149,8,0,0
BRDA:157,9,0,0
BRDA:176,10,0,0
BRDA:205,11,0,0
BRDA:210,12,0,0
BRDA:215,13,0,0
BRDA:321,14,0,0
BRDA:326,15,0,0
BRDA:347,16,0,0
BRDA:347,16,1,0
BRDA:377,17,0,0
BRDA:377,17,1,0
BRDA:377,18,0,0
BRDA:377,18,1,0
BRDA:380,19,0,0
BRDA:380,19,1,0
BRDA:381,20,0,0
BRDA:381,20,1,0
BRDA:384,21,0,0
BRDA:384,21,1,0
BRDA:387,22,0,0
BRDA:387,22,1,0
BRDA:395,23,0,0
BRDA:395,23,1,0
BRDA:398,24,0,0
BRDA:398,24,1,0
BRDA:404,25,0,0
BRDA:404,25,1,0
BRDA:406,26,0,0
BRDA:406,26,1,0
BRDA:410,27,0,0
BRDA:410,27,1,0
BRDA:411,28,0,0
BRDA:411,28,1,0
BRDA:415,29,0,0
BRDA:415,29,1,0
BRDA:416,30,0,0
BRDA:416,30,1,0
BRDA:417,31,0,0
BRDA:417,31,1,0
BRDA:438,32,0,0
BRDA:438,32,1,0
BRDA:439,33,0,0
BRDA:439,33,1,0
BRDA:440,34,0,0
BRDA:440,34,1,0
BRDA:477,35,0,0
BRDA:477,35,1,0
BRDA:479,36,0,0
BRDA:484,37,0,0
BRDA:495,38,0,0
BRF:61
BRH:0
end_of_record
TN:
SF:src\application\services\comment.service.ts
FN:36,(anonymous_0)
FN:66,(anonymous_1)
FN:125,(anonymous_2)
FN:141,(anonymous_3)
FN:181,(anonymous_4)
FN:211,(anonymous_5)
FN:268,(anonymous_6)
FN:317,(anonymous_7)
FN:352,(anonymous_8)
FN:371,(anonymous_9)
FN:387,(anonymous_10)
FN:409,(anonymous_11)
FN:430,(anonymous_12)
FN:536,(anonymous_13)
FN:598,(anonymous_14)
FNF:15
FNH:0
FNDA:0,(anonymous_0)
FNDA:0,(anonymous_1)
FNDA:0,(anonymous_2)
FNDA:0,(anonymous_3)
FNDA:0,(anonymous_4)
FNDA:0,(anonymous_5)
FNDA:0,(anonymous_6)
FNDA:0,(anonymous_7)
FNDA:0,(anonymous_8)
FNDA:0,(anonymous_9)
FNDA:0,(anonymous_10)
FNDA:0,(anonymous_11)
FNDA:0,(anonymous_12)
FNDA:0,(anonymous_13)
FNDA:0,(anonymous_14)
DA:1,0
DA:33,0
DA:37,0
DA:71,0
DA:72,0
DA:75,0
DA:76,0
DA:80,0
DA:81,0
DA:83,0
DA:84,0
DA:88,0
DA:89,0
DA:94,0
DA:102,0
DA:129,0
DA:140,0
DA:142,0
DA:143,0
DA:147,0
DA:148,0
DA:149,0
DA:151,0
DA:182,0
DA:184,0
DA:185,0
DA:188,0
DA:216,0
DA:218,0
DA:219,0
DA:223,0
DA:224,0
DA:228,0
DA:229,0
DA:232,0
DA:233,0
DA:236,0
DA:240,0
DA:241,0
DA:244,0
DA:273,0
DA:275,0
DA:276,0
DA:280,0
DA:281,0
DA:285,0
DA:287,0
DA:288,0
DA:293,0
DA:321,0
DA:323,0
DA:324,0
DA:327,0
DA:332,0
DA:333,0
DA:336,0
DA:356,0
DA:372,0
DA:388,0
DA:389,0
DA:392,0
DA:410,0
DA:434,0
DA:561,0
DA:564,0
DA:565,0
DA:569,0
DA:570,0
DA:574,0
DA:575,0
DA:579,0
DA:580,0
DA:581,0
DA:586,0
DA:597,0
DA:599,0
DA:600,0
DA:605,0
DA:606,0
DA:609,0
DA:613,0
LF:81
LH:0
BRDA:71,0,0,0
BRDA:71,1,0,0
BRDA:71,1,1,0
BRDA:75,2,0,0
BRDA:80,3,0,0
BRDA:80,4,0,0
BRDA:80,4,1,0
BRDA:83,5,0,0
BRDA:88,6,0,0
BRDA:97,7,0,0
BRDA:97,7,1,0
BRDA:147,8,0,0
BRDA:147,8,1,0
BRDA:148,9,0,0
BRDA:148,9,1,0
BRDA:184,10,0,0
BRDA:218,11,0,0
BRDA:223,12,0,0
BRDA:228,13,0,0
BRDA:228,14,0,0
BRDA:228,14,1,0
BRDA:232,15,0,0
BRDA:240,16,0,0
BRDA:271,17,0,0
BRDA:275,18,0,0
BRDA:280,19,0,0
BRDA:280,20,0,0
BRDA:280,20,1,0
BRDA:287,21,0,0
BRDA:323,22,0,0
BRDA:332,23,0,0
BRDA:388,24,0,0
BRDA:388,25,0,0
BRDA:388,25,1,0
BRDA:555,26,0,0
BRDA:556,27,0,0
BRDA:559,28,0,0
BRDA:560,29,0,0
BRDA:564,30,0,0
BRDA:569,31,0,0
BRDA:569,32,0,0
BRDA:569,32,1,0
BRDA:574,33,0,0
BRDA:580,34,0,0
BRDA:590,35,0,0
BRDA:590,35,1,0
BRF:46
BRH:0
end_of_record
TN:
SF:src\application\services\exam.service.ts
FN:49,(anonymous_0)
FN:79,(anonymous_1)
FN:108,(anonymous_2)
FN:116,(anonymous_3)
FN:138,(anonymous_4)
FN:142,(anonymous_5)
FN:144,(anonymous_6)
FN:185,(anonymous_7)
FN:213,(anonymous_8)
FN:239,(anonymous_9)
FN:293,(anonymous_10)
FN:339,(anonymous_11)
FN:356,(anonymous_12)
FN:364,(anonymous_13)
FN:365,(anonymous_14)
FN:397,(anonymous_15)
FN:431,(anonymous_16)
FN:451,(anonymous_17)
FN:519,(anonymous_18)
FN:537,(anonymous_19)
FN:581,(anonymous_20)
FN:637,(anonymous_21)
FN:675,(anonymous_22)
FN:725,(anonymous_23)
FN:772,(anonymous_24)
FN:782,(anonymous_25)
FN:799,(anonymous_26)
FN:804,(anonymous_27)
FN:816,(anonymous_28)
FN:820,(anonymous_29)
FN:821,(anonymous_30)
FN:830,(anonymous_31)
FN:856,(anonymous_32)
FN:889,(anonymous_33)
FN:913,(anonymous_34)
FN:929,(anonymous_35)
FN:932,(anonymous_36)
FN:949,(anonymous_37)
FN:969,(anonymous_38)
FN:1007,(anonymous_39)
FN:1025,(anonymous_40)
FN:1063,(anonymous_41)
FN:1067,(anonymous_42)
FN:1077,(anonymous_43)
FN:1094,(anonymous_44)
FN:1116,(anonymous_45)
FN:1145,(anonymous_46)
FN:1158,(anonymous_47)
FN:1159,(anonymous_48)
FN:1163,(anonymous_49)
FNF:50
FNH:37
FNDA:69,(anonymous_0)
FNDA:12,(anonymous_1)
FNDA:4,(anonymous_2)
FNDA:2,(anonymous_3)
FNDA:0,(anonymous_4)
FNDA:2,(anonymous_5)
FNDA:1,(anonymous_6)
FNDA:3,(anonymous_7)
FNDA:3,(anonymous_8)
FNDA:5,(anonymous_9)
FNDA:4,(anonymous_10)
FNDA:5,(anonymous_11)
FNDA:3,(anonymous_12)
FNDA:4,(anonymous_13)
FNDA:2,(anonymous_14)
FNDA:3,(anonymous_15)
FNDA:2,(anonymous_16)
FNDA:3,(anonymous_17)
FNDA:2,(anonymous_18)
FNDA:2,(anonymous_19)
FNDA:6,(anonymous_20)
FNDA:2,(anonymous_21)
FNDA:2,(anonymous_22)
FNDA:0,(anonymous_23)
FNDA:0,(anonymous_24)
FNDA:0,(anonymous_25)
FNDA:0,(anonymous_26)
FNDA:0,(anonymous_27)
FNDA:0,(anonymous_28)
FNDA:0,(anonymous_29)
FNDA:0,(anonymous_30)
FNDA:0,(anonymous_31)
FNDA:0,(anonymous_32)
FNDA:3,(anonymous_33)
FNDA:2,(anonymous_34)
FNDA:1,(anonymous_35)
FNDA:2,(anonymous_36)
FNDA:0,(anonymous_37)
FNDA:0,(anonymous_38)
FNDA:4,(anonymous_39)
FNDA:5,(anonymous_40)
FNDA:1,(anonymous_41)
FNDA:2,(anonymous_42)
FNDA:3,(anonymous_43)
FNDA:2,(anonymous_44)
FNDA:2,(anonymous_45)
FNDA:2,(anonymous_46)
FNDA:2,(anonymous_47)
FNDA:4,(anonymous_48)
FNDA:16,(anonymous_49)
DA:1,1
DA:2,1
DA:3,1
DA:34,1
DA:50,69
DA:51,69
DA:52,69
DA:81,12
DA:82,2
DA:85,10
DA:86,2
DA:90,8
DA:104,8
DA:107,8
DA:108,4
DA:109,2
DA:111,2
DA:112,1
DA:116,1
DA:117,2
DA:125,7
DA:127,2
DA:131,2
DA:132,1
DA:136,1
DA:137,1
DA:138,0
DA:142,1
DA:144,2
DA:145,2
DA:156,6
DA:157,2
DA:161,6
DA:163,6
DA:164,1
DA:167,5
DA:186,3
DA:188,3
DA:189,1
DA:194,2
DA:217,3
DA:245,5
DA:247,5
DA:248,1
DA:253,4
DA:254,1
DA:258,3
DA:259,1
DA:260,1
DA:265,2
DA:267,2
DA:268,1
DA:271,1
DA:295,4
DA:297,4
DA:298,1
DA:302,3
DA:303,1
DA:308,2
DA:309,1
DA:314,1
DA:345,5
DA:347,5
DA:348,1
DA:351,4
DA:352,1
DA:356,3
DA:357,3
DA:359,3
DA:360,1
DA:364,4
DA:365,2
DA:367,2
DA:368,1
DA:372,1
DA:375,1
DA:377,1
DA:378,0
DA:381,1
DA:403,3
DA:405,3
DA:406,1
DA:409,2
DA:410,1
DA:414,1
DA:432,2
DA:434,2
DA:435,1
DA:438,1
DA:452,3
DA:453,2
DA:456,1
DA:521,2
DA:522,2
DA:523,1
DA:527,1
DA:536,1
DA:537,2
DA:544,1
DA:551,1
DA:552,1
DA:553,0
DA:556,1
DA:593,6
DA:594,6
DA:595,1
DA:599,5
DA:600,1
DA:604,4
DA:608,4
DA:609,1
DA:613,3
DA:617,3
DA:618,1
DA:622,2
DA:627,2
DA:628,1
DA:631,1
DA:637,2
DA:645,1
DA:651,1
DA:652,1
DA:653,0
DA:656,1
DA:681,2
DA:682,2
DA:683,0
DA:686,2
DA:687,0
DA:691,2
DA:695,2
DA:696,1
DA:700,1
DA:705,1
DA:709,1
DA:768,0
DA:771,0
DA:774,0
DA:776,0
DA:777,0
DA:781,0
DA:782,0
DA:785,0
DA:799,0
DA:804,0
DA:816,0
DA:819,0
DA:820,0
DA:821,0
DA:830,0
DA:837,0
DA:863,0
DA:864,0
DA:865,0
DA:868,0
DA:869,0
DA:873,0
DA:893,3
DA:894,3
DA:895,1
DA:898,2
DA:918,2
DA:919,2
DA:920,0
DA:923,2
DA:924,1
DA:928,1
DA:929,1
DA:932,2
DA:937,1
DA:961,0
DA:963,0
DA:964,0
DA:968,0
DA:970,0
DA:974,0
DA:983,0
DA:1014,4
DA:1015,4
DA:1016,0
DA:1019,4
DA:1020,0
DA:1024,4
DA:1025,5
DA:1028,4
DA:1029,1
DA:1033,3
DA:1034,3
DA:1035,1
DA:1040,2
DA:1041,1
DA:1042,1
DA:1049,1
DA:1054,1
DA:1055,0
DA:1058,1
DA:1064,1
DA:1069,2
DA:1070,2
DA:1071,1
DA:1074,1
DA:1078,3
DA:1079,3
DA:1080,1
DA:1084,2
DA:1085,1
DA:1086,1
DA:1087,1
DA:1091,1
DA:1096,2
DA:1097,2
DA:1098,1
DA:1103,1
DA:1118,2
DA:1119,2
DA:1120,1
DA:1124,1
DA:1146,2
DA:1158,2
DA:1159,4
DA:1163,16
LF:221
LH:182
BRDA:81,0,0,2
BRDA:81,1,0,12
BRDA:81,1,1,11
BRDA:85,2,0,2
BRDA:85,3,0,10
BRDA:85,3,1,9
BRDA:107,4,0,2
BRDA:107,5,0,8
BRDA:107,5,1,2
BRDA:111,6,0,1
BRDA:125,7,0,2
BRDA:125,8,0,7
BRDA:125,8,1,2
BRDA:131,9,0,1
BRDA:137,10,0,0
BRDA:144,11,0,2
BRDA:156,12,0,2
BRDA:163,13,0,1
BRDA:188,14,0,1
BRDA:247,15,0,1
BRDA:253,16,0,1
BRDA:258,17,0,1
BRDA:259,18,0,1
BRDA:259,19,0,1
BRDA:259,19,1,1
BRDA:267,20,0,1
BRDA:297,21,0,1
BRDA:302,22,0,1
BRDA:308,23,0,1
BRDA:308,24,0,2
BRDA:308,24,1,2
BRDA:347,25,0,1
BRDA:351,26,0,1
BRDA:359,27,0,1
BRDA:364,28,0,2
BRDA:364,28,1,0
BRDA:367,29,0,1
BRDA:377,30,0,0
BRDA:405,31,0,1
BRDA:409,32,0,1
BRDA:434,33,0,1
BRDA:452,34,0,2
BRDA:452,35,0,3
BRDA:452,35,1,2
BRDA:522,36,0,1
BRDA:536,37,0,1
BRDA:536,38,0,1
BRDA:536,38,1,1
BRDA:552,39,0,0
BRDA:594,40,0,1
BRDA:599,41,0,1
BRDA:608,42,0,1
BRDA:617,43,0,1
BRDA:627,44,0,1
BRDA:632,45,0,1
BRDA:632,45,1,0
BRDA:652,46,0,0
BRDA:682,47,0,0
BRDA:686,48,0,0
BRDA:695,49,0,1
BRDA:776,50,0,0
BRDA:787,51,0,0
BRDA:787,51,1,0
BRDA:791,52,0,0
BRDA:791,52,1,0
BRDA:793,53,0,0
BRDA:793,53,1,0
BRDA:801,54,0,0
BRDA:801,54,1,0
BRDA:806,55,0,0
BRDA:806,55,1,0
BRDA:807,56,0,0
BRDA:807,56,1,0
BRDA:823,57,0,0
BRDA:823,57,1,0
BRDA:826,58,0,0
BRDA:826,58,1,0
BRDA:828,59,0,0
BRDA:828,59,1,0
BRDA:832,60,0,0
BRDA:832,60,1,0
BRDA:833,61,0,0
BRDA:833,61,1,0
BRDA:864,62,0,0
BRDA:868,63,0,0
BRDA:894,64,0,1
BRDA:919,65,0,0
BRDA:923,66,0,1
BRDA:928,67,0,1
BRDA:928,67,1,0
BRDA:963,68,0,0
BRDA:969,69,0,0
BRDA:969,69,1,0
BRDA:976,70,0,0
BRDA:976,70,1,0
BRDA:976,71,0,0
BRDA:976,71,1,0
BRDA:978,72,0,0
BRDA:978,72,1,0
BRDA:1015,73,0,0
BRDA:1019,74,0,0
BRDA:1028,75,0,1
BRDA:1034,76,0,1
BRDA:1040,77,0,1
BRDA:1040,78,0,2
BRDA:1040,78,1,1
BRDA:1041,79,0,1
BRDA:1054,80,0,0
BRDA:1070,81,0,1
BRDA:1079,82,0,1
BRDA:1084,83,0,1
BRDA:1084,84,0,2
BRDA:1084,84,1,1
BRDA:1086,85,0,1
BRDA:1097,86,0,1
BRDA:1119,87,0,1
BRDA:1150,88,0,2
BRDA:1150,88,1,0
BRDA:1154,89,0,2
BRDA:1154,89,1,0
BRDA:1156,90,0,2
BRDA:1156,90,1,0
BRDA:1162,91,0,4
BRDA:1162,91,1,0
BRDA:1165,92,0,16
BRDA:1165,92,1,0
BRDA:1166,93,0,16
BRDA:1166,93,1,0
BRDA:1171,94,0,4
BRDA:1171,94,1,0
BRDA:1173,95,0,4
BRDA:1173,95,1,0
BRDA:1176,96,0,4
BRDA:1176,96,1,0
BRF:134
BRH:78
end_of_record
TN:
SF:src\application\services\media-group.service.ts
FN:25,(anonymous_0)
FN:40,(anonymous_1)
FN:55,(anonymous_2)
FN:115,(anonymous_3)
FN:127,(anonymous_4)
FN:151,(anonymous_5)
FN:155,(anonymous_6)
FN:185,(anonymous_7)
FN:210,(anonymous_8)
FN:232,(anonymous_9)
FN:287,(anonymous_10)
FN:317,(anonymous_11)
FN:339,(anonymous_12)
FN:340,(anonymous_13)
FN:367,(anonymous_14)
FN:410,(anonymous_15)
FN:464,(anonymous_16)
FN:490,(anonymous_17)
FN:497,(anonymous_18)
FN:504,(anonymous_19)
FN:512,(anonymous_20)
FN:529,(anonymous_21)
FN:536,(anonymous_22)
FNF:23
FNH:0
FNDA:0,(anonymous_0)
FNDA:0,(anonymous_1)
FNDA:0,(anonymous_2)
FNDA:0,(anonymous_3)
FNDA:0,(anonymous_4)
FNDA:0,(anonymous_5)
FNDA:0,(anonymous_6)
FNDA:0,(anonymous_7)
FNDA:0,(anonymous_8)
FNDA:0,(anonymous_9)
FNDA:0,(anonymous_10)
FNDA:0,(anonymous_11)
FNDA:0,(anonymous_12)
FNDA:0,(anonymous_13)
FNDA:0,(anonymous_14)
FNDA:0,(anonymous_15)
FNDA:0,(anonymous_16)
FNDA:0,(anonymous_17)
FNDA:0,(anonymous_18)
FNDA:0,(anonymous_19)
FNDA:0,(anonymous_20)
FNDA:0,(anonymous_21)
FNDA:0,(anonymous_22)
DA:1,0
DA:2,0
DA:21,0
DA:26,0
DA:27,0
DA:47,0
DA:54,0
DA:57,0
DA:61,0
DA:65,0
DA:68,0
DA:89,0
DA:90,0
DA:92,0
DA:116,0
DA:121,0
DA:122,0
DA:126,0
DA:127,0
DA:130,0
DA:133,0
DA:151,0
DA:155,0
DA:190,0
DA:193,0
DA:208,0
DA:210,0
DA:219,0
DA:236,0
DA:238,0
DA:239,0
DA:243,0
DA:245,0
DA:246,0
DA:248,0
DA:249,0
DA:251,0
DA:252,0
DA:254,0
DA:255,0
DA:259,0
DA:260,0
DA:261,0
DA:263,0
DA:264,0
DA:266,0
DA:267,0
DA:272,0
DA:275,0
DA:288,0
DA:290,0
DA:291,0
DA:295,0
DA:298,0
DA:299,0
DA:305,0
DA:308,0
DA:324,0
DA:329,0
DA:330,0
DA:333,0
DA:338,0
DA:339,0
DA:340,0
DA:341,0
DA:344,0
DA:345,0
DA:346,0
DA:350,0
DA:372,0
DA:377,0
DA:378,0
DA:382,0
DA:387,0
DA:388,0
DA:392,0
DA:399,0
DA:423,0
DA:425,0
DA:426,0
DA:430,0
DA:431,0
DA:436,0
DA:441,0
DA:442,0
DA:448,0
DA:454,0
DA:468,0
DA:470,0
DA:471,0
DA:475,0
DA:476,0
DA:477,0
DA:482,0
DA:492,0
DA:493,0
DA:497,0
DA:498,0
DA:499,0
DA:500,0
DA:504,0
DA:505,0
DA:506,0
DA:512,0
DA:513,0
DA:514,0
DA:521,0
DA:522,0
DA:530,0
DA:537,0
DA:539,0
DA:540,0
DA:542,0
DA:543,0
DA:546,0
LF:115
LH:0
BRDA:57,0,0,0
BRDA:57,0,1,0
BRDA:61,1,0,0
BRDA:61,1,1,0
BRDA:70,2,0,0
BRDA:70,2,1,0
BRDA:75,3,0,0
BRDA:75,3,1,0
BRDA:76,4,0,0
BRDA:76,4,1,0
BRDA:82,5,0,0
BRDA:82,5,1,0
BRDA:83,6,0,0
BRDA:83,6,1,0
BRDA:89,7,0,0
BRDA:89,7,1,0
BRDA:90,8,0,0
BRDA:90,8,1,0
BRDA:121,9,0,0
BRDA:126,10,0,0
BRDA:126,10,1,0
BRDA:135,11,0,0
BRDA:135,11,1,0
BRDA:147,12,0,0
BRDA:147,12,1,0
BRDA:148,13,0,0
BRDA:148,13,1,0
BRDA:153,14,0,0
BRDA:153,14,1,0
BRDA:155,15,0,0
BRDA:155,15,1,0
BRDA:157,16,0,0
BRDA:157,16,1,0
BRDA:158,17,0,0
BRDA:158,17,1,0
BRDA:165,18,0,0
BRDA:165,18,1,0
BRDA:166,19,0,0
BRDA:166,19,1,0
BRDA:202,20,0,0
BRDA:202,20,1,0
BRDA:203,21,0,0
BRDA:203,21,1,0
BRDA:204,22,0,0
BRDA:204,22,1,0
BRDA:238,23,0,0
BRDA:245,24,0,0
BRDA:248,25,0,0
BRDA:251,26,0,0
BRDA:254,27,0,0
BRDA:259,28,0,0
BRDA:260,29,0,0
BRDA:263,30,0,0
BRDA:266,31,0,0
BRDA:290,32,0,0
BRDA:298,33,0,0
BRDA:298,34,0,0
BRDA:298,34,1,0
BRDA:329,35,0,0
BRDA:338,36,0,0
BRDA:338,37,0,0
BRDA:338,37,1,0
BRDA:340,38,0,0
BRDA:340,38,1,0
BRDA:344,39,0,0
BRDA:344,39,1,0
BRDA:345,40,0,0
BRDA:352,41,0,0
BRDA:352,41,1,0
BRDA:353,42,0,0
BRDA:353,42,1,0
BRDA:354,43,0,0
BRDA:354,43,1,0
BRDA:377,44,0,0
BRDA:387,45,0,0
BRDA:425,46,0,0
BRDA:430,47,0,0
BRDA:441,48,0,0
BRDA:470,49,0,0
BRDA:470,50,0,0
BRDA:470,50,1,0
BRDA:476,51,0,0
BRDA:476,52,0,0
BRDA:476,52,1,0
BRDA:492,53,0,0
BRDA:492,54,0,0
BRDA:492,54,1,0
BRDA:499,55,0,0
BRDA:505,56,0,0
BRDA:505,57,0,0
BRDA:505,57,1,0
BRDA:513,58,0,0
BRDA:521,59,0,0
BRDA:521,60,0,0
BRDA:521,60,1,0
BRDA:530,61,0,0
BRDA:530,61,1,0
BRDA:530,62,0,0
BRDA:530,62,1,0
BRDA:537,63,0,0
BRDA:539,64,0,0
BRDA:539,64,1,0
BRDA:542,65,0,0
BRF:103
BRH:0
end_of_record
TN:
SF:src\application\services\question.service.ts
FN:30,(anonymous_0)
FN:58,(anonymous_1)
FN:82,(anonymous_2)
FN:106,(anonymous_3)
FN:137,(anonymous_4)
FN:151,(anonymous_5)
FN:195,(anonymous_6)
FN:238,(anonymous_7)
FN:273,(anonymous_8)
FN:308,(anonymous_9)
FN:333,(anonymous_10)
FN:357,(anonymous_11)
FN:411,(anonymous_12)
FN:417,(anonymous_13)
FN:423,(anonymous_14)
FN:430,(anonymous_15)
FN:450,(anonymous_16)
FN:481,(anonymous_17)
FN:499,(anonymous_18)
FN:514,(anonymous_19)
FNF:20
FNH:0
FNDA:0,(anonymous_0)
FNDA:0,(anonymous_1)
FNDA:0,(anonymous_2)
FNDA:0,(anonymous_3)
FNDA:0,(anonymous_4)
FNDA:0,(anonymous_5)
FNDA:0,(anonymous_6)
FNDA:0,(anonymous_7)
FNDA:0,(anonymous_8)
FNDA:0,(anonymous_9)
FNDA:0,(anonymous_10)
FNDA:0,(anonymous_11)
FNDA:0,(anonymous_12)
FNDA:0,(anonymous_13)
FNDA:0,(anonymous_14)
FNDA:0,(anonymous_15)
FNDA:0,(anonymous_16)
FNDA:0,(anonymous_17)
FNDA:0,(anonymous_18)
FNDA:0,(anonymous_19)
DA:1,0
DA:27,0
DA:31,0
DA:63,0
DA:66,0
DA:69,0
DA:82,0
DA:89,0
DA:107,0
DA:109,0
DA:110,0
DA:113,0
DA:140,0
DA:150,0
DA:152,0
DA:154,0
DA:158,0
DA:159,0
DA:160,0
DA:162,0
DA:200,0
DA:202,0
DA:203,0
DA:207,0
DA:208,0
DA:209,0
DA:216,0
DA:217,0
DA:221,0
DA:222,0
DA:225,0
DA:238,0
DA:245,0
DA:246,0
DA:249,0
DA:274,0
DA:276,0
DA:277,0
DA:281,0
DA:283,0
DA:284,0
DA:290,0
DA:309,0
DA:311,0
DA:312,0
DA:315,0
DA:337,0
DA:338,0
DA:341,0
DA:361,0
DA:367,0
DA:369,0
DA:370,0
DA:373,0
DA:375,0
DA:376,0
DA:378,0
DA:383,0
DA:384,0
DA:385,0
DA:388,0
DA:389,0
DA:392,0
DA:412,0
DA:413,0
DA:417,0
DA:418,0
DA:419,0
DA:423,0
DA:424,0
DA:425,0
DA:426,0
DA:430,0
DA:431,0
DA:432,0
DA:452,0
DA:453,0
DA:457,0
DA:458,0
DA:462,0
DA:463,0
DA:466,0
DA:467,0
DA:483,0
DA:503,0
DA:514,0
LF:86
LH:0
BRDA:109,0,0,0
BRDA:154,1,0,0
BRDA:154,1,1,0
BRDA:158,2,0,0
BRDA:158,2,1,0
BRDA:159,3,0,0
BRDA:159,3,1,0
BRDA:202,4,0,0
BRDA:208,5,0,0
BRDA:208,6,0,0
BRDA:208,6,1,0
BRDA:216,7,0,0
BRDA:221,8,0,0
BRDA:227,9,0,0
BRDA:227,9,1,0
BRDA:228,10,0,0
BRDA:228,10,1,0
BRDA:245,11,0,0
BRDA:276,12,0,0
BRDA:283,13,0,0
BRDA:283,14,0,0
BRDA:283,14,1,0
BRDA:311,15,0,0
BRDA:337,16,0,0
BRDA:337,17,0,0
BRDA:337,17,1,0
BRDA:367,18,0,0
BRDA:367,18,1,0
BRDA:367,18,2,0
BRDA:412,19,0,0
BRDA:418,20,0,0
BRDA:425,21,0,0
BRDA:430,22,0,0
BRDA:430,22,1,0
BRDA:431,23,0,0
BRDA:452,24,0,0
BRDA:452,25,0,0
BRDA:452,25,1,0
BRDA:457,26,0,0
BRDA:457,27,0,0
BRDA:457,27,1,0
BRDA:462,28,0,0
BRDA:462,29,0,0
BRDA:462,29,1,0
BRDA:466,30,0,0
BRDA:466,31,0,0
BRDA:466,31,1,0
BRDA:483,32,0,0
BRDA:483,32,1,0
BRDA:483,32,2,0
BRDA:505,33,0,0
BRDA:505,33,1,0
BRDA:507,34,0,0
BRDA:507,34,1,0
BRDA:509,35,0,0
BRDA:509,35,1,0
BRDA:516,36,0,0
BRDA:516,36,1,0
BRDA:517,37,0,0
BRDA:517,37,1,0
BRDA:521,38,0,0
BRDA:521,38,1,0
BRF:62
BRH:0
end_of_record
