GROUP,PACKAGE,CLASS,INSTRUCTION_MISSED,INSTRUCTION_COVERED,BRANCH_MISSED,BRANCH_COVERED,LINE_MISSED,LINE_COVERED,COMPLEXITY_MISSED,COMPLEXITY_COVERED,METHOD_MISSED,METHOD_COVERED
TOEIC Study Unit Tests,com.mxhieu.doantotnghiep.service.impl,TestProgressServiceImpl,5,221,0,12,0,41,1,13,1,7
TOEIC Study Unit Tests,com.mxhieu.doantotnghiep.service.impl,LessonServiceImpl.ItemWrapper,0,15,0,0,0,1,0,1,0,1
TOEIC Study Unit Tests,com.mxhieu.doantotnghiep.service.impl,StudyPlanServiceImpl,156,1727,50,133,50,430,51,92,4,47
TOEIC Study Unit Tests,com.mxhieu.doantotnghiep.service.impl,LessonProgressServiceImpl,5,396,5,25,0,79,6,22,1,12
TOEIC Study Unit Tests,com.mxhieu.doantotnghiep.service.impl,LessonServiceImpl,20,477,5,39,0,100,9,30,4,13
TOEIC Study Unit Tests,com.mxhieu.doantotnghiep.service.impl,StudyPlanServiceImpl.ItemWrapperLessonAndTest,0,18,0,0,0,5,0,1,0,1
