<?xml version="1.0" encoding="UTF-8"?>
<testsuite xmlns:xsi="http://www.w3.org/2001/XMLSchema-instance" xsi:noNamespaceSchemaLocation="https://maven.apache.org/surefire/maven-surefire-plugin/xsd/surefire-test-report-3.0.xsd" version="3.0" name="com.mxhieu.doantotnghiep.service.impl.LessonServiceImplTest" time="0.172" tests="14" errors="1" skipped="0" failures="3">
  <properties>
[...]
</properties>
  <testcase name="isLockLesson_WhenCourseIsLocked_ShouldReturnTrue" classname="com.mxhieu.doantotnghiep.service.impl.LessonServiceImplTest" time="0.018"/>
  <testcase name="getNextLessonOrTest_WhenCourseModulesIsNull_ShouldThrowAppException" classname="com.mxhieu.doantotnghiep.service.impl.LessonServiceImplTest" time="0.015">
    <failure message="&#10;Expecting actual throwable to be an instance of:&#10;  com.mxhieu.doantotnghiep.exception.AppException&#10;but was:&#10;  java.lang.NullPointerException: Cannot invoke &quot;java.util.List.iterator()&quot; because the return value of &quot;com.mxhieu.doantotnghiep.entity.CourseEntity.getModules()&quot; is null&#10;	at com.mxhieu.doantotnghiep.service.impl.LessonServiceImpl.buildItemList(LessonServiceImpl.java:189)&#10;	at com.mxhieu.doantotnghiep.service.impl.LessonServiceImpl.getNextLessonOrTest(LessonServiceImpl.java:127)&#10;	at com.mxhieu.doantotnghiep.service.impl.LessonServiceImplTest.lambda$3(LessonServiceImplTest.java:353)&#10;	...(76 remaining lines not displayed - this can be changed with Assertions.setMaxStackTraceElementsDisplayed)" type="java.lang.AssertionError"><![CDATA[java.lang.AssertionError: 

Expecting actual throwable to be an instance of:
  com.mxhieu.doantotnghiep.exception.AppException
but was:
  java.lang.NullPointerException: Cannot invoke "java.util.List.iterator()" because the return value of "com.mxhieu.doantotnghiep.entity.CourseEntity.getModules()" is null
	at com.mxhieu.doantotnghiep.service.impl.LessonServiceImpl.buildItemList(LessonServiceImpl.java:189)
	at com.mxhieu.doantotnghiep.service.impl.LessonServiceImpl.getNextLessonOrTest(LessonServiceImpl.java:127)
	at com.mxhieu.doantotnghiep.service.impl.LessonServiceImplTest.lambda$3(LessonServiceImplTest.java:353)
	...(76 remaining lines not displayed - this can be changed with Assertions.setMaxStackTraceElementsDisplayed)
	at com.mxhieu.doantotnghiep.service.impl.LessonServiceImplTest.getNextLessonOrTest_WhenCourseModulesIsNull_ShouldThrowAppException(LessonServiceImplTest.java:352)
	at java.base/java.lang.reflect.Method.invoke(Method.java:568)
	at java.base/java.util.ArrayList.forEach(ArrayList.java:1511)
	at java.base/java.util.ArrayList.forEach(ArrayList.java:1511)
]]></failure>
  </testcase>
  <testcase name="completedStar_WhenExercisesIsNullAndCompleted_ShouldReturn3" classname="com.mxhieu.doantotnghiep.service.impl.LessonServiceImplTest" time="0.011">
    <error message="Cannot invoke &quot;java.util.List.isEmpty()&quot; because the return value of &quot;com.mxhieu.doantotnghiep.entity.LessonEntity.getExercises()&quot; is null" type="java.lang.NullPointerException"><![CDATA[java.lang.NullPointerException: Cannot invoke "java.util.List.isEmpty()" because the return value of "com.mxhieu.doantotnghiep.entity.LessonEntity.getExercises()" is null
	at com.mxhieu.doantotnghiep.service.impl.LessonServiceImpl.completedStar(LessonServiceImpl.java:85)
	at com.mxhieu.doantotnghiep.service.impl.LessonServiceImplTest.completedStar_WhenExercisesIsNullAndCompleted_ShouldReturn3(LessonServiceImplTest.java:234)
	at java.base/java.lang.reflect.Method.invoke(Method.java:568)
	at java.base/java.util.ArrayList.forEach(ArrayList.java:1511)
	at java.base/java.util.ArrayList.forEach(ArrayList.java:1511)
]]></error>
  </testcase>
  <testcase name="completedStar_WhenTotalScoreIsZero_ShouldReturn0" classname="com.mxhieu.doantotnghiep.service.impl.LessonServiceImplTest" time="0.006"/>
  <testcase name="getNextLessonOrTest_WhenNextLessonExists_ShouldReturnNextLesson" classname="com.mxhieu.doantotnghiep.service.impl.LessonServiceImplTest" time="0.054"/>
  <testcase name="isLockLesson_WhenCourseStatusIsNull_ShouldReturnTrue" classname="com.mxhieu.doantotnghiep.service.impl.LessonServiceImplTest" time="0.004"/>
  <testcase name="completedStar_WhenNoExerciseAndCompleted_ShouldReturn3" classname="com.mxhieu.doantotnghiep.service.impl.LessonServiceImplTest" time="0.003"/>
  <testcase name="isCompletedLesson_WhenProcessIs2_ShouldReturnTrue" classname="com.mxhieu.doantotnghiep.service.impl.LessonServiceImplTest" time="0.005"/>
  <testcase name="isCompletedLesson_WhenNoRecord_ShouldReturnFalse" classname="com.mxhieu.doantotnghiep.service.impl.LessonServiceImplTest" time="0.004"/>
  <testcase name="getNextLessonOrTest_WhenTypeInvalid_ShouldThrowAppException" classname="com.mxhieu.doantotnghiep.service.impl.LessonServiceImplTest" time="0.007">
    <failure message="&#10;Expecting actual throwable to be an instance of:&#10;  com.mxhieu.doantotnghiep.exception.AppException&#10;but was:&#10;  java.lang.NullPointerException: Cannot invoke &quot;com.mxhieu.doantotnghiep.entity.CourseEntity.getModules()&quot; because &quot;course&quot; is null&#10;	at com.mxhieu.doantotnghiep.service.impl.LessonServiceImpl.buildItemList(LessonServiceImpl.java:189)&#10;	at com.mxhieu.doantotnghiep.service.impl.LessonServiceImpl.getNextLessonOrTest(LessonServiceImpl.java:127)&#10;	at com.mxhieu.doantotnghiep.service.impl.LessonServiceImplTest.lambda$1(LessonServiceImplTest.java:311)&#10;	...(76 remaining lines not displayed - this can be changed with Assertions.setMaxStackTraceElementsDisplayed)" type="java.lang.AssertionError"><![CDATA[java.lang.AssertionError: 

Expecting actual throwable to be an instance of:
  com.mxhieu.doantotnghiep.exception.AppException
but was:
  java.lang.NullPointerException: Cannot invoke "com.mxhieu.doantotnghiep.entity.CourseEntity.getModules()" because "course" is null
	at com.mxhieu.doantotnghiep.service.impl.LessonServiceImpl.buildItemList(LessonServiceImpl.java:189)
	at com.mxhieu.doantotnghiep.service.impl.LessonServiceImpl.getNextLessonOrTest(LessonServiceImpl.java:127)
	at com.mxhieu.doantotnghiep.service.impl.LessonServiceImplTest.lambda$1(LessonServiceImplTest.java:311)
	...(76 remaining lines not displayed - this can be changed with Assertions.setMaxStackTraceElementsDisplayed)
	at com.mxhieu.doantotnghiep.service.impl.LessonServiceImplTest.getNextLessonOrTest_WhenTypeInvalid_ShouldThrowAppException(LessonServiceImplTest.java:310)
	at java.base/java.lang.reflect.Method.invoke(Method.java:568)
	at java.base/java.util.ArrayList.forEach(ArrayList.java:1511)
	at java.base/java.util.ArrayList.forEach(ArrayList.java:1511)
]]></failure>
  </testcase>
  <testcase name="completedStar_WhenScoreAbove80Percent_ShouldReturn3" classname="com.mxhieu.doantotnghiep.service.impl.LessonServiceImplTest" time="0.005"/>
  <testcase name="getPreviousLessonID_WhenTypeIsTest_ShouldReturnPreviousItem" classname="com.mxhieu.doantotnghiep.service.impl.LessonServiceImplTest" time="0.008"/>
  <testcase name="getPreviousLessonID_WhenTypeIsNull_ShouldThrowAppException" classname="com.mxhieu.doantotnghiep.service.impl.LessonServiceImplTest" time="0.007">
    <failure message="&#10;Expecting actual throwable to be an instance of:&#10;  com.mxhieu.doantotnghiep.exception.AppException&#10;but was:&#10;  java.lang.NullPointerException: Cannot invoke &quot;String.equals(Object)&quot; because the return value of &quot;com.mxhieu.doantotnghiep.dto.request.LessonOrTestAroundRequest.getType()&quot; is null&#10;	at com.mxhieu.doantotnghiep.service.impl.LessonServiceImpl.getPreviousLessonID(LessonServiceImpl.java:153)&#10;	at com.mxhieu.doantotnghiep.service.impl.LessonServiceImplTest.lambda$2(LessonServiceImplTest.java:331)&#10;	at org.assertj.core.api.ThrowableAssert.catchThrowable(ThrowableAssert.java:63)&#10;	...(75 remaining lines not displayed - this can be changed with Assertions.setMaxStackTraceElementsDisplayed)" type="java.lang.AssertionError"><![CDATA[java.lang.AssertionError: 

Expecting actual throwable to be an instance of:
  com.mxhieu.doantotnghiep.exception.AppException
but was:
  java.lang.NullPointerException: Cannot invoke "String.equals(Object)" because the return value of "com.mxhieu.doantotnghiep.dto.request.LessonOrTestAroundRequest.getType()" is null
	at com.mxhieu.doantotnghiep.service.impl.LessonServiceImpl.getPreviousLessonID(LessonServiceImpl.java:153)
	at com.mxhieu.doantotnghiep.service.impl.LessonServiceImplTest.lambda$2(LessonServiceImplTest.java:331)
	at org.assertj.core.api.ThrowableAssert.catchThrowable(ThrowableAssert.java:63)
	...(75 remaining lines not displayed - this can be changed with Assertions.setMaxStackTraceElementsDisplayed)
	at com.mxhieu.doantotnghiep.service.impl.LessonServiceImplTest.getPreviousLessonID_WhenTypeIsNull_ShouldThrowAppException(LessonServiceImplTest.java:330)
	at java.base/java.lang.reflect.Method.invoke(Method.java:568)
	at java.base/java.util.ArrayList.forEach(ArrayList.java:1511)
	at java.base/java.util.ArrayList.forEach(ArrayList.java:1511)
]]></failure>
  </testcase>
  <testcase name="isLockLesson_WhenLessonNotFound_ShouldThrowException" classname="com.mxhieu.doantotnghiep.service.impl.LessonServiceImplTest" time="0.006"/>
</testsuite>