<?xml version="1.0" encoding="UTF-8"?>
<testsuite xmlns:xsi="http://www.w3.org/2001/XMLSchema-instance" xsi:noNamespaceSchemaLocation="https://maven.apache.org/surefire/maven-surefire-plugin/xsd/surefire-test-report-3.0.xsd" version="3.0" name="com.mxhieu.doantotnghiep.service.impl.StudyPlanServiceImplTest" time="0.819" tests="32" errors="1" skipped="0" failures="4">
  <properties>
[...]
</properties>
  <testcase name="createDanhSachBaiHoc_WhenTotalUnitsGreaterThanDays_ShouldGroupByAverageTime" classname="com.mxhieu.doantotnghiep.service.impl.StudyPlanServiceImplTest" time="0.355"/>
  <testcase name="chooseStudyDate_WhenBeforeIsBeforeStartDate_ShouldReturnAfter" classname="com.mxhieu.doantotnghiep.service.impl.StudyPlanServiceImplTest" time="0.01"/>
  <testcase name="chooseStudyDate_WhenTargetValidAndUnused_ShouldReturnTarget" classname="com.mxhieu.doantotnghiep.service.impl.StudyPlanServiceImplTest" time="0.005"/>
  <testcase name="soNgayHocToiThieu_WhenTrackNotFound_ShouldThrowException" classname="com.mxhieu.doantotnghiep.service.impl.StudyPlanServiceImplTest" time="0.007"/>
  <testcase name="verifyInformation_WhenTrackHasNoUnits_ShouldReturnEmptySummary" classname="com.mxhieu.doantotnghiep.service.impl.StudyPlanServiceImplTest" time="0.024">
    <error message="Index -1 out of bounds for length 0" type="java.lang.IndexOutOfBoundsException"><![CDATA[java.lang.IndexOutOfBoundsException: Index -1 out of bounds for length 0
	at java.base/jdk.internal.util.Preconditions.outOfBounds(Preconditions.java:64)
	at java.base/jdk.internal.util.Preconditions.outOfBoundsCheckIndex(Preconditions.java:70)
	at java.base/jdk.internal.util.Preconditions.checkIndex(Preconditions.java:266)
	at java.base/java.util.Objects.checkIndex(Objects.java:359)
	at java.base/java.util.ArrayList.get(ArrayList.java:427)
	at com.mxhieu.doantotnghiep.service.impl.StudyPlanServiceImpl.tinhNgayHoanThanh(StudyPlanServiceImpl.java:296)
	at com.mxhieu.doantotnghiep.service.impl.StudyPlanServiceImpl.verifyInformation(StudyPlanServiceImpl.java:158)
	at com.mxhieu.doantotnghiep.service.impl.StudyPlanServiceImplTest.verifyInformation_WhenTrackHasNoUnits_ShouldReturnEmptySummary(StudyPlanServiceImplTest.java:889)
	at java.base/java.lang.reflect.Method.invoke(Method.java:568)
	at java.base/java.util.ArrayList.forEach(ArrayList.java:1511)
	at java.base/java.util.ArrayList.forEach(ArrayList.java:1511)
]]></error>
    <system-out><![CDATA[0
]]></system-out>
  </testcase>
  <testcase name="createStudyPlan_ShouldDeactivateOldPlansBeforeCreatingNew" classname="com.mxhieu.doantotnghiep.service.impl.StudyPlanServiceImplTest" time="0.027"/>
  <testcase name="createStudyPlan_WhenStudentNotFound_ShouldNotDeactivateOldPlans" classname="com.mxhieu.doantotnghiep.service.impl.StudyPlanServiceImplTest" time="0.011">
    <failure message="&#10;expected: 0&#10; but was: 1" type="org.opentest4j.AssertionFailedError"><![CDATA[org.opentest4j.AssertionFailedError: 

expected: 0
 but was: 1
	at java.base/jdk.internal.reflect.NativeConstructorAccessorImpl.newInstance0(Native Method)
	at java.base/jdk.internal.reflect.NativeConstructorAccessorImpl.newInstance(NativeConstructorAccessorImpl.java:77)
	at java.base/jdk.internal.reflect.DelegatingConstructorAccessorImpl.newInstance(DelegatingConstructorAccessorImpl.java:45)
	at java.base/java.lang.reflect.Constructor.newInstanceWithCaller(Constructor.java:499)
	at com.mxhieu.doantotnghiep.service.impl.StudyPlanServiceImplTest.createStudyPlan_WhenStudentNotFound_ShouldNotDeactivateOldPlans(StudyPlanServiceImplTest.java:815)
	at java.base/java.lang.reflect.Method.invoke(Method.java:568)
	at java.base/java.util.ArrayList.forEach(ArrayList.java:1511)
	at java.base/java.util.ArrayList.forEach(ArrayList.java:1511)
]]></failure>
  </testcase>
  <testcase name="checkExistStudyPlan_WhenActivePlanExists_ShouldReturnId" classname="com.mxhieu.doantotnghiep.service.impl.StudyPlanServiceImplTest" time="0.005"/>
  <testcase name="createStudyPlan_WhenLessonNotFound_ShouldThrowException" classname="com.mxhieu.doantotnghiep.service.impl.StudyPlanServiceImplTest" time="0.009"/>
  <testcase name="createDanhSachBaiHoc_WhenTotalUnitsLessOrEqualDays_ShouldCreateOneItemPerSession" classname="com.mxhieu.doantotnghiep.service.impl.StudyPlanServiceImplTest" time="0.01"/>
  <testcase name="createStudyPlan_WhenStudentNotFound_ShouldThrowException" classname="com.mxhieu.doantotnghiep.service.impl.StudyPlanServiceImplTest" time="0.009"/>
  <testcase name="chooseStudyDate_WhenBeforeCloserOrEqualAndUnused_ShouldReturnBefore" classname="com.mxhieu.doantotnghiep.service.impl.StudyPlanServiceImplTest" time="0.006"/>
  <testcase name="createDanhSachBaiHoc_WhenGeneratedSessionsLessThanTargetDays_ShouldPadEmptySessions" classname="com.mxhieu.doantotnghiep.service.impl.StudyPlanServiceImplTest" time="0.017"/>
  <testcase name="verifyInformation_WhenTotalUnitsGreaterThanDays_ShouldReturnExpectedSummary" classname="com.mxhieu.doantotnghiep.service.impl.StudyPlanServiceImplTest" time="0.011">
    <system-out><![CDATA[1
]]></system-out>
  </testcase>
  <testcase name="createStudyPlan_WhenTrackNotFound_ShouldNotDeactivateOldPlans" classname="com.mxhieu.doantotnghiep.service.impl.StudyPlanServiceImplTest" time="0.011">
    <failure message="&#10;expected: 0&#10; but was: 1" type="org.opentest4j.AssertionFailedError"><![CDATA[org.opentest4j.AssertionFailedError: 

expected: 0
 but was: 1
	at java.base/jdk.internal.reflect.NativeConstructorAccessorImpl.newInstance0(Native Method)
	at java.base/jdk.internal.reflect.NativeConstructorAccessorImpl.newInstance(NativeConstructorAccessorImpl.java:77)
	at java.base/jdk.internal.reflect.DelegatingConstructorAccessorImpl.newInstance(DelegatingConstructorAccessorImpl.java:45)
	at java.base/java.lang.reflect.Constructor.newInstanceWithCaller(Constructor.java:499)
	at com.mxhieu.doantotnghiep.service.impl.StudyPlanServiceImplTest.createStudyPlan_WhenTrackNotFound_ShouldNotDeactivateOldPlans(StudyPlanServiceImplTest.java:771)
	at java.base/java.lang.reflect.Method.invoke(Method.java:568)
	at java.base/java.util.ArrayList.forEach(ArrayList.java:1511)
	at java.base/java.util.ArrayList.forEach(ArrayList.java:1511)
]]></failure>
  </testcase>
  <testcase name="sapXepLaiBaiHoc_WhenTimeIsSkewed_ShouldRebalance" classname="com.mxhieu.doantotnghiep.service.impl.StudyPlanServiceImplTest" time="0.01"/>
  <testcase name="sapXepLaiBaiHoc_WhenBothDaysEmpty_ShouldKeepEmpty" classname="com.mxhieu.doantotnghiep.service.impl.StudyPlanServiceImplTest" time="0.007"/>
  <testcase name="getStudyPlanDetail_WhenFirstItemIsTestAndLocked_ShouldMapLockStatus" classname="com.mxhieu.doantotnghiep.service.impl.StudyPlanServiceImplTest" time="0.049">
    <system-out><![CDATA[2
]]></system-out>
  </testcase>
  <testcase name="createStudyPlan_WhenTestNotFound_ShouldThrowException" classname="com.mxhieu.doantotnghiep.service.impl.StudyPlanServiceImplTest" time="0.014"/>
  <testcase name="getInformation_WhenStudyDaysAlreadyExceeded_ShouldClampRemainingDaysToZero" classname="com.mxhieu.doantotnghiep.service.impl.StudyPlanServiceImplTest" time="0.019">
    <failure message="&#10;expected: 0&#10; but was: -29" type="org.opentest4j.AssertionFailedError"><![CDATA[org.opentest4j.AssertionFailedError: 

expected: 0
 but was: -29
	at java.base/jdk.internal.reflect.NativeConstructorAccessorImpl.newInstance0(Native Method)
	at java.base/jdk.internal.reflect.NativeConstructorAccessorImpl.newInstance(NativeConstructorAccessorImpl.java:77)
	at java.base/jdk.internal.reflect.DelegatingConstructorAccessorImpl.newInstance(DelegatingConstructorAccessorImpl.java:45)
	at java.base/java.lang.reflect.Constructor.newInstanceWithCaller(Constructor.java:499)
	at com.mxhieu.doantotnghiep.service.impl.StudyPlanServiceImplTest.getInformation_WhenStudyDaysAlreadyExceeded_ShouldClampRemainingDaysToZero(StudyPlanServiceImplTest.java:927)
	at java.base/java.lang.reflect.Method.invoke(Method.java:568)
	at java.base/java.util.ArrayList.forEach(ArrayList.java:1511)
	at java.base/java.util.ArrayList.forEach(ArrayList.java:1511)
]]></failure>
  </testcase>
  <testcase name="checkExistStudyPlan_WhenNoPlanExists_ShouldThrowStudyPlanNotFound" classname="com.mxhieu.doantotnghiep.service.impl.StudyPlanServiceImplTest" time="0.014"/>
  <testcase name="getInformation_WhenMixedProgress_ShouldCalculateCorrectly" classname="com.mxhieu.doantotnghiep.service.impl.StudyPlanServiceImplTest" time="0.008"/>
  <testcase name="getOverviewData_WhenNoCourses_ShouldReturnDefaultOverview" classname="com.mxhieu.doantotnghiep.service.impl.StudyPlanServiceImplTest" time="0.019"/>
  <testcase name="createStudyPlan_WhenLessonNotFound_ShouldNotDeactivateOldPlans" classname="com.mxhieu.doantotnghiep.service.impl.StudyPlanServiceImplTest" time="0.014">
    <failure message="&#10;expected: 0&#10; but was: 1" type="org.opentest4j.AssertionFailedError"><![CDATA[org.opentest4j.AssertionFailedError: 

expected: 0
 but was: 1
	at java.base/jdk.internal.reflect.NativeConstructorAccessorImpl.newInstance0(Native Method)
	at java.base/jdk.internal.reflect.NativeConstructorAccessorImpl.newInstance(NativeConstructorAccessorImpl.java:77)
	at java.base/jdk.internal.reflect.DelegatingConstructorAccessorImpl.newInstance(DelegatingConstructorAccessorImpl.java:45)
	at java.base/java.lang.reflect.Constructor.newInstanceWithCaller(Constructor.java:499)
	at com.mxhieu.doantotnghiep.service.impl.StudyPlanServiceImplTest.createStudyPlan_WhenLessonNotFound_ShouldNotDeactivateOldPlans(StudyPlanServiceImplTest.java:860)
	at java.base/java.lang.reflect.Method.invoke(Method.java:568)
	at java.base/java.util.ArrayList.forEach(ArrayList.java:1511)
	at java.base/java.util.ArrayList.forEach(ArrayList.java:1511)
]]></failure>
  </testcase>
  <testcase name="getStudyPlanDetail_WhenPlanNotFound_ShouldThrowException" classname="com.mxhieu.doantotnghiep.service.impl.StudyPlanServiceImplTest" time="0.009"/>
  <testcase name="getOverviewData_WhenTrackNotFound_ShouldThrowException" classname="com.mxhieu.doantotnghiep.service.impl.StudyPlanServiceImplTest" time="0.009"/>
  <testcase name="getStudyPlanDetail_WhenPlanHasNoItems_ShouldReturnEmptyItems" classname="com.mxhieu.doantotnghiep.service.impl.StudyPlanServiceImplTest" time="0.012">
    <system-out><![CDATA[0
]]></system-out>
  </testcase>
  <testcase name="chooseStudyDate_WhenBeforeUsed_ShouldReturnAfter" classname="com.mxhieu.doantotnghiep.service.impl.StudyPlanServiceImplTest" time="0.007"/>
  <testcase name="checkExistStudyPlan_WhenOnlyInactivePlanExists_ShouldThrowStudyPlanNotActive" classname="com.mxhieu.doantotnghiep.service.impl.StudyPlanServiceImplTest" time="0.01"/>
  <testcase name="getStudyPlanDetail_WhenPlanExists_ShouldGroupItemsAndMapStatus" classname="com.mxhieu.doantotnghiep.service.impl.StudyPlanServiceImplTest" time="0.008">
    <system-out><![CDATA[2
]]></system-out>
  </testcase>
  <testcase name="getStudyPlanDetail_WhenOnlyOneTestItem_ShouldKeepTestsInLastItem" classname="com.mxhieu.doantotnghiep.service.impl.StudyPlanServiceImplTest" time="0.006">
    <system-out><![CDATA[1
]]></system-out>
  </testcase>
  <testcase name="soNgayHocToiThieu_WhenCourseHasNoModules_ShouldReturn0" classname="com.mxhieu.doantotnghiep.service.impl.StudyPlanServiceImplTest" time="0.004"/>
</testsuite>