TN:
SF:src\application\services\question.service.ts
FN:30,(anonymous_0)
FN:58,(anonymous_1)
FN:82,(anonymous_2)
FN:106,(anonymous_3)
FN:137,(anonymous_4)
FN:151,(anonymous_5)
FN:195,(anonymous_6)
FN:238,(anonymous_7)
FN:273,(anonymous_8)
FN:308,(anonymous_9)
FN:333,(anonymous_10)
FN:357,(anonymous_11)
FN:411,(anonymous_12)
FN:417,(anonymous_13)
FN:423,(anonymous_14)
FN:430,(anonymous_15)
FN:450,(anonymous_16)
FN:481,(anonymous_17)
FN:499,(anonymous_18)
FN:514,(anonymous_19)
FNF:20
FNH:19
FNDA:50,(anonymous_0)
FNDA:22,(anonymous_1)
FNDA:29,(anonymous_2)
FNDA:2,(anonymous_3)
FNDA:6,(anonymous_4)
FNDA:14,(anonymous_5)
FNDA:6,(anonymous_6)
FNDA:0,(anonymous_7)
FNDA:4,(anonymous_8)
FNDA:2,(anonymous_9)
FNDA:4,(anonymous_10)
FNDA:4,(anonymous_11)
FNDA:23,(anonymous_12)
FNDA:65,(anonymous_13)
FNDA:51,(anonymous_14)
FNDA:47,(anonymous_15)
FNDA:16,(anonymous_16)
FNDA:11,(anonymous_17)
FNDA:14,(anonymous_18)
FNDA:56,(anonymous_19)
DA:1,1
DA:27,1
DA:31,50
DA:63,22
DA:66,15
DA:69,10
DA:82,29
DA:89,10
DA:107,2
DA:109,2
DA:110,1
DA:113,1
DA:140,6
DA:150,6
DA:152,14
DA:154,14
DA:158,6
DA:159,6
DA:160,6
DA:162,6
DA:200,6
DA:202,6
DA:203,1
DA:207,5
DA:208,5
DA:209,1
DA:216,5
DA:217,1
DA:221,4
DA:222,1
DA:225,3
DA:238,0
DA:245,3
DA:246,1
DA:249,2
DA:274,4
DA:276,4
DA:277,1
DA:281,3
DA:283,3
DA:284,2
DA:290,1
DA:309,2
DA:311,2
DA:312,1
DA:315,1
DA:337,4
DA:338,2
DA:341,2
DA:361,4
DA:367,4
DA:369,2
DA:370,2
DA:373,1
DA:375,1
DA:376,1
DA:378,2
DA:383,1
DA:384,1
DA:385,1
DA:388,1
DA:389,1
DA:392,4
DA:412,23
DA:413,1
DA:417,65
DA:418,22
DA:419,4
DA:423,51
DA:424,18
DA:425,18
DA:426,1
DA:430,47
DA:431,17
DA:432,2
DA:452,16
DA:453,2
DA:457,14
DA:458,1
DA:462,13
DA:463,2
DA:466,11
DA:467,1
DA:483,11
DA:503,14
DA:514,56
LF:86
LH:85
BRDA:109,0,0,1
BRDA:154,1,0,14
BRDA:154,1,1,1
BRDA:158,2,0,6
BRDA:158,2,1,5
BRDA:159,3,0,6
BRDA:159,3,1,5
BRDA:202,4,0,1
BRDA:208,5,0,1
BRDA:208,6,0,5
BRDA:208,6,1,5
BRDA:216,7,0,1
BRDA:221,8,0,1
BRDA:227,9,0,3
BRDA:227,9,1,0
BRDA:228,10,0,0
BRDA:228,10,1,3
BRDA:245,11,0,1
BRDA:276,12,0,1
BRDA:283,13,0,2
BRDA:283,14,0,3
BRDA:283,14,1,3
BRDA:311,15,0,1
BRDA:337,16,0,2
BRDA:337,17,0,4
BRDA:337,17,1,3
BRDA:367,18,0,2
BRDA:367,18,1,1
BRDA:367,18,2,1
BRDA:412,19,0,1
BRDA:418,20,0,4
BRDA:425,21,0,1
BRDA:430,22,0,47
BRDA:430,22,1,46
BRDA:431,23,0,2
BRDA:452,24,0,2
BRDA:452,25,0,16
BRDA:452,25,1,12
BRDA:457,26,0,1
BRDA:457,27,0,14
BRDA:457,27,1,3
BRDA:462,28,0,2
BRDA:462,29,0,13
BRDA:462,29,1,9
BRDA:466,30,0,1
BRDA:466,31,0,11
BRDA:466,31,1,2
BRDA:483,32,0,11
BRDA:483,32,1,10
BRDA:483,32,2,5
BRDA:505,33,0,14
BRDA:505,33,1,0
BRDA:507,34,0,14
BRDA:507,34,1,0
BRDA:509,35,0,14
BRDA:509,35,1,0
BRDA:516,36,0,56
BRDA:516,36,1,0
BRDA:517,37,0,56
BRDA:517,37,1,0
BRDA:521,38,0,14
BRDA:521,38,1,0
BRF:62
BRH:54
end_of_record
