{"numFailedTestSuites":1,"numFailedTests":16,"numPassedTestSuites":0,"numPassedTests":89,"numPendingTestSuites":0,"numPendingTests":0,"numRuntimeErrorTestSuites":0,"numTodoTests":0,"numTotalTestSuites":1,"numTotalTests":105,"openHandles":[],"snapshot":{"added":0,"didUpdate":false,"failure":false,"filesAdded":0,"filesRemoved":0,"filesRemovedList":[],"filesUnmatched":0,"filesUpdated":0,"matched":0,"total":0,"unchecked":0,"uncheckedKeysByFile":[],"unmatched":0,"updated":0},"startTime":1778324841248,"success":false,"testResults":[{"assertionResults":[{"ancestorTitles":["ExamService - Quản lý bài test đầu vào","createExam - Tạo bài test đầu vào mới"],"duration":7,"failureDetails":[],"failureMessages":[],"fullName":"ExamService - Quản lý bài test đầu vào createExam - Tạo bài test đầu vào mới TC_ES_CRE_001: Tạo exam thành công với dữ liệu hợp lệ (không có câu hỏi)","invocations":1,"location":null,"numPassingAsserts":5,"retryReasons":[],"status":"passed","title":"TC_ES_CRE_001: Tạo exam thành công với dữ liệu hợp lệ (không có câu hỏi)"},{"ancestorTitles":["ExamService - Quản lý bài test đầu vào","createExam - Tạo bài test đầu vào mới"],"duration":2,"failureDetails":[],"failureMessages":[],"fullName":"ExamService - Quản lý bài test đầu vào createExam - Tạo bài test đầu vào mới TC_ES_CRE_002: Tạo exam thành công kèm danh sách câu hỏi","invocations":1,"location":null,"numPassingAsserts":3,"retryReasons":[],"status":"passed","title":"TC_ES_CRE_002: Tạo exam thành công kèm danh sách câu hỏi"},{"ancestorTitles":["ExamService - Quản lý bài test đầu vào","createExam - Tạo bài test đầu vào mới"],"duration":2,"failureDetails":[],"failureMessages":[],"fullName":"ExamService - Quản lý bài test đầu vào createExam - Tạo bài test đầu vào mới TC_ES_CRE_003: Tạo exam thành công kèm MediaQuestionIDs","invocations":1,"location":null,"numPassingAsserts":3,"retryReasons":[],"status":"passed","title":"TC_ES_CRE_003: Tạo exam thành công kèm MediaQuestionIDs"},{"ancestorTitles":["ExamService - Quản lý bài test đầu vào","createExam - Tạo bài test đầu vào mới"],"duration":10,"failureDetails":[],"failureMessages":[],"fullName":"ExamService - Quản lý bài test đầu vào createExam - Tạo bài test đầu vào mới TC_ES_CRE_004: Thất bại khi Title rỗng","invocations":1,"location":null,"numPassingAsserts":2,"retryReasons":[],"status":"passed","title":"TC_ES_CRE_004: Thất bại khi Title rỗng"},{"ancestorTitles":["ExamService - Quản lý bài test đầu vào","createExam - Tạo bài test đầu vào mới"],"duration":1,"failureDetails":[],"failureMessages":[],"fullName":"ExamService - Quản lý bài test đầu vào createExam - Tạo bài test đầu vào mới TC_ES_CRE_005: Thất bại khi Title chỉ chứa khoảng trắng","invocations":1,"location":null,"numPassingAsserts":1,"retryReasons":[],"status":"passed","title":"TC_ES_CRE_005: Thất bại khi Title chỉ chứa khoảng trắng"},{"ancestorTitles":["ExamService - Quản lý bài test đầu vào","createExam - Tạo bài test đầu vào mới"],"duration":2,"failureDetails":[],"failureMessages":[],"fullName":"ExamService - Quản lý bài test đầu vào createExam - Tạo bài test đầu vào mới TC_ES_CRE_006: Thất bại khi TimeExam < 1 phút","invocations":1,"location":null,"numPassingAsserts":1,"retryReasons":[],"status":"passed","title":"TC_ES_CRE_006: Thất bại khi TimeExam < 1 phút"},{"ancestorTitles":["ExamService - Quản lý bài test đầu vào","createExam - Tạo bài test đầu vào mới"],"duration":2,"failureDetails":[],"failureMessages":[],"fullName":"ExamService - Quản lý bài test đầu vào createExam - Tạo bài test đầu vào mới TC_ES_CRE_007: Thất bại khi TimeExam > 240 phút","invocations":1,"location":null,"numPassingAsserts":1,"retryReasons":[],"status":"passed","title":"TC_ES_CRE_007: Thất bại khi TimeExam > 240 phút"},{"ancestorTitles":["ExamService - Quản lý bài test đầu vào","createExam - Tạo bài test đầu vào mới"],"duration":2,"failureDetails":[],"failureMessages":[],"fullName":"ExamService - Quản lý bài test đầu vào createExam - Tạo bài test đầu vào mới TC_ES_CRE_008: Thất bại khi một số câu hỏi không tồn tại","invocations":1,"location":null,"numPassingAsserts":1,"retryReasons":[],"status":"passed","title":"TC_ES_CRE_008: Thất bại khi một số câu hỏi không tồn tại"},{"ancestorTitles":["ExamService - Quản lý bài test đầu vào","createExam - Tạo bài test đầu vào mới"],"duration":2,"failureDetails":[],"failureMessages":[],"fullName":"ExamService - Quản lý bài test đầu vào createExam - Tạo bài test đầu vào mới TC_ES_CRE_009: Thất bại khi MediaQuestionIDs không có câu hỏi nào","invocations":1,"location":null,"numPassingAsserts":1,"retryReasons":[],"status":"passed","title":"TC_ES_CRE_009: Thất bại khi MediaQuestionIDs không có câu hỏi nào"},{"ancestorTitles":["ExamService - Quản lý bài test đầu vào","createExam - Tạo bài test đầu vào mới"],"duration":2,"failureDetails":[],"failureMessages":[],"fullName":"ExamService - Quản lý bài test đầu vào createExam - Tạo bài test đầu vào mới TC_ES_CRE_010: Thất bại khi không thể retrieve exam sau khi tạo","invocations":1,"location":null,"numPassingAsserts":1,"retryReasons":[],"status":"passed","title":"TC_ES_CRE_010: Thất bại khi không thể retrieve exam sau khi tạo"},{"ancestorTitles":["ExamService - Quản lý bài test đầu vào","createExam - Tạo bài test đầu vào mới"],"duration":2,"failureDetails":[],"failureMessages":[],"fullName":"ExamService - Quản lý bài test đầu vào createExam - Tạo bài test đầu vào mới TC_ES_CRE_011: Tạo exam thành công với TimeExam = 1 (biên dưới)","invocations":1,"location":null,"numPassingAsserts":2,"retryReasons":[],"status":"passed","title":"TC_ES_CRE_011: Tạo exam thành công với TimeExam = 1 (biên dưới)"},{"ancestorTitles":["ExamService - Quản lý bài test đầu vào","createExam - Tạo bài test đầu vào mới"],"duration":1,"failureDetails":[],"failureMessages":[],"fullName":"ExamService - Quản lý bài test đầu vào createExam - Tạo bài test đầu vào mới TC_ES_CRE_012: Tạo exam thành công với TimeExam = 240 (biên trên)","invocations":1,"location":null,"numPassingAsserts":2,"retryReasons":[],"status":"passed","title":"TC_ES_CRE_012: Tạo exam thành công với TimeExam = 240 (biên trên)"},{"ancestorTitles":["ExamService - Quản lý bài test đầu vào","createExam - Tạo bài test đầu vào mới"],"duration":16,"failureDetails":[{"matcherResult":{"message":"expect(received).rejects.toThrow(expected)\n\nExpected substring: \"Duplicate QuestionID in request payload\"\nReceived message:   \"Failed to retrieve created exam\"\n\n    \u001b[0m \u001b[90m 164 |\u001b[39m     \n     \u001b[90m 165 |\u001b[39m     \u001b[36mif\u001b[39m (\u001b[33m!\u001b[39mcompleteExam) {\n    \u001b[31m\u001b[1m>\u001b[22m\u001b[39m\u001b[90m 166 |\u001b[39m       \u001b[36mthrow\u001b[39m \u001b[36mnew\u001b[39m \u001b[33mError\u001b[39m(\u001b[32m'Failed to retrieve created exam'\u001b[39m)\u001b[33m;\u001b[39m\n     \u001b[90m     |\u001b[39m             \u001b[31m\u001b[1m^\u001b[22m\u001b[39m\n     \u001b[90m 167 |\u001b[39m     }\n     \u001b[90m 168 |\u001b[39m\n     \u001b[90m 169 |\u001b[39m     \u001b[36mreturn\u001b[39m completeExam\u001b[33m;\u001b[39m\u001b[0m\n\n      at ExamService.createExam (src/application/services/exam.service.ts:166:13)\n      at async Object.<anonymous> (tests/exam.service.test.ts:611:7)","pass":false},"message":"expect(received).rejects.toThrow(expected)\n\nExpected substring: \"Duplicate QuestionID in request payload\"\nReceived message:   \"Failed to retrieve created exam\"\n\n    \u001b[0m \u001b[90m 164 |\u001b[39m     \n     \u001b[90m 165 |\u001b[39m     \u001b[36mif\u001b[39m (\u001b[33m!\u001b[39mcompleteExam) {\n    \u001b[31m\u001b[1m>\u001b[22m\u001b[39m\u001b[90m 166 |\u001b[39m       \u001b[36mthrow\u001b[39m \u001b[36mnew\u001b[39m \u001b[33mError\u001b[39m(\u001b[32m'Failed to retrieve created exam'\u001b[39m)\u001b[33m;\u001b[39m\n     \u001b[90m     |\u001b[39m             \u001b[31m\u001b[1m^\u001b[22m\u001b[39m\n     \u001b[90m 167 |\u001b[39m     }\n     \u001b[90m 168 |\u001b[39m\n     \u001b[90m 169 |\u001b[39m     \u001b[36mreturn\u001b[39m completeExam\u001b[33m;\u001b[39m\u001b[0m\n\n      at ExamService.createExam (src/application/services/exam.service.ts:166:13)\n      at async Object.<anonymous> (tests/exam.service.test.ts:611:7)"}],"failureMessages":["Error: expect(received).rejects.toThrow(expected)\n\nExpected substring: \"Duplicate QuestionID in request payload\"\nReceived message:   \"Failed to retrieve created exam\"\n\n    \u001b[0m \u001b[90m 164 |\u001b[39m     \n     \u001b[90m 165 |\u001b[39m     \u001b[36mif\u001b[39m (\u001b[33m!\u001b[39mcompleteExam) {\n    \u001b[31m\u001b[1m>\u001b[22m\u001b[39m\u001b[90m 166 |\u001b[39m       \u001b[36mthrow\u001b[39m \u001b[36mnew\u001b[39m \u001b[33mError\u001b[39m(\u001b[32m'Failed to retrieve created exam'\u001b[39m)\u001b[33m;\u001b[39m\n     \u001b[90m     |\u001b[39m             \u001b[31m\u001b[1m^\u001b[22m\u001b[39m\n     \u001b[90m 167 |\u001b[39m     }\n     \u001b[90m 168 |\u001b[39m\n     \u001b[90m 169 |\u001b[39m     \u001b[36mreturn\u001b[39m completeExam\u001b[33m;\u001b[39m\u001b[0m\n\n      at ExamService.createExam (src/application/services/exam.service.ts:166:13)\n      at async Object.<anonymous> (tests/exam.service.test.ts:611:7)\n    at Object.toThrow (D:\\Ki_2_nam_4\\SQA\\unit-test\\exam-management-unit-tests\\node_modules\\expect\\build\\index.js:218:22)\n    at Object.<anonymous> (D:\\Ki_2_nam_4\\SQA\\unit-test\\exam-management-unit-tests\\tests\\exam.service.test.ts:612:18)\n    at Promise.then.completed (D:\\Ki_2_nam_4\\SQA\\unit-test\\exam-management-unit-tests\\node_modules\\jest-circus\\build\\utils.js:298:28)\n    at new Promise (<anonymous>)\n    at callAsyncCircusFn (D:\\Ki_2_nam_4\\SQA\\unit-test\\exam-management-unit-tests\\node_modules\\jest-circus\\build\\utils.js:231:10)\n    at _callCircusTest (D:\\Ki_2_nam_4\\SQA\\unit-test\\exam-management-unit-tests\\node_modules\\jest-circus\\build\\run.js:316:40)\n    at async _runTest (D:\\Ki_2_nam_4\\SQA\\unit-test\\exam-management-unit-tests\\node_modules\\jest-circus\\build\\run.js:252:3)\n    at async _runTestsForDescribeBlock (D:\\Ki_2_nam_4\\SQA\\unit-test\\exam-management-unit-tests\\node_modules\\jest-circus\\build\\run.js:126:9)\n    at async _runTestsForDescribeBlock (D:\\Ki_2_nam_4\\SQA\\unit-test\\exam-management-unit-tests\\node_modules\\jest-circus\\build\\run.js:121:9)\n    at async _runTestsForDescribeBlock (D:\\Ki_2_nam_4\\SQA\\unit-test\\exam-management-unit-tests\\node_modules\\jest-circus\\build\\run.js:121:9)\n    at async run (D:\\Ki_2_nam_4\\SQA\\unit-test\\exam-management-unit-tests\\node_modules\\jest-circus\\build\\run.js:71:3)\n    at async runAndTransformResultsToJestFormat (D:\\Ki_2_nam_4\\SQA\\unit-test\\exam-management-unit-tests\\node_modules\\jest-circus\\build\\legacy-code-todo-rewrite\\jestAdapterInit.js:122:21)\n    at async jestAdapter (D:\\Ki_2_nam_4\\SQA\\unit-test\\exam-management-unit-tests\\node_modules\\jest-circus\\build\\legacy-code-todo-rewrite\\jestAdapter.js:79:19)\n    at async runTestInternal (D:\\Ki_2_nam_4\\SQA\\unit-test\\exam-management-unit-tests\\node_modules\\jest-runner\\build\\runTest.js:367:16)\n    at async runTest (D:\\Ki_2_nam_4\\SQA\\unit-test\\exam-management-unit-tests\\node_modules\\jest-runner\\build\\runTest.js:444:34)"],"fullName":"ExamService - Quản lý bài test đầu vào createExam - Tạo bài test đầu vào mới TC_ES_CRE_013: createExam phải reject khi questions chứa QuestionID trùng","invocations":1,"location":null,"numPassingAsserts":0,"retryReasons":[],"status":"failed","title":"TC_ES_CRE_013: createExam phải reject khi questions chứa QuestionID trùng"},{"ancestorTitles":["ExamService - Quản lý bài test đầu vào","createExam - Tạo bài test đầu vào mới"],"duration":7,"failureDetails":[{"matcherResult":{"message":"expect(received).rejects.toThrow(expected)\n\nExpected substring: \"Duplicate OrderIndex in request payload\"\nReceived message:   \"Failed to retrieve created exam\"\n\n    \u001b[0m \u001b[90m 164 |\u001b[39m     \n     \u001b[90m 165 |\u001b[39m     \u001b[36mif\u001b[39m (\u001b[33m!\u001b[39mcompleteExam) {\n    \u001b[31m\u001b[1m>\u001b[22m\u001b[39m\u001b[90m 166 |\u001b[39m       \u001b[36mthrow\u001b[39m \u001b[36mnew\u001b[39m \u001b[33mError\u001b[39m(\u001b[32m'Failed to retrieve created exam'\u001b[39m)\u001b[33m;\u001b[39m\n     \u001b[90m     |\u001b[39m             \u001b[31m\u001b[1m^\u001b[22m\u001b[39m\n     \u001b[90m 167 |\u001b[39m     }\n     \u001b[90m 168 |\u001b[39m\n     \u001b[90m 169 |\u001b[39m     \u001b[36mreturn\u001b[39m completeExam\u001b[33m;\u001b[39m\u001b[0m\n\n      at ExamService.createExam (src/application/services/exam.service.ts:166:13)\n      at async Object.<anonymous> (tests/exam.service.test.ts:636:7)","pass":false},"message":"expect(received).rejects.toThrow(expected)\n\nExpected substring: \"Duplicate OrderIndex in request payload\"\nReceived message:   \"Failed to retrieve created exam\"\n\n    \u001b[0m \u001b[90m 164 |\u001b[39m     \n     \u001b[90m 165 |\u001b[39m     \u001b[36mif\u001b[39m (\u001b[33m!\u001b[39mcompleteExam) {\n    \u001b[31m\u001b[1m>\u001b[22m\u001b[39m\u001b[90m 166 |\u001b[39m       \u001b[36mthrow\u001b[39m \u001b[36mnew\u001b[39m \u001b[33mError\u001b[39m(\u001b[32m'Failed to retrieve created exam'\u001b[39m)\u001b[33m;\u001b[39m\n     \u001b[90m     |\u001b[39m             \u001b[31m\u001b[1m^\u001b[22m\u001b[39m\n     \u001b[90m 167 |\u001b[39m     }\n     \u001b[90m 168 |\u001b[39m\n     \u001b[90m 169 |\u001b[39m     \u001b[36mreturn\u001b[39m completeExam\u001b[33m;\u001b[39m\u001b[0m\n\n      at ExamService.createExam (src/application/services/exam.service.ts:166:13)\n      at async Object.<anonymous> (tests/exam.service.test.ts:636:7)"}],"failureMessages":["Error: expect(received).rejects.toThrow(expected)\n\nExpected substring: \"Duplicate OrderIndex in request payload\"\nReceived message:   \"Failed to retrieve created exam\"\n\n    \u001b[0m \u001b[90m 164 |\u001b[39m     \n     \u001b[90m 165 |\u001b[39m     \u001b[36mif\u001b[39m (\u001b[33m!\u001b[39mcompleteExam) {\n    \u001b[31m\u001b[1m>\u001b[22m\u001b[39m\u001b[90m 166 |\u001b[39m       \u001b[36mthrow\u001b[39m \u001b[36mnew\u001b[39m \u001b[33mError\u001b[39m(\u001b[32m'Failed to retrieve created exam'\u001b[39m)\u001b[33m;\u001b[39m\n     \u001b[90m     |\u001b[39m             \u001b[31m\u001b[1m^\u001b[22m\u001b[39m\n     \u001b[90m 167 |\u001b[39m     }\n     \u001b[90m 168 |\u001b[39m\n     \u001b[90m 169 |\u001b[39m     \u001b[36mreturn\u001b[39m completeExam\u001b[33m;\u001b[39m\u001b[0m\n\n      at ExamService.createExam (src/application/services/exam.service.ts:166:13)\n      at async Object.<anonymous> (tests/exam.service.test.ts:636:7)\n    at Object.toThrow (D:\\Ki_2_nam_4\\SQA\\unit-test\\exam-management-unit-tests\\node_modules\\expect\\build\\index.js:218:22)\n    at Object.<anonymous> (D:\\Ki_2_nam_4\\SQA\\unit-test\\exam-management-unit-tests\\tests\\exam.service.test.ts:637:18)\n    at Promise.then.completed (D:\\Ki_2_nam_4\\SQA\\unit-test\\exam-management-unit-tests\\node_modules\\jest-circus\\build\\utils.js:298:28)\n    at new Promise (<anonymous>)\n    at callAsyncCircusFn (D:\\Ki_2_nam_4\\SQA\\unit-test\\exam-management-unit-tests\\node_modules\\jest-circus\\build\\utils.js:231:10)\n    at _callCircusTest (D:\\Ki_2_nam_4\\SQA\\unit-test\\exam-management-unit-tests\\node_modules\\jest-circus\\build\\run.js:316:40)\n    at async _runTest (D:\\Ki_2_nam_4\\SQA\\unit-test\\exam-management-unit-tests\\node_modules\\jest-circus\\build\\run.js:252:3)\n    at async _runTestsForDescribeBlock (D:\\Ki_2_nam_4\\SQA\\unit-test\\exam-management-unit-tests\\node_modules\\jest-circus\\build\\run.js:126:9)\n    at async _runTestsForDescribeBlock (D:\\Ki_2_nam_4\\SQA\\unit-test\\exam-management-unit-tests\\node_modules\\jest-circus\\build\\run.js:121:9)\n    at async _runTestsForDescribeBlock (D:\\Ki_2_nam_4\\SQA\\unit-test\\exam-management-unit-tests\\node_modules\\jest-circus\\build\\run.js:121:9)\n    at async run (D:\\Ki_2_nam_4\\SQA\\unit-test\\exam-management-unit-tests\\node_modules\\jest-circus\\build\\run.js:71:3)\n    at async runAndTransformResultsToJestFormat (D:\\Ki_2_nam_4\\SQA\\unit-test\\exam-management-unit-tests\\node_modules\\jest-circus\\build\\legacy-code-todo-rewrite\\jestAdapterInit.js:122:21)\n    at async jestAdapter (D:\\Ki_2_nam_4\\SQA\\unit-test\\exam-management-unit-tests\\node_modules\\jest-circus\\build\\legacy-code-todo-rewrite\\jestAdapter.js:79:19)\n    at async runTestInternal (D:\\Ki_2_nam_4\\SQA\\unit-test\\exam-management-unit-tests\\node_modules\\jest-runner\\build\\runTest.js:367:16)\n    at async runTest (D:\\Ki_2_nam_4\\SQA\\unit-test\\exam-management-unit-tests\\node_modules\\jest-runner\\build\\runTest.js:444:34)"],"fullName":"ExamService - Quản lý bài test đầu vào createExam - Tạo bài test đầu vào mới TC_ES_CRE_014: createExam phải reject khi questions chứa OrderIndex trùng","invocations":1,"location":null,"numPassingAsserts":0,"retryReasons":[],"status":"failed","title":"TC_ES_CRE_014: createExam phải reject khi questions chứa OrderIndex trùng"},{"ancestorTitles":["ExamService - Quản lý bài test đầu vào","createExam - Tạo bài test đầu vào mới"],"duration":10,"failureDetails":[{"matcherResult":{"message":"expect(received).rejects.toThrow(expected)\n\nExpected substring: \"QuestionID must be a positive integer\"\nReceived message:   \"Cannot read properties of undefined (reading 'length')\"\n\n    \u001b[0m \u001b[90m 109 |\u001b[39m       \u001b[36mconst\u001b[39m existingQuestions \u001b[33m=\u001b[39m \u001b[36mawait\u001b[39m \u001b[36mthis\u001b[39m\u001b[33m.\u001b[39mquestionRepository\u001b[33m.\u001b[39mfindByIds(questionIds)\u001b[33m;\u001b[39m\n     \u001b[90m 110 |\u001b[39m\n    \u001b[31m\u001b[1m>\u001b[22m\u001b[39m\u001b[90m 111 |\u001b[39m       \u001b[36mif\u001b[39m (existingQuestions\u001b[33m.\u001b[39mlength \u001b[33m!==\u001b[39m questionIds\u001b[33m.\u001b[39mlength) {\n     \u001b[90m     |\u001b[39m                             \u001b[31m\u001b[1m^\u001b[22m\u001b[39m\n     \u001b[90m 112 |\u001b[39m         \u001b[36mthrow\u001b[39m \u001b[36mnew\u001b[39m \u001b[33mError\u001b[39m(\u001b[32m'Some questions do not exist'\u001b[39m)\u001b[33m;\u001b[39m\n     \u001b[90m 113 |\u001b[39m       }\n     \u001b[90m 114 |\u001b[39m\u001b[0m\n\n      at ExamService.createExam (src/application/services/exam.service.ts:111:29)\n      at async Object.<anonymous> (tests/exam.service.test.ts:656:7)","pass":false},"message":"expect(received).rejects.toThrow(expected)\n\nExpected substring: \"QuestionID must be a positive integer\"\nReceived message:   \"Cannot read properties of undefined (reading 'length')\"\n\n    \u001b[0m \u001b[90m 109 |\u001b[39m       \u001b[36mconst\u001b[39m existingQuestions \u001b[33m=\u001b[39m \u001b[36mawait\u001b[39m \u001b[36mthis\u001b[39m\u001b[33m.\u001b[39mquestionRepository\u001b[33m.\u001b[39mfindByIds(questionIds)\u001b[33m;\u001b[39m\n     \u001b[90m 110 |\u001b[39m\n    \u001b[31m\u001b[1m>\u001b[22m\u001b[39m\u001b[90m 111 |\u001b[39m       \u001b[36mif\u001b[39m (existingQuestions\u001b[33m.\u001b[39mlength \u001b[33m!==\u001b[39m questionIds\u001b[33m.\u001b[39mlength) {\n     \u001b[90m     |\u001b[39m                             \u001b[31m\u001b[1m^\u001b[22m\u001b[39m\n     \u001b[90m 112 |\u001b[39m         \u001b[36mthrow\u001b[39m \u001b[36mnew\u001b[39m \u001b[33mError\u001b[39m(\u001b[32m'Some questions do not exist'\u001b[39m)\u001b[33m;\u001b[39m\n     \u001b[90m 113 |\u001b[39m       }\n     \u001b[90m 114 |\u001b[39m\u001b[0m\n\n      at ExamService.createExam (src/application/services/exam.service.ts:111:29)\n      at async Object.<anonymous> (tests/exam.service.test.ts:656:7)"}],"failureMessages":["Error: expect(received).rejects.toThrow(expected)\n\nExpected substring: \"QuestionID must be a positive integer\"\nReceived message:   \"Cannot read properties of undefined (reading 'length')\"\n\n    \u001b[0m \u001b[90m 109 |\u001b[39m       \u001b[36mconst\u001b[39m existingQuestions \u001b[33m=\u001b[39m \u001b[36mawait\u001b[39m \u001b[36mthis\u001b[39m\u001b[33m.\u001b[39mquestionRepository\u001b[33m.\u001b[39mfindByIds(questionIds)\u001b[33m;\u001b[39m\n     \u001b[90m 110 |\u001b[39m\n    \u001b[31m\u001b[1m>\u001b[22m\u001b[39m\u001b[90m 111 |\u001b[39m       \u001b[36mif\u001b[39m (existingQuestions\u001b[33m.\u001b[39mlength \u001b[33m!==\u001b[39m questionIds\u001b[33m.\u001b[39mlength) {\n     \u001b[90m     |\u001b[39m                             \u001b[31m\u001b[1m^\u001b[22m\u001b[39m\n     \u001b[90m 112 |\u001b[39m         \u001b[36mthrow\u001b[39m \u001b[36mnew\u001b[39m \u001b[33mError\u001b[39m(\u001b[32m'Some questions do not exist'\u001b[39m)\u001b[33m;\u001b[39m\n     \u001b[90m 113 |\u001b[39m       }\n     \u001b[90m 114 |\u001b[39m\u001b[0m\n\n      at ExamService.createExam (src/application/services/exam.service.ts:111:29)\n      at async Object.<anonymous> (tests/exam.service.test.ts:656:7)\n    at Object.toThrow (D:\\Ki_2_nam_4\\SQA\\unit-test\\exam-management-unit-tests\\node_modules\\expect\\build\\index.js:218:22)\n    at Object.<anonymous> (D:\\Ki_2_nam_4\\SQA\\unit-test\\exam-management-unit-tests\\tests\\exam.service.test.ts:657:18)\n    at Promise.then.completed (D:\\Ki_2_nam_4\\SQA\\unit-test\\exam-management-unit-tests\\node_modules\\jest-circus\\build\\utils.js:298:28)\n    at new Promise (<anonymous>)\n    at callAsyncCircusFn (D:\\Ki_2_nam_4\\SQA\\unit-test\\exam-management-unit-tests\\node_modules\\jest-circus\\build\\utils.js:231:10)\n    at _callCircusTest (D:\\Ki_2_nam_4\\SQA\\unit-test\\exam-management-unit-tests\\node_modules\\jest-circus\\build\\run.js:316:40)\n    at async _runTest (D:\\Ki_2_nam_4\\SQA\\unit-test\\exam-management-unit-tests\\node_modules\\jest-circus\\build\\run.js:252:3)\n    at async _runTestsForDescribeBlock (D:\\Ki_2_nam_4\\SQA\\unit-test\\exam-management-unit-tests\\node_modules\\jest-circus\\build\\run.js:126:9)\n    at async _runTestsForDescribeBlock (D:\\Ki_2_nam_4\\SQA\\unit-test\\exam-management-unit-tests\\node_modules\\jest-circus\\build\\run.js:121:9)\n    at async _runTestsForDescribeBlock (D:\\Ki_2_nam_4\\SQA\\unit-test\\exam-management-unit-tests\\node_modules\\jest-circus\\build\\run.js:121:9)\n    at async run (D:\\Ki_2_nam_4\\SQA\\unit-test\\exam-management-unit-tests\\node_modules\\jest-circus\\build\\run.js:71:3)\n    at async runAndTransformResultsToJestFormat (D:\\Ki_2_nam_4\\SQA\\unit-test\\exam-management-unit-tests\\node_modules\\jest-circus\\build\\legacy-code-todo-rewrite\\jestAdapterInit.js:122:21)\n    at async jestAdapter (D:\\Ki_2_nam_4\\SQA\\unit-test\\exam-management-unit-tests\\node_modules\\jest-circus\\build\\legacy-code-todo-rewrite\\jestAdapter.js:79:19)\n    at async runTestInternal (D:\\Ki_2_nam_4\\SQA\\unit-test\\exam-management-unit-tests\\node_modules\\jest-runner\\build\\runTest.js:367:16)\n    at async runTest (D:\\Ki_2_nam_4\\SQA\\unit-test\\exam-management-unit-tests\\node_modules\\jest-runner\\build\\runTest.js:444:34)"],"fullName":"ExamService - Quản lý bài test đầu vào createExam - Tạo bài test đầu vào mới TC_ES_CRE_015: createExam phải reject khi QuestionID <= 0","invocations":1,"location":null,"numPassingAsserts":0,"retryReasons":[],"status":"failed","title":"TC_ES_CRE_015: createExam phải reject khi QuestionID <= 0"},{"ancestorTitles":["ExamService - Quản lý bài test đầu vào","createExam - Tạo bài test đầu vào mới"],"duration":6,"failureDetails":[{"matcherResult":{"message":"expect(received).rejects.toThrow(expected)\n\nExpected substring: \"MediaQuestionID must be a positive integer\"\nReceived message:   \"No questions found for selected media blocks\"\n\n    \u001b[0m \u001b[90m 130 |\u001b[39m\n     \u001b[90m 131 |\u001b[39m       \u001b[36mif\u001b[39m (mediaQuestions\u001b[33m.\u001b[39mlength \u001b[33m===\u001b[39m \u001b[35m0\u001b[39m) {\n    \u001b[31m\u001b[1m>\u001b[22m\u001b[39m\u001b[90m 132 |\u001b[39m         \u001b[36mthrow\u001b[39m \u001b[36mnew\u001b[39m \u001b[33mError\u001b[39m(\u001b[32m'No questions found for selected media blocks'\u001b[39m)\u001b[33m;\u001b[39m\n     \u001b[90m     |\u001b[39m               \u001b[31m\u001b[1m^\u001b[22m\u001b[39m\n     \u001b[90m 133 |\u001b[39m       }\n     \u001b[90m 134 |\u001b[39m\n     \u001b[90m 135 |\u001b[39m       \u001b[90m// Determine starting order index\u001b[39m\u001b[0m\n\n      at ExamService.createExam (src/application/services/exam.service.ts:132:15)\n      at async Object.<anonymous> (tests/exam.service.test.ts:678:7)","pass":false},"message":"expect(received).rejects.toThrow(expected)\n\nExpected substring: \"MediaQuestionID must be a positive integer\"\nReceived message:   \"No questions found for selected media blocks\"\n\n    \u001b[0m \u001b[90m 130 |\u001b[39m\n     \u001b[90m 131 |\u001b[39m       \u001b[36mif\u001b[39m (mediaQuestions\u001b[33m.\u001b[39mlength \u001b[33m===\u001b[39m \u001b[35m0\u001b[39m) {\n    \u001b[31m\u001b[1m>\u001b[22m\u001b[39m\u001b[90m 132 |\u001b[39m         \u001b[36mthrow\u001b[39m \u001b[36mnew\u001b[39m \u001b[33mError\u001b[39m(\u001b[32m'No questions found for selected media blocks'\u001b[39m)\u001b[33m;\u001b[39m\n     \u001b[90m     |\u001b[39m               \u001b[31m\u001b[1m^\u001b[22m\u001b[39m\n     \u001b[90m 133 |\u001b[39m       }\n     \u001b[90m 134 |\u001b[39m\n     \u001b[90m 135 |\u001b[39m       \u001b[90m// Determine starting order index\u001b[39m\u001b[0m\n\n      at ExamService.createExam (src/application/services/exam.service.ts:132:15)\n      at async Object.<anonymous> (tests/exam.service.test.ts:678:7)"}],"failureMessages":["Error: expect(received).rejects.toThrow(expected)\n\nExpected substring: \"MediaQuestionID must be a positive integer\"\nReceived message:   \"No questions found for selected media blocks\"\n\n    \u001b[0m \u001b[90m 130 |\u001b[39m\n     \u001b[90m 131 |\u001b[39m       \u001b[36mif\u001b[39m (mediaQuestions\u001b[33m.\u001b[39mlength \u001b[33m===\u001b[39m \u001b[35m0\u001b[39m) {\n    \u001b[31m\u001b[1m>\u001b[22m\u001b[39m\u001b[90m 132 |\u001b[39m         \u001b[36mthrow\u001b[39m \u001b[36mnew\u001b[39m \u001b[33mError\u001b[39m(\u001b[32m'No questions found for selected media blocks'\u001b[39m)\u001b[33m;\u001b[39m\n     \u001b[90m     |\u001b[39m               \u001b[31m\u001b[1m^\u001b[22m\u001b[39m\n     \u001b[90m 133 |\u001b[39m       }\n     \u001b[90m 134 |\u001b[39m\n     \u001b[90m 135 |\u001b[39m       \u001b[90m// Determine starting order index\u001b[39m\u001b[0m\n\n      at ExamService.createExam (src/application/services/exam.service.ts:132:15)\n      at async Object.<anonymous> (tests/exam.service.test.ts:678:7)\n    at Object.toThrow (D:\\Ki_2_nam_4\\SQA\\unit-test\\exam-management-unit-tests\\node_modules\\expect\\build\\index.js:218:22)\n    at Object.<anonymous> (D:\\Ki_2_nam_4\\SQA\\unit-test\\exam-management-unit-tests\\tests\\exam.service.test.ts:679:18)\n    at Promise.then.completed (D:\\Ki_2_nam_4\\SQA\\unit-test\\exam-management-unit-tests\\node_modules\\jest-circus\\build\\utils.js:298:28)\n    at new Promise (<anonymous>)\n    at callAsyncCircusFn (D:\\Ki_2_nam_4\\SQA\\unit-test\\exam-management-unit-tests\\node_modules\\jest-circus\\build\\utils.js:231:10)\n    at _callCircusTest (D:\\Ki_2_nam_4\\SQA\\unit-test\\exam-management-unit-tests\\node_modules\\jest-circus\\build\\run.js:316:40)\n    at async _runTest (D:\\Ki_2_nam_4\\SQA\\unit-test\\exam-management-unit-tests\\node_modules\\jest-circus\\build\\run.js:252:3)\n    at async _runTestsForDescribeBlock (D:\\Ki_2_nam_4\\SQA\\unit-test\\exam-management-unit-tests\\node_modules\\jest-circus\\build\\run.js:126:9)\n    at async _runTestsForDescribeBlock (D:\\Ki_2_nam_4\\SQA\\unit-test\\exam-management-unit-tests\\node_modules\\jest-circus\\build\\run.js:121:9)\n    at async _runTestsForDescribeBlock (D:\\Ki_2_nam_4\\SQA\\unit-test\\exam-management-unit-tests\\node_modules\\jest-circus\\build\\run.js:121:9)\n    at async run (D:\\Ki_2_nam_4\\SQA\\unit-test\\exam-management-unit-tests\\node_modules\\jest-circus\\build\\run.js:71:3)\n    at async runAndTransformResultsToJestFormat (D:\\Ki_2_nam_4\\SQA\\unit-test\\exam-management-unit-tests\\node_modules\\jest-circus\\build\\legacy-code-todo-rewrite\\jestAdapterInit.js:122:21)\n    at async jestAdapter (D:\\Ki_2_nam_4\\SQA\\unit-test\\exam-management-unit-tests\\node_modules\\jest-circus\\build\\legacy-code-todo-rewrite\\jestAdapter.js:79:19)\n    at async runTestInternal (D:\\Ki_2_nam_4\\SQA\\unit-test\\exam-management-unit-tests\\node_modules\\jest-runner\\build\\runTest.js:367:16)\n    at async runTest (D:\\Ki_2_nam_4\\SQA\\unit-test\\exam-management-unit-tests\\node_modules\\jest-runner\\build\\runTest.js:444:34)"],"fullName":"ExamService - Quản lý bài test đầu vào createExam - Tạo bài test đầu vào mới TC_ES_CRE_016: createExam phải reject khi MediaQuestionIDs chứa ID <= 0","invocations":1,"location":null,"numPassingAsserts":0,"retryReasons":[],"status":"failed","title":"TC_ES_CRE_016: createExam phải reject khi MediaQuestionIDs chứa ID <= 0"},{"ancestorTitles":["ExamService - Quản lý bài test đầu vào","createExam - Tạo bài test đầu vào mới"],"duration":6,"failureDetails":[{"matcherResult":{"message":"expect(received).rejects.toThrow(expected)\n\nExpected substring: \"UserID must be a positive integer\"\nReceived message:   \"Cannot read properties of undefined (reading 'ID')\"\n\n    \u001b[0m \u001b[90m 161 |\u001b[39m\n     \u001b[90m 162 |\u001b[39m     \u001b[90m// Reload exam with all relations to return complete data\u001b[39m\n    \u001b[31m\u001b[1m>\u001b[22m\u001b[39m\u001b[90m 163 |\u001b[39m     \u001b[36mconst\u001b[39m completeExam \u001b[33m=\u001b[39m \u001b[36mawait\u001b[39m \u001b[36mthis\u001b[39m\u001b[33m.\u001b[39mexamRepository\u001b[33m.\u001b[39mfindById(exam\u001b[33m.\u001b[39m\u001b[33mID\u001b[39m)\u001b[33m;\u001b[39m\n     \u001b[90m     |\u001b[39m                                                                  \u001b[31m\u001b[1m^\u001b[22m\u001b[39m\n     \u001b[90m 164 |\u001b[39m     \n     \u001b[90m 165 |\u001b[39m     \u001b[36mif\u001b[39m (\u001b[33m!\u001b[39mcompleteExam) {\n     \u001b[90m 166 |\u001b[39m       \u001b[36mthrow\u001b[39m \u001b[36mnew\u001b[39m \u001b[33mError\u001b[39m(\u001b[32m'Failed to retrieve created exam'\u001b[39m)\u001b[33m;\u001b[39m\u001b[0m\n\n      at ExamService.createExam (src/application/services/exam.service.ts:163:66)\n      at async Object.<anonymous> (tests/exam.service.test.ts:697:7)","pass":false},"message":"expect(received).rejects.toThrow(expected)\n\nExpected substring: \"UserID must be a positive integer\"\nReceived message:   \"Cannot read properties of undefined (reading 'ID')\"\n\n    \u001b[0m \u001b[90m 161 |\u001b[39m\n     \u001b[90m 162 |\u001b[39m     \u001b[90m// Reload exam with all relations to return complete data\u001b[39m\n    \u001b[31m\u001b[1m>\u001b[22m\u001b[39m\u001b[90m 163 |\u001b[39m     \u001b[36mconst\u001b[39m completeExam \u001b[33m=\u001b[39m \u001b[36mawait\u001b[39m \u001b[36mthis\u001b[39m\u001b[33m.\u001b[39mexamRepository\u001b[33m.\u001b[39mfindById(exam\u001b[33m.\u001b[39m\u001b[33mID\u001b[39m)\u001b[33m;\u001b[39m\n     \u001b[90m     |\u001b[39m                                                                  \u001b[31m\u001b[1m^\u001b[22m\u001b[39m\n     \u001b[90m 164 |\u001b[39m     \n     \u001b[90m 165 |\u001b[39m     \u001b[36mif\u001b[39m (\u001b[33m!\u001b[39mcompleteExam) {\n     \u001b[90m 166 |\u001b[39m       \u001b[36mthrow\u001b[39m \u001b[36mnew\u001b[39m \u001b[33mError\u001b[39m(\u001b[32m'Failed to retrieve created exam'\u001b[39m)\u001b[33m;\u001b[39m\u001b[0m\n\n      at ExamService.createExam (src/application/services/exam.service.ts:163:66)\n      at async Object.<anonymous> (tests/exam.service.test.ts:697:7)"}],"failureMessages":["Error: expect(received).rejects.toThrow(expected)\n\nExpected substring: \"UserID must be a positive integer\"\nReceived message:   \"Cannot read properties of undefined (reading 'ID')\"\n\n    \u001b[0m \u001b[90m 161 |\u001b[39m\n     \u001b[90m 162 |\u001b[39m     \u001b[90m// Reload exam with all relations to return complete data\u001b[39m\n    \u001b[31m\u001b[1m>\u001b[22m\u001b[39m\u001b[90m 163 |\u001b[39m     \u001b[36mconst\u001b[39m completeExam \u001b[33m=\u001b[39m \u001b[36mawait\u001b[39m \u001b[36mthis\u001b[39m\u001b[33m.\u001b[39mexamRepository\u001b[33m.\u001b[39mfindById(exam\u001b[33m.\u001b[39m\u001b[33mID\u001b[39m)\u001b[33m;\u001b[39m\n     \u001b[90m     |\u001b[39m                                                                  \u001b[31m\u001b[1m^\u001b[22m\u001b[39m\n     \u001b[90m 164 |\u001b[39m     \n     \u001b[90m 165 |\u001b[39m     \u001b[36mif\u001b[39m (\u001b[33m!\u001b[39mcompleteExam) {\n     \u001b[90m 166 |\u001b[39m       \u001b[36mthrow\u001b[39m \u001b[36mnew\u001b[39m \u001b[33mError\u001b[39m(\u001b[32m'Failed to retrieve created exam'\u001b[39m)\u001b[33m;\u001b[39m\u001b[0m\n\n      at ExamService.createExam (src/application/services/exam.service.ts:163:66)\n      at async Object.<anonymous> (tests/exam.service.test.ts:697:7)\n    at Object.toThrow (D:\\Ki_2_nam_4\\SQA\\unit-test\\exam-management-unit-tests\\node_modules\\expect\\build\\index.js:218:22)\n    at Object.<anonymous> (D:\\Ki_2_nam_4\\SQA\\unit-test\\exam-management-unit-tests\\tests\\exam.service.test.ts:698:18)\n    at Promise.then.completed (D:\\Ki_2_nam_4\\SQA\\unit-test\\exam-management-unit-tests\\node_modules\\jest-circus\\build\\utils.js:298:28)\n    at new Promise (<anonymous>)\n    at callAsyncCircusFn (D:\\Ki_2_nam_4\\SQA\\unit-test\\exam-management-unit-tests\\node_modules\\jest-circus\\build\\utils.js:231:10)\n    at _callCircusTest (D:\\Ki_2_nam_4\\SQA\\unit-test\\exam-management-unit-tests\\node_modules\\jest-circus\\build\\run.js:316:40)\n    at async _runTest (D:\\Ki_2_nam_4\\SQA\\unit-test\\exam-management-unit-tests\\node_modules\\jest-circus\\build\\run.js:252:3)\n    at async _runTestsForDescribeBlock (D:\\Ki_2_nam_4\\SQA\\unit-test\\exam-management-unit-tests\\node_modules\\jest-circus\\build\\run.js:126:9)\n    at async _runTestsForDescribeBlock (D:\\Ki_2_nam_4\\SQA\\unit-test\\exam-management-unit-tests\\node_modules\\jest-circus\\build\\run.js:121:9)\n    at async _runTestsForDescribeBlock (D:\\Ki_2_nam_4\\SQA\\unit-test\\exam-management-unit-tests\\node_modules\\jest-circus\\build\\run.js:121:9)\n    at async run (D:\\Ki_2_nam_4\\SQA\\unit-test\\exam-management-unit-tests\\node_modules\\jest-circus\\build\\run.js:71:3)\n    at async runAndTransformResultsToJestFormat (D:\\Ki_2_nam_4\\SQA\\unit-test\\exam-management-unit-tests\\node_modules\\jest-circus\\build\\legacy-code-todo-rewrite\\jestAdapterInit.js:122:21)\n    at async jestAdapter (D:\\Ki_2_nam_4\\SQA\\unit-test\\exam-management-unit-tests\\node_modules\\jest-circus\\build\\legacy-code-todo-rewrite\\jestAdapter.js:79:19)\n    at async runTestInternal (D:\\Ki_2_nam_4\\SQA\\unit-test\\exam-management-unit-tests\\node_modules\\jest-runner\\build\\runTest.js:367:16)\n    at async runTest (D:\\Ki_2_nam_4\\SQA\\unit-test\\exam-management-unit-tests\\node_modules\\jest-runner\\build\\runTest.js:444:34)"],"fullName":"ExamService - Quản lý bài test đầu vào createExam - Tạo bài test đầu vào mới TC_ES_CRE_017: createExam phải reject khi userId không hợp lệ","invocations":1,"location":null,"numPassingAsserts":0,"retryReasons":[],"status":"failed","title":"TC_ES_CRE_017: createExam phải reject khi userId không hợp lệ"},{"ancestorTitles":["ExamService - Quản lý bài test đầu vào","getExamById - Lấy thông tin bài test theo ID"],"duration":4,"failureDetails":[],"failureMessages":[],"fullName":"ExamService - Quản lý bài test đầu vào getExamById - Lấy thông tin bài test theo ID TC_ES_GET_001: Lấy exam thành công với đầy đủ thông tin","invocations":1,"location":null,"numPassingAsserts":16,"retryReasons":[],"status":"passed","title":"TC_ES_GET_001: Lấy exam thành công với đầy đủ thông tin"},{"ancestorTitles":["ExamService - Quản lý bài test đầu vào","getExamById - Lấy thông tin bài test theo ID"],"duration":1,"failureDetails":[],"failureMessages":[],"fullName":"ExamService - Quản lý bài test đầu vào getExamById - Lấy thông tin bài test theo ID TC_ES_GET_002: Thất bại khi exam không tồn tại","invocations":1,"location":null,"numPassingAsserts":1,"retryReasons":[],"status":"passed","title":"TC_ES_GET_002: Thất bại khi exam không tồn tại"},{"ancestorTitles":["ExamService - Quản lý bài test đầu vào","getExamById - Lấy thông tin bài test theo ID"],"duration":2,"failureDetails":[],"failureMessages":[],"fullName":"ExamService - Quản lý bài test đầu vào getExamById - Lấy thông tin bài test theo ID TC_ES_GET_003: Response DTO chứa thông tin Media đầy đủ","invocations":1,"location":null,"numPassingAsserts":6,"retryReasons":[],"status":"passed","title":"TC_ES_GET_003: Response DTO chứa thông tin Media đầy đủ"},{"ancestorTitles":["ExamService - Quản lý bài test đầu vào","getExamById - Lấy thông tin bài test theo ID"],"duration":8,"failureDetails":[{"matcherResult":{"message":"expect(received).rejects.toThrow(expected)\n\nExpected substring: \"Exam type data is missing\"\nReceived message:   \"Cannot read properties of null (reading 'ID')\"\n\n    \u001b[0m \u001b[90m 1152 |\u001b[39m       \u001b[33mType\u001b[39m\u001b[33m:\u001b[39m exam\u001b[33m.\u001b[39m\u001b[33mType\u001b[39m \u001b[33m||\u001b[39m \u001b[32m''\u001b[39m\u001b[33m,\u001b[39m\n     \u001b[90m 1153 |\u001b[39m       \u001b[33mExamType\u001b[39m\u001b[33m:\u001b[39m {\n    \u001b[31m\u001b[1m>\u001b[22m\u001b[39m\u001b[90m 1154 |\u001b[39m         \u001b[33mID\u001b[39m\u001b[33m:\u001b[39m exam\u001b[33m.\u001b[39mexamType\u001b[33m.\u001b[39m\u001b[33mID\u001b[39m\u001b[33m,\u001b[39m\n     \u001b[90m      |\u001b[39m                           \u001b[31m\u001b[1m^\u001b[22m\u001b[39m\n     \u001b[90m 1155 |\u001b[39m         \u001b[33mCode\u001b[39m\u001b[33m:\u001b[39m exam\u001b[33m.\u001b[39mexamType\u001b[33m.\u001b[39m\u001b[33mCode\u001b[39m\u001b[33m,\u001b[39m\n     \u001b[90m 1156 |\u001b[39m         \u001b[33mDescription\u001b[39m\u001b[33m:\u001b[39m exam\u001b[33m.\u001b[39mexamType\u001b[33m.\u001b[39m\u001b[33mDescription\u001b[39m \u001b[33m||\u001b[39m \u001b[32m''\u001b[39m\u001b[33m,\u001b[39m\n     \u001b[90m 1157 |\u001b[39m       }\u001b[33m,\u001b[39m\u001b[0m\n\n      at ExamService.transformToExamDetailResponse (src/application/services/exam.service.ts:1154:27)\n      at ExamService.getExamById (src/application/services/exam.service.ts:196:17)\n      at async Object.<anonymous> (tests/exam.service.test.ts:797:7)","pass":false},"message":"expect(received).rejects.toThrow(expected)\n\nExpected substring: \"Exam type data is missing\"\nReceived message:   \"Cannot read properties of null (reading 'ID')\"\n\n    \u001b[0m \u001b[90m 1152 |\u001b[39m       \u001b[33mType\u001b[39m\u001b[33m:\u001b[39m exam\u001b[33m.\u001b[39m\u001b[33mType\u001b[39m \u001b[33m||\u001b[39m \u001b[32m''\u001b[39m\u001b[33m,\u001b[39m\n     \u001b[90m 1153 |\u001b[39m       \u001b[33mExamType\u001b[39m\u001b[33m:\u001b[39m {\n    \u001b[31m\u001b[1m>\u001b[22m\u001b[39m\u001b[90m 1154 |\u001b[39m         \u001b[33mID\u001b[39m\u001b[33m:\u001b[39m exam\u001b[33m.\u001b[39mexamType\u001b[33m.\u001b[39m\u001b[33mID\u001b[39m\u001b[33m,\u001b[39m\n     \u001b[90m      |\u001b[39m                           \u001b[31m\u001b[1m^\u001b[22m\u001b[39m\n     \u001b[90m 1155 |\u001b[39m         \u001b[33mCode\u001b[39m\u001b[33m:\u001b[39m exam\u001b[33m.\u001b[39mexamType\u001b[33m.\u001b[39m\u001b[33mCode\u001b[39m\u001b[33m,\u001b[39m\n     \u001b[90m 1156 |\u001b[39m         \u001b[33mDescription\u001b[39m\u001b[33m:\u001b[39m exam\u001b[33m.\u001b[39mexamType\u001b[33m.\u001b[39m\u001b[33mDescription\u001b[39m \u001b[33m||\u001b[39m \u001b[32m''\u001b[39m\u001b[33m,\u001b[39m\n     \u001b[90m 1157 |\u001b[39m       }\u001b[33m,\u001b[39m\u001b[0m\n\n      at ExamService.transformToExamDetailResponse (src/application/services/exam.service.ts:1154:27)\n      at ExamService.getExamById (src/application/services/exam.service.ts:196:17)\n      at async Object.<anonymous> (tests/exam.service.test.ts:797:7)"}],"failureMessages":["Error: expect(received).rejects.toThrow(expected)\n\nExpected substring: \"Exam type data is missing\"\nReceived message:   \"Cannot read properties of null (reading 'ID')\"\n\n    \u001b[0m \u001b[90m 1152 |\u001b[39m       \u001b[33mType\u001b[39m\u001b[33m:\u001b[39m exam\u001b[33m.\u001b[39m\u001b[33mType\u001b[39m \u001b[33m||\u001b[39m \u001b[32m''\u001b[39m\u001b[33m,\u001b[39m\n     \u001b[90m 1153 |\u001b[39m       \u001b[33mExamType\u001b[39m\u001b[33m:\u001b[39m {\n    \u001b[31m\u001b[1m>\u001b[22m\u001b[39m\u001b[90m 1154 |\u001b[39m         \u001b[33mID\u001b[39m\u001b[33m:\u001b[39m exam\u001b[33m.\u001b[39mexamType\u001b[33m.\u001b[39m\u001b[33mID\u001b[39m\u001b[33m,\u001b[39m\n     \u001b[90m      |\u001b[39m                           \u001b[31m\u001b[1m^\u001b[22m\u001b[39m\n     \u001b[90m 1155 |\u001b[39m         \u001b[33mCode\u001b[39m\u001b[33m:\u001b[39m exam\u001b[33m.\u001b[39mexamType\u001b[33m.\u001b[39m\u001b[33mCode\u001b[39m\u001b[33m,\u001b[39m\n     \u001b[90m 1156 |\u001b[39m         \u001b[33mDescription\u001b[39m\u001b[33m:\u001b[39m exam\u001b[33m.\u001b[39mexamType\u001b[33m.\u001b[39m\u001b[33mDescription\u001b[39m \u001b[33m||\u001b[39m \u001b[32m''\u001b[39m\u001b[33m,\u001b[39m\n     \u001b[90m 1157 |\u001b[39m       }\u001b[33m,\u001b[39m\u001b[0m\n\n      at ExamService.transformToExamDetailResponse (src/application/services/exam.service.ts:1154:27)\n      at ExamService.getExamById (src/application/services/exam.service.ts:196:17)\n      at async Object.<anonymous> (tests/exam.service.test.ts:797:7)\n    at Object.toThrow (D:\\Ki_2_nam_4\\SQA\\unit-test\\exam-management-unit-tests\\node_modules\\expect\\build\\index.js:218:22)\n    at Object.<anonymous> (D:\\Ki_2_nam_4\\SQA\\unit-test\\exam-management-unit-tests\\tests\\exam.service.test.ts:798:18)\n    at Promise.then.completed (D:\\Ki_2_nam_4\\SQA\\unit-test\\exam-management-unit-tests\\node_modules\\jest-circus\\build\\utils.js:298:28)\n    at new Promise (<anonymous>)\n    at callAsyncCircusFn (D:\\Ki_2_nam_4\\SQA\\unit-test\\exam-management-unit-tests\\node_modules\\jest-circus\\build\\utils.js:231:10)\n    at _callCircusTest (D:\\Ki_2_nam_4\\SQA\\unit-test\\exam-management-unit-tests\\node_modules\\jest-circus\\build\\run.js:316:40)\n    at async _runTest (D:\\Ki_2_nam_4\\SQA\\unit-test\\exam-management-unit-tests\\node_modules\\jest-circus\\build\\run.js:252:3)\n    at async _runTestsForDescribeBlock (D:\\Ki_2_nam_4\\SQA\\unit-test\\exam-management-unit-tests\\node_modules\\jest-circus\\build\\run.js:126:9)\n    at async _runTestsForDescribeBlock (D:\\Ki_2_nam_4\\SQA\\unit-test\\exam-management-unit-tests\\node_modules\\jest-circus\\build\\run.js:121:9)\n    at async _runTestsForDescribeBlock (D:\\Ki_2_nam_4\\SQA\\unit-test\\exam-management-unit-tests\\node_modules\\jest-circus\\build\\run.js:121:9)\n    at async run (D:\\Ki_2_nam_4\\SQA\\unit-test\\exam-management-unit-tests\\node_modules\\jest-circus\\build\\run.js:71:3)\n    at async runAndTransformResultsToJestFormat (D:\\Ki_2_nam_4\\SQA\\unit-test\\exam-management-unit-tests\\node_modules\\jest-circus\\build\\legacy-code-todo-rewrite\\jestAdapterInit.js:122:21)\n    at async jestAdapter (D:\\Ki_2_nam_4\\SQA\\unit-test\\exam-management-unit-tests\\node_modules\\jest-circus\\build\\legacy-code-todo-rewrite\\jestAdapter.js:79:19)\n    at async runTestInternal (D:\\Ki_2_nam_4\\SQA\\unit-test\\exam-management-unit-tests\\node_modules\\jest-runner\\build\\runTest.js:367:16)\n    at async runTest (D:\\Ki_2_nam_4\\SQA\\unit-test\\exam-management-unit-tests\\node_modules\\jest-runner\\build\\runTest.js:444:34)"],"fullName":"ExamService - Quản lý bài test đầu vào getExamById - Lấy thông tin bài test theo ID TC_ES_GET_004: getExamById phải fail graceful khi exam thiếu examType relation","invocations":1,"location":null,"numPassingAsserts":0,"retryReasons":[],"status":"failed","title":"TC_ES_GET_004: getExamById phải fail graceful khi exam thiếu examType relation"},{"ancestorTitles":["ExamService - Quản lý bài test đầu vào","getExamById - Lấy thông tin bài test theo ID"],"duration":5,"failureDetails":[{"matcherResult":{"message":"expect(received).rejects.toThrow(expected)\n\nExpected substring: \"Question media data is missing\"\nReceived message:   \"Cannot read properties of null (reading 'ID')\"\n\n    \u001b[0m \u001b[90m 1170 |\u001b[39m               }))\u001b[33m,\u001b[39m\n     \u001b[90m 1171 |\u001b[39m               \u001b[33mMedia\u001b[39m\u001b[33m:\u001b[39m {\n    \u001b[31m\u001b[1m>\u001b[22m\u001b[39m\u001b[90m 1172 |\u001b[39m                 \u001b[33mID\u001b[39m\u001b[33m:\u001b[39m eq\u001b[33m.\u001b[39mquestion\u001b[33m.\u001b[39mmediaQuestion\u001b[33m.\u001b[39m\u001b[33mID\u001b[39m\u001b[33m,\u001b[39m\n     \u001b[90m      |\u001b[39m                                               \u001b[31m\u001b[1m^\u001b[22m\u001b[39m\n     \u001b[90m 1173 |\u001b[39m                 \u001b[33mSkill\u001b[39m\u001b[33m:\u001b[39m eq\u001b[33m.\u001b[39mquestion\u001b[33m.\u001b[39mmediaQuestion\u001b[33m.\u001b[39m\u001b[33mSkill\u001b[39m \u001b[33m||\u001b[39m \u001b[32m''\u001b[39m\u001b[33m,\u001b[39m\n     \u001b[90m 1174 |\u001b[39m                 \u001b[33mType\u001b[39m\u001b[33m:\u001b[39m eq\u001b[33m.\u001b[39mquestion\u001b[33m.\u001b[39mmediaQuestion\u001b[33m.\u001b[39m\u001b[33mType\u001b[39m\u001b[33m,\u001b[39m\n     \u001b[90m 1175 |\u001b[39m                 \u001b[33mSection\u001b[39m\u001b[33m:\u001b[39m eq\u001b[33m.\u001b[39mquestion\u001b[33m.\u001b[39mmediaQuestion\u001b[33m.\u001b[39m\u001b[33mSection\u001b[39m \u001b[33m||\u001b[39m \u001b[32m''\u001b[39m\u001b[33m,\u001b[39m\u001b[0m\n\n      at src/application/services/exam.service.ts:1172:47\n          at Array.map (<anonymous>)\n      at ExamService.transformToExamDetailResponse (src/application/services/exam.service.ts:1161:14)\n      at ExamService.getExamById (src/application/services/exam.service.ts:196:17)\n      at async Object.<anonymous> (tests/exam.service.test.ts:823:7)","pass":false},"message":"expect(received).rejects.toThrow(expected)\n\nExpected substring: \"Question media data is missing\"\nReceived message:   \"Cannot read properties of null (reading 'ID')\"\n\n    \u001b[0m \u001b[90m 1170 |\u001b[39m               }))\u001b[33m,\u001b[39m\n     \u001b[90m 1171 |\u001b[39m               \u001b[33mMedia\u001b[39m\u001b[33m:\u001b[39m {\n    \u001b[31m\u001b[1m>\u001b[22m\u001b[39m\u001b[90m 1172 |\u001b[39m                 \u001b[33mID\u001b[39m\u001b[33m:\u001b[39m eq\u001b[33m.\u001b[39mquestion\u001b[33m.\u001b[39mmediaQuestion\u001b[33m.\u001b[39m\u001b[33mID\u001b[39m\u001b[33m,\u001b[39m\n     \u001b[90m      |\u001b[39m                                               \u001b[31m\u001b[1m^\u001b[22m\u001b[39m\n     \u001b[90m 1173 |\u001b[39m                 \u001b[33mSkill\u001b[39m\u001b[33m:\u001b[39m eq\u001b[33m.\u001b[39mquestion\u001b[33m.\u001b[39mmediaQuestion\u001b[33m.\u001b[39m\u001b[33mSkill\u001b[39m \u001b[33m||\u001b[39m \u001b[32m''\u001b[39m\u001b[33m,\u001b[39m\n     \u001b[90m 1174 |\u001b[39m                 \u001b[33mType\u001b[39m\u001b[33m:\u001b[39m eq\u001b[33m.\u001b[39mquestion\u001b[33m.\u001b[39mmediaQuestion\u001b[33m.\u001b[39m\u001b[33mType\u001b[39m\u001b[33m,\u001b[39m\n     \u001b[90m 1175 |\u001b[39m                 \u001b[33mSection\u001b[39m\u001b[33m:\u001b[39m eq\u001b[33m.\u001b[39mquestion\u001b[33m.\u001b[39mmediaQuestion\u001b[33m.\u001b[39m\u001b[33mSection\u001b[39m \u001b[33m||\u001b[39m \u001b[32m''\u001b[39m\u001b[33m,\u001b[39m\u001b[0m\n\n      at src/application/services/exam.service.ts:1172:47\n          at Array.map (<anonymous>)\n      at ExamService.transformToExamDetailResponse (src/application/services/exam.service.ts:1161:14)\n      at ExamService.getExamById (src/application/services/exam.service.ts:196:17)\n      at async Object.<anonymous> (tests/exam.service.test.ts:823:7)"}],"failureMessages":["Error: expect(received).rejects.toThrow(expected)\n\nExpected substring: \"Question media data is missing\"\nReceived message:   \"Cannot read properties of null (reading 'ID')\"\n\n    \u001b[0m \u001b[90m 1170 |\u001b[39m               }))\u001b[33m,\u001b[39m\n     \u001b[90m 1171 |\u001b[39m               \u001b[33mMedia\u001b[39m\u001b[33m:\u001b[39m {\n    \u001b[31m\u001b[1m>\u001b[22m\u001b[39m\u001b[90m 1172 |\u001b[39m                 \u001b[33mID\u001b[39m\u001b[33m:\u001b[39m eq\u001b[33m.\u001b[39mquestion\u001b[33m.\u001b[39mmediaQuestion\u001b[33m.\u001b[39m\u001b[33mID\u001b[39m\u001b[33m,\u001b[39m\n     \u001b[90m      |\u001b[39m                                               \u001b[31m\u001b[1m^\u001b[22m\u001b[39m\n     \u001b[90m 1173 |\u001b[39m                 \u001b[33mSkill\u001b[39m\u001b[33m:\u001b[39m eq\u001b[33m.\u001b[39mquestion\u001b[33m.\u001b[39mmediaQuestion\u001b[33m.\u001b[39m\u001b[33mSkill\u001b[39m \u001b[33m||\u001b[39m \u001b[32m''\u001b[39m\u001b[33m,\u001b[39m\n     \u001b[90m 1174 |\u001b[39m                 \u001b[33mType\u001b[39m\u001b[33m:\u001b[39m eq\u001b[33m.\u001b[39mquestion\u001b[33m.\u001b[39mmediaQuestion\u001b[33m.\u001b[39m\u001b[33mType\u001b[39m\u001b[33m,\u001b[39m\n     \u001b[90m 1175 |\u001b[39m                 \u001b[33mSection\u001b[39m\u001b[33m:\u001b[39m eq\u001b[33m.\u001b[39mquestion\u001b[33m.\u001b[39mmediaQuestion\u001b[33m.\u001b[39m\u001b[33mSection\u001b[39m \u001b[33m||\u001b[39m \u001b[32m''\u001b[39m\u001b[33m,\u001b[39m\u001b[0m\n\n      at src/application/services/exam.service.ts:1172:47\n          at Array.map (<anonymous>)\n      at ExamService.transformToExamDetailResponse (src/application/services/exam.service.ts:1161:14)\n      at ExamService.getExamById (src/application/services/exam.service.ts:196:17)\n      at async Object.<anonymous> (tests/exam.service.test.ts:823:7)\n    at Object.toThrow (D:\\Ki_2_nam_4\\SQA\\unit-test\\exam-management-unit-tests\\node_modules\\expect\\build\\index.js:218:22)\n    at Object.<anonymous> (D:\\Ki_2_nam_4\\SQA\\unit-test\\exam-management-unit-tests\\tests\\exam.service.test.ts:824:18)\n    at Promise.then.completed (D:\\Ki_2_nam_4\\SQA\\unit-test\\exam-management-unit-tests\\node_modules\\jest-circus\\build\\utils.js:298:28)\n    at new Promise (<anonymous>)\n    at callAsyncCircusFn (D:\\Ki_2_nam_4\\SQA\\unit-test\\exam-management-unit-tests\\node_modules\\jest-circus\\build\\utils.js:231:10)\n    at _callCircusTest (D:\\Ki_2_nam_4\\SQA\\unit-test\\exam-management-unit-tests\\node_modules\\jest-circus\\build\\run.js:316:40)\n    at async _runTest (D:\\Ki_2_nam_4\\SQA\\unit-test\\exam-management-unit-tests\\node_modules\\jest-circus\\build\\run.js:252:3)\n    at async _runTestsForDescribeBlock (D:\\Ki_2_nam_4\\SQA\\unit-test\\exam-management-unit-tests\\node_modules\\jest-circus\\build\\run.js:126:9)\n    at async _runTestsForDescribeBlock (D:\\Ki_2_nam_4\\SQA\\unit-test\\exam-management-unit-tests\\node_modules\\jest-circus\\build\\run.js:121:9)\n    at async _runTestsForDescribeBlock (D:\\Ki_2_nam_4\\SQA\\unit-test\\exam-management-unit-tests\\node_modules\\jest-circus\\build\\run.js:121:9)\n    at async run (D:\\Ki_2_nam_4\\SQA\\unit-test\\exam-management-unit-tests\\node_modules\\jest-circus\\build\\run.js:71:3)\n    at async runAndTransformResultsToJestFormat (D:\\Ki_2_nam_4\\SQA\\unit-test\\exam-management-unit-tests\\node_modules\\jest-circus\\build\\legacy-code-todo-rewrite\\jestAdapterInit.js:122:21)\n    at async jestAdapter (D:\\Ki_2_nam_4\\SQA\\unit-test\\exam-management-unit-tests\\node_modules\\jest-circus\\build\\legacy-code-todo-rewrite\\jestAdapter.js:79:19)\n    at async runTestInternal (D:\\Ki_2_nam_4\\SQA\\unit-test\\exam-management-unit-tests\\node_modules\\jest-runner\\build\\runTest.js:367:16)\n    at async runTest (D:\\Ki_2_nam_4\\SQA\\unit-test\\exam-management-unit-tests\\node_modules\\jest-runner\\build\\runTest.js:444:34)"],"fullName":"ExamService - Quản lý bài test đầu vào getExamById - Lấy thông tin bài test theo ID TC_ES_GET_005: getExamById phải fail graceful khi question thiếu media relation","invocations":1,"location":null,"numPassingAsserts":0,"retryReasons":[],"status":"failed","title":"TC_ES_GET_005: getExamById phải fail graceful khi question thiếu media relation"},{"ancestorTitles":["ExamService - Quản lý bài test đầu vào","getAllExams - Lấy danh sách tất cả bài test"],"duration":1,"failureDetails":[],"failureMessages":[],"fullName":"ExamService - Quản lý bài test đầu vào getAllExams - Lấy danh sách tất cả bài test TC_ES_GALL_001: Lấy tất cả exams không filter","invocations":1,"location":null,"numPassingAsserts":2,"retryReasons":[],"status":"passed","title":"TC_ES_GALL_001: Lấy tất cả exams không filter"},{"ancestorTitles":["ExamService - Quản lý bài test đầu vào","getAllExams - Lấy danh sách tất cả bài test"],"duration":1,"failureDetails":[],"failureMessages":[],"fullName":"ExamService - Quản lý bài test đầu vào getAllExams - Lấy danh sách tất cả bài test TC_ES_GALL_002: Lấy exams với filter ExamTypeID","invocations":1,"location":null,"numPassingAsserts":2,"retryReasons":[],"status":"passed","title":"TC_ES_GALL_002: Lấy exams với filter ExamTypeID"},{"ancestorTitles":["ExamService - Quản lý bài test đầu vào","getAllExams - Lấy danh sách tất cả bài test"],"duration":1,"failureDetails":[],"failureMessages":[],"fullName":"ExamService - Quản lý bài test đầu vào getAllExams - Lấy danh sách tất cả bài test TC_ES_GALL_003: Trả về mảng rỗng khi không có exam","invocations":1,"location":null,"numPassingAsserts":2,"retryReasons":[],"status":"passed","title":"TC_ES_GALL_003: Trả về mảng rỗng khi không có exam"},{"ancestorTitles":["ExamService - Quản lý bài test đầu vào","getAllExams - Lấy danh sách tất cả bài test"],"duration":1,"failureDetails":[],"failureMessages":[],"fullName":"ExamService - Quản lý bài test đầu vào getAllExams - Lấy danh sách tất cả bài test TC_ES_GALL_004: getAllExams phải bubble up lỗi từ repository","invocations":1,"location":null,"numPassingAsserts":1,"retryReasons":[],"status":"passed","title":"TC_ES_GALL_004: getAllExams phải bubble up lỗi từ repository"},{"ancestorTitles":["ExamService - Quản lý bài test đầu vào","updateExam - Cập nhật thông tin bài test"],"duration":2,"failureDetails":[],"failureMessages":[],"fullName":"ExamService - Quản lý bài test đầu vào updateExam - Cập nhật thông tin bài test TC_ES_UPD_001: Cập nhật exam thành công","invocations":1,"location":null,"numPassingAsserts":2,"retryReasons":[],"status":"passed","title":"TC_ES_UPD_001: Cập nhật exam thành công"},{"ancestorTitles":["ExamService - Quản lý bài test đầu vào","updateExam - Cập nhật thông tin bài test"],"duration":1,"failureDetails":[],"failureMessages":[],"fullName":"ExamService - Quản lý bài test đầu vào updateExam - Cập nhật thông tin bài test TC_ES_UPD_002: Thất bại khi exam không tồn tại","invocations":1,"location":null,"numPassingAsserts":1,"retryReasons":[],"status":"passed","title":"TC_ES_UPD_002: Thất bại khi exam không tồn tại"},{"ancestorTitles":["ExamService - Quản lý bài test đầu vào","updateExam - Cập nhật thông tin bài test"],"duration":2,"failureDetails":[],"failureMessages":[],"fullName":"ExamService - Quản lý bài test đầu vào updateExam - Cập nhật thông tin bài test TC_ES_UPD_003: Thất bại khi user không có quyền cập nhật","invocations":1,"location":null,"numPassingAsserts":1,"retryReasons":[],"status":"passed","title":"TC_ES_UPD_003: Thất bại khi user không có quyền cập nhật"},{"ancestorTitles":["ExamService - Quản lý bài test đầu vào","updateExam - Cập nhật thông tin bài test"],"duration":1,"failureDetails":[],"failureMessages":[],"fullName":"ExamService - Quản lý bài test đầu vào updateExam - Cập nhật thông tin bài test TC_ES_UPD_004: Thất bại khi cập nhật TimeExam ngoài range","invocations":1,"location":null,"numPassingAsserts":1,"retryReasons":[],"status":"passed","title":"TC_ES_UPD_004: Thất bại khi cập nhật TimeExam ngoài range"},{"ancestorTitles":["ExamService - Quản lý bài test đầu vào","updateExam - Cập nhật thông tin bài test"],"duration":2,"failureDetails":[],"failureMessages":[],"fullName":"ExamService - Quản lý bài test đầu vào updateExam - Cập nhật thông tin bài test TC_ES_UPD_005: Thất bại khi repository update trả về null","invocations":1,"location":null,"numPassingAsserts":1,"retryReasons":[],"status":"passed","title":"TC_ES_UPD_005: Thất bại khi repository update trả về null"},{"ancestorTitles":["ExamService - Quản lý bài test đầu vào","updateExam - Cập nhật thông tin bài test"],"duration":8,"failureDetails":[{"matcherResult":{"message":"expect(received).rejects.toThrow(expected)\n\nExpected substring: \"Exam title cannot be empty\"\nReceived message:   \"Failed to update exam\"\n\n    \u001b[0m \u001b[90m 268 |\u001b[39m\n     \u001b[90m 269 |\u001b[39m     \u001b[36mif\u001b[39m (\u001b[33m!\u001b[39mupdatedExam) {\n    \u001b[31m\u001b[1m>\u001b[22m\u001b[39m\u001b[90m 270 |\u001b[39m       \u001b[36mthrow\u001b[39m \u001b[36mnew\u001b[39m \u001b[33mError\u001b[39m(\u001b[32m'Failed to update exam'\u001b[39m)\u001b[33m;\u001b[39m\n     \u001b[90m     |\u001b[39m             \u001b[31m\u001b[1m^\u001b[22m\u001b[39m\n     \u001b[90m 271 |\u001b[39m     }\n     \u001b[90m 272 |\u001b[39m\n     \u001b[90m 273 |\u001b[39m     \u001b[36mreturn\u001b[39m updatedExam\u001b[33m;\u001b[39m\u001b[0m\n\n      at ExamService.updateExam (src/application/services/exam.service.ts:270:13)\n      at async Object.<anonymous> (tests/exam.service.test.ts:1018:7)","pass":false},"message":"expect(received).rejects.toThrow(expected)\n\nExpected substring: \"Exam title cannot be empty\"\nReceived message:   \"Failed to update exam\"\n\n    \u001b[0m \u001b[90m 268 |\u001b[39m\n     \u001b[90m 269 |\u001b[39m     \u001b[36mif\u001b[39m (\u001b[33m!\u001b[39mupdatedExam) {\n    \u001b[31m\u001b[1m>\u001b[22m\u001b[39m\u001b[90m 270 |\u001b[39m       \u001b[36mthrow\u001b[39m \u001b[36mnew\u001b[39m \u001b[33mError\u001b[39m(\u001b[32m'Failed to update exam'\u001b[39m)\u001b[33m;\u001b[39m\n     \u001b[90m     |\u001b[39m             \u001b[31m\u001b[1m^\u001b[22m\u001b[39m\n     \u001b[90m 271 |\u001b[39m     }\n     \u001b[90m 272 |\u001b[39m\n     \u001b[90m 273 |\u001b[39m     \u001b[36mreturn\u001b[39m updatedExam\u001b[33m;\u001b[39m\u001b[0m\n\n      at ExamService.updateExam (src/application/services/exam.service.ts:270:13)\n      at async Object.<anonymous> (tests/exam.service.test.ts:1018:7)"}],"failureMessages":["Error: expect(received).rejects.toThrow(expected)\n\nExpected substring: \"Exam title cannot be empty\"\nReceived message:   \"Failed to update exam\"\n\n    \u001b[0m \u001b[90m 268 |\u001b[39m\n     \u001b[90m 269 |\u001b[39m     \u001b[36mif\u001b[39m (\u001b[33m!\u001b[39mupdatedExam) {\n    \u001b[31m\u001b[1m>\u001b[22m\u001b[39m\u001b[90m 270 |\u001b[39m       \u001b[36mthrow\u001b[39m \u001b[36mnew\u001b[39m \u001b[33mError\u001b[39m(\u001b[32m'Failed to update exam'\u001b[39m)\u001b[33m;\u001b[39m\n     \u001b[90m     |\u001b[39m             \u001b[31m\u001b[1m^\u001b[22m\u001b[39m\n     \u001b[90m 271 |\u001b[39m     }\n     \u001b[90m 272 |\u001b[39m\n     \u001b[90m 273 |\u001b[39m     \u001b[36mreturn\u001b[39m updatedExam\u001b[33m;\u001b[39m\u001b[0m\n\n      at ExamService.updateExam (src/application/services/exam.service.ts:270:13)\n      at async Object.<anonymous> (tests/exam.service.test.ts:1018:7)\n    at Object.toThrow (D:\\Ki_2_nam_4\\SQA\\unit-test\\exam-management-unit-tests\\node_modules\\expect\\build\\index.js:218:22)\n    at Object.<anonymous> (D:\\Ki_2_nam_4\\SQA\\unit-test\\exam-management-unit-tests\\tests\\exam.service.test.ts:1019:18)\n    at Promise.then.completed (D:\\Ki_2_nam_4\\SQA\\unit-test\\exam-management-unit-tests\\node_modules\\jest-circus\\build\\utils.js:298:28)\n    at new Promise (<anonymous>)\n    at callAsyncCircusFn (D:\\Ki_2_nam_4\\SQA\\unit-test\\exam-management-unit-tests\\node_modules\\jest-circus\\build\\utils.js:231:10)\n    at _callCircusTest (D:\\Ki_2_nam_4\\SQA\\unit-test\\exam-management-unit-tests\\node_modules\\jest-circus\\build\\run.js:316:40)\n    at async _runTest (D:\\Ki_2_nam_4\\SQA\\unit-test\\exam-management-unit-tests\\node_modules\\jest-circus\\build\\run.js:252:3)\n    at async _runTestsForDescribeBlock (D:\\Ki_2_nam_4\\SQA\\unit-test\\exam-management-unit-tests\\node_modules\\jest-circus\\build\\run.js:126:9)\n    at async _runTestsForDescribeBlock (D:\\Ki_2_nam_4\\SQA\\unit-test\\exam-management-unit-tests\\node_modules\\jest-circus\\build\\run.js:121:9)\n    at async _runTestsForDescribeBlock (D:\\Ki_2_nam_4\\SQA\\unit-test\\exam-management-unit-tests\\node_modules\\jest-circus\\build\\run.js:121:9)\n    at async run (D:\\Ki_2_nam_4\\SQA\\unit-test\\exam-management-unit-tests\\node_modules\\jest-circus\\build\\run.js:71:3)\n    at async runAndTransformResultsToJestFormat (D:\\Ki_2_nam_4\\SQA\\unit-test\\exam-management-unit-tests\\node_modules\\jest-circus\\build\\legacy-code-todo-rewrite\\jestAdapterInit.js:122:21)\n    at async jestAdapter (D:\\Ki_2_nam_4\\SQA\\unit-test\\exam-management-unit-tests\\node_modules\\jest-circus\\build\\legacy-code-todo-rewrite\\jestAdapter.js:79:19)\n    at async runTestInternal (D:\\Ki_2_nam_4\\SQA\\unit-test\\exam-management-unit-tests\\node_modules\\jest-runner\\build\\runTest.js:367:16)\n    at async runTest (D:\\Ki_2_nam_4\\SQA\\unit-test\\exam-management-unit-tests\\node_modules\\jest-runner\\build\\runTest.js:444:34)"],"fullName":"ExamService - Quản lý bài test đầu vào updateExam - Cập nhật thông tin bài test TC_ES_UPD_006: updateExam phải reject khi Title là chuỗi rỗng","invocations":1,"location":null,"numPassingAsserts":0,"retryReasons":[],"status":"failed","title":"TC_ES_UPD_006: updateExam phải reject khi Title là chuỗi rỗng"},{"ancestorTitles":["ExamService - Quản lý bài test đầu vào","updateExam - Cập nhật thông tin bài test"],"duration":6,"failureDetails":[{"matcherResult":{"message":"expect(received).rejects.toThrow(expected)\n\nExpected substring: \"Exam title cannot be empty\"\nReceived message:   \"Failed to update exam\"\n\n    \u001b[0m \u001b[90m 268 |\u001b[39m\n     \u001b[90m 269 |\u001b[39m     \u001b[36mif\u001b[39m (\u001b[33m!\u001b[39mupdatedExam) {\n    \u001b[31m\u001b[1m>\u001b[22m\u001b[39m\u001b[90m 270 |\u001b[39m       \u001b[36mthrow\u001b[39m \u001b[36mnew\u001b[39m \u001b[33mError\u001b[39m(\u001b[32m'Failed to update exam'\u001b[39m)\u001b[33m;\u001b[39m\n     \u001b[90m     |\u001b[39m             \u001b[31m\u001b[1m^\u001b[22m\u001b[39m\n     \u001b[90m 271 |\u001b[39m     }\n     \u001b[90m 272 |\u001b[39m\n     \u001b[90m 273 |\u001b[39m     \u001b[36mreturn\u001b[39m updatedExam\u001b[33m;\u001b[39m\u001b[0m\n\n      at ExamService.updateExam (src/application/services/exam.service.ts:270:13)\n      at async Object.<anonymous> (tests/exam.service.test.ts:1032:7)","pass":false},"message":"expect(received).rejects.toThrow(expected)\n\nExpected substring: \"Exam title cannot be empty\"\nReceived message:   \"Failed to update exam\"\n\n    \u001b[0m \u001b[90m 268 |\u001b[39m\n     \u001b[90m 269 |\u001b[39m     \u001b[36mif\u001b[39m (\u001b[33m!\u001b[39mupdatedExam) {\n    \u001b[31m\u001b[1m>\u001b[22m\u001b[39m\u001b[90m 270 |\u001b[39m       \u001b[36mthrow\u001b[39m \u001b[36mnew\u001b[39m \u001b[33mError\u001b[39m(\u001b[32m'Failed to update exam'\u001b[39m)\u001b[33m;\u001b[39m\n     \u001b[90m     |\u001b[39m             \u001b[31m\u001b[1m^\u001b[22m\u001b[39m\n     \u001b[90m 271 |\u001b[39m     }\n     \u001b[90m 272 |\u001b[39m\n     \u001b[90m 273 |\u001b[39m     \u001b[36mreturn\u001b[39m updatedExam\u001b[33m;\u001b[39m\u001b[0m\n\n      at ExamService.updateExam (src/application/services/exam.service.ts:270:13)\n      at async Object.<anonymous> (tests/exam.service.test.ts:1032:7)"}],"failureMessages":["Error: expect(received).rejects.toThrow(expected)\n\nExpected substring: \"Exam title cannot be empty\"\nReceived message:   \"Failed to update exam\"\n\n    \u001b[0m \u001b[90m 268 |\u001b[39m\n     \u001b[90m 269 |\u001b[39m     \u001b[36mif\u001b[39m (\u001b[33m!\u001b[39mupdatedExam) {\n    \u001b[31m\u001b[1m>\u001b[22m\u001b[39m\u001b[90m 270 |\u001b[39m       \u001b[36mthrow\u001b[39m \u001b[36mnew\u001b[39m \u001b[33mError\u001b[39m(\u001b[32m'Failed to update exam'\u001b[39m)\u001b[33m;\u001b[39m\n     \u001b[90m     |\u001b[39m             \u001b[31m\u001b[1m^\u001b[22m\u001b[39m\n     \u001b[90m 271 |\u001b[39m     }\n     \u001b[90m 272 |\u001b[39m\n     \u001b[90m 273 |\u001b[39m     \u001b[36mreturn\u001b[39m updatedExam\u001b[33m;\u001b[39m\u001b[0m\n\n      at ExamService.updateExam (src/application/services/exam.service.ts:270:13)\n      at async Object.<anonymous> (tests/exam.service.test.ts:1032:7)\n    at Object.toThrow (D:\\Ki_2_nam_4\\SQA\\unit-test\\exam-management-unit-tests\\node_modules\\expect\\build\\index.js:218:22)\n    at Object.<anonymous> (D:\\Ki_2_nam_4\\SQA\\unit-test\\exam-management-unit-tests\\tests\\exam.service.test.ts:1033:18)\n    at Promise.then.completed (D:\\Ki_2_nam_4\\SQA\\unit-test\\exam-management-unit-tests\\node_modules\\jest-circus\\build\\utils.js:298:28)\n    at new Promise (<anonymous>)\n    at callAsyncCircusFn (D:\\Ki_2_nam_4\\SQA\\unit-test\\exam-management-unit-tests\\node_modules\\jest-circus\\build\\utils.js:231:10)\n    at _callCircusTest (D:\\Ki_2_nam_4\\SQA\\unit-test\\exam-management-unit-tests\\node_modules\\jest-circus\\build\\run.js:316:40)\n    at async _runTest (D:\\Ki_2_nam_4\\SQA\\unit-test\\exam-management-unit-tests\\node_modules\\jest-circus\\build\\run.js:252:3)\n    at async _runTestsForDescribeBlock (D:\\Ki_2_nam_4\\SQA\\unit-test\\exam-management-unit-tests\\node_modules\\jest-circus\\build\\run.js:126:9)\n    at async _runTestsForDescribeBlock (D:\\Ki_2_nam_4\\SQA\\unit-test\\exam-management-unit-tests\\node_modules\\jest-circus\\build\\run.js:121:9)\n    at async _runTestsForDescribeBlock (D:\\Ki_2_nam_4\\SQA\\unit-test\\exam-management-unit-tests\\node_modules\\jest-circus\\build\\run.js:121:9)\n    at async run (D:\\Ki_2_nam_4\\SQA\\unit-test\\exam-management-unit-tests\\node_modules\\jest-circus\\build\\run.js:71:3)\n    at async runAndTransformResultsToJestFormat (D:\\Ki_2_nam_4\\SQA\\unit-test\\exam-management-unit-tests\\node_modules\\jest-circus\\build\\legacy-code-todo-rewrite\\jestAdapterInit.js:122:21)\n    at async jestAdapter (D:\\Ki_2_nam_4\\SQA\\unit-test\\exam-management-unit-tests\\node_modules\\jest-circus\\build\\legacy-code-todo-rewrite\\jestAdapter.js:79:19)\n    at async runTestInternal (D:\\Ki_2_nam_4\\SQA\\unit-test\\exam-management-unit-tests\\node_modules\\jest-runner\\build\\runTest.js:367:16)\n    at async runTest (D:\\Ki_2_nam_4\\SQA\\unit-test\\exam-management-unit-tests\\node_modules\\jest-runner\\build\\runTest.js:444:34)"],"fullName":"ExamService - Quản lý bài test đầu vào updateExam - Cập nhật thông tin bài test TC_ES_UPD_007: updateExam phải reject khi Title chỉ chứa whitespace","invocations":1,"location":null,"numPassingAsserts":0,"retryReasons":[],"status":"failed","title":"TC_ES_UPD_007: updateExam phải reject khi Title chỉ chứa whitespace"},{"ancestorTitles":["ExamService - Quản lý bài test đầu vào","deleteExam - Xóa bài test"],"duration":1,"failureDetails":[],"failureMessages":[],"fullName":"ExamService - Quản lý bài test đầu vào deleteExam - Xóa bài test TC_ES_DEL_001: Xóa exam thành công khi chưa có attempts","invocations":1,"location":null,"numPassingAsserts":2,"retryReasons":[],"status":"passed","title":"TC_ES_DEL_001: Xóa exam thành công khi chưa có attempts"},{"ancestorTitles":["ExamService - Quản lý bài test đầu vào","deleteExam - Xóa bài test"],"duration":2,"failureDetails":[],"failureMessages":[],"fullName":"ExamService - Quản lý bài test đầu vào deleteExam - Xóa bài test TC_ES_DEL_002: Thất bại khi exam không tồn tại","invocations":1,"location":null,"numPassingAsserts":1,"retryReasons":[],"status":"passed","title":"TC_ES_DEL_002: Thất bại khi exam không tồn tại"},{"ancestorTitles":["ExamService - Quản lý bài test đầu vào","deleteExam - Xóa bài test"],"duration":2,"failureDetails":[],"failureMessages":[],"fullName":"ExamService - Quản lý bài test đầu vào deleteExam - Xóa bài test TC_ES_DEL_003: Thất bại khi user không có quyền xóa","invocations":1,"location":null,"numPassingAsserts":1,"retryReasons":[],"status":"passed","title":"TC_ES_DEL_003: Thất bại khi user không có quyền xóa"},{"ancestorTitles":["ExamService - Quản lý bài test đầu vào","deleteExam - Xóa bài test"],"duration":1,"failureDetails":[],"failureMessages":[],"fullName":"ExamService - Quản lý bài test đầu vào deleteExam - Xóa bài test TC_ES_DEL_004: Thất bại khi exam đã có sinh viên làm bài","invocations":1,"location":null,"numPassingAsserts":1,"retryReasons":[],"status":"passed","title":"TC_ES_DEL_004: Thất bại khi exam đã có sinh viên làm bài"},{"ancestorTitles":["ExamService - Quản lý bài test đầu vào","addQuestionsToExam - Thêm câu hỏi vào bài test"],"duration":2,"failureDetails":[],"failureMessages":[],"fullName":"ExamService - Quản lý bài test đầu vào addQuestionsToExam - Thêm câu hỏi vào bài test TC_ES_AQ_001: Thêm câu hỏi vào exam thành công","invocations":1,"location":null,"numPassingAsserts":2,"retryReasons":[],"status":"passed","title":"TC_ES_AQ_001: Thêm câu hỏi vào exam thành công"},{"ancestorTitles":["ExamService - Quản lý bài test đầu vào","addQuestionsToExam - Thêm câu hỏi vào bài test"],"duration":1,"failureDetails":[],"failureMessages":[],"fullName":"ExamService - Quản lý bài test đầu vào addQuestionsToExam - Thêm câu hỏi vào bài test TC_ES_AQ_002: Thất bại khi exam không tồn tại","invocations":1,"location":null,"numPassingAsserts":1,"retryReasons":[],"status":"passed","title":"TC_ES_AQ_002: Thất bại khi exam không tồn tại"},{"ancestorTitles":["ExamService - Quản lý bài test đầu vào","addQuestionsToExam - Thêm câu hỏi vào bài test"],"duration":3,"failureDetails":[],"failureMessages":[],"fullName":"ExamService - Quản lý bài test đầu vào addQuestionsToExam - Thêm câu hỏi vào bài test TC_ES_AQ_003: Thất bại khi user không có quyền","invocations":1,"location":null,"numPassingAsserts":1,"retryReasons":[],"status":"passed","title":"TC_ES_AQ_003: Thất bại khi user không có quyền"},{"ancestorTitles":["ExamService - Quản lý bài test đầu vào","addQuestionsToExam - Thêm câu hỏi vào bài test"],"duration":1,"failureDetails":[],"failureMessages":[],"fullName":"ExamService - Quản lý bài test đầu vào addQuestionsToExam - Thêm câu hỏi vào bài test TC_ES_AQ_004: Thất bại khi thêm câu hỏi đã có trong exam","invocations":1,"location":null,"numPassingAsserts":1,"retryReasons":[],"status":"passed","title":"TC_ES_AQ_004: Thất bại khi thêm câu hỏi đã có trong exam"},{"ancestorTitles":["ExamService - Quản lý bài test đầu vào","addQuestionsToExam - Thêm câu hỏi vào bài test"],"duration":2,"failureDetails":[],"failureMessages":[],"fullName":"ExamService - Quản lý bài test đầu vào addQuestionsToExam - Thêm câu hỏi vào bài test TC_ES_AQ_005: Thất bại khi câu hỏi không tồn tại trong DB","invocations":1,"location":null,"numPassingAsserts":1,"retryReasons":[],"status":"passed","title":"TC_ES_AQ_005: Thất bại khi câu hỏi không tồn tại trong DB"},{"ancestorTitles":["ExamService - Quản lý bài test đầu vào","addQuestionsToExam - Thêm câu hỏi vào bài test"],"duration":8,"failureDetails":[{"matcherResult":{"message":"expect(received).rejects.toThrow(expected)\n\nExpected substring: \"Questions payload cannot be empty\"\nReceived message:   \"Cannot read properties of undefined (reading 'length')\"\n\n    \u001b[0m \u001b[90m 359 |\u001b[39m     \u001b[36mconst\u001b[39m existingQuestions \u001b[33m=\u001b[39m \u001b[36mawait\u001b[39m \u001b[36mthis\u001b[39m\u001b[33m.\u001b[39mquestionRepository\u001b[33m.\u001b[39mfindByIds(questionIds)\u001b[33m;\u001b[39m\n     \u001b[90m 360 |\u001b[39m\n    \u001b[31m\u001b[1m>\u001b[22m\u001b[39m\u001b[90m 361 |\u001b[39m     \u001b[36mif\u001b[39m (existingQuestions\u001b[33m.\u001b[39mlength \u001b[33m!==\u001b[39m questionIds\u001b[33m.\u001b[39mlength) {\n     \u001b[90m     |\u001b[39m                           \u001b[31m\u001b[1m^\u001b[22m\u001b[39m\n     \u001b[90m 362 |\u001b[39m       \u001b[36mthrow\u001b[39m \u001b[36mnew\u001b[39m \u001b[33mError\u001b[39m(\u001b[32m'Some questions do not exist'\u001b[39m)\u001b[33m;\u001b[39m\n     \u001b[90m 363 |\u001b[39m     }\n     \u001b[90m 364 |\u001b[39m\u001b[0m\n\n      at ExamService.addQuestionsToExam (src/application/services/exam.service.ts:361:27)\n      at async Object.<anonymous> (tests/exam.service.test.ts:1236:7)","pass":false},"message":"expect(received).rejects.toThrow(expected)\n\nExpected substring: \"Questions payload cannot be empty\"\nReceived message:   \"Cannot read properties of undefined (reading 'length')\"\n\n    \u001b[0m \u001b[90m 359 |\u001b[39m     \u001b[36mconst\u001b[39m existingQuestions \u001b[33m=\u001b[39m \u001b[36mawait\u001b[39m \u001b[36mthis\u001b[39m\u001b[33m.\u001b[39mquestionRepository\u001b[33m.\u001b[39mfindByIds(questionIds)\u001b[33m;\u001b[39m\n     \u001b[90m 360 |\u001b[39m\n    \u001b[31m\u001b[1m>\u001b[22m\u001b[39m\u001b[90m 361 |\u001b[39m     \u001b[36mif\u001b[39m (existingQuestions\u001b[33m.\u001b[39mlength \u001b[33m!==\u001b[39m questionIds\u001b[33m.\u001b[39mlength) {\n     \u001b[90m     |\u001b[39m                           \u001b[31m\u001b[1m^\u001b[22m\u001b[39m\n     \u001b[90m 362 |\u001b[39m       \u001b[36mthrow\u001b[39m \u001b[36mnew\u001b[39m \u001b[33mError\u001b[39m(\u001b[32m'Some questions do not exist'\u001b[39m)\u001b[33m;\u001b[39m\n     \u001b[90m 363 |\u001b[39m     }\n     \u001b[90m 364 |\u001b[39m\u001b[0m\n\n      at ExamService.addQuestionsToExam (src/application/services/exam.service.ts:361:27)\n      at async Object.<anonymous> (tests/exam.service.test.ts:1236:7)"}],"failureMessages":["Error: expect(received).rejects.toThrow(expected)\n\nExpected substring: \"Questions payload cannot be empty\"\nReceived message:   \"Cannot read properties of undefined (reading 'length')\"\n\n    \u001b[0m \u001b[90m 359 |\u001b[39m     \u001b[36mconst\u001b[39m existingQuestions \u001b[33m=\u001b[39m \u001b[36mawait\u001b[39m \u001b[36mthis\u001b[39m\u001b[33m.\u001b[39mquestionRepository\u001b[33m.\u001b[39mfindByIds(questionIds)\u001b[33m;\u001b[39m\n     \u001b[90m 360 |\u001b[39m\n    \u001b[31m\u001b[1m>\u001b[22m\u001b[39m\u001b[90m 361 |\u001b[39m     \u001b[36mif\u001b[39m (existingQuestions\u001b[33m.\u001b[39mlength \u001b[33m!==\u001b[39m questionIds\u001b[33m.\u001b[39mlength) {\n     \u001b[90m     |\u001b[39m                           \u001b[31m\u001b[1m^\u001b[22m\u001b[39m\n     \u001b[90m 362 |\u001b[39m       \u001b[36mthrow\u001b[39m \u001b[36mnew\u001b[39m \u001b[33mError\u001b[39m(\u001b[32m'Some questions do not exist'\u001b[39m)\u001b[33m;\u001b[39m\n     \u001b[90m 363 |\u001b[39m     }\n     \u001b[90m 364 |\u001b[39m\u001b[0m\n\n      at ExamService.addQuestionsToExam (src/application/services/exam.service.ts:361:27)\n      at async Object.<anonymous> (tests/exam.service.test.ts:1236:7)\n    at Object.toThrow (D:\\Ki_2_nam_4\\SQA\\unit-test\\exam-management-unit-tests\\node_modules\\expect\\build\\index.js:218:22)\n    at Object.<anonymous> (D:\\Ki_2_nam_4\\SQA\\unit-test\\exam-management-unit-tests\\tests\\exam.service.test.ts:1237:18)\n    at Promise.then.completed (D:\\Ki_2_nam_4\\SQA\\unit-test\\exam-management-unit-tests\\node_modules\\jest-circus\\build\\utils.js:298:28)\n    at new Promise (<anonymous>)\n    at callAsyncCircusFn (D:\\Ki_2_nam_4\\SQA\\unit-test\\exam-management-unit-tests\\node_modules\\jest-circus\\build\\utils.js:231:10)\n    at _callCircusTest (D:\\Ki_2_nam_4\\SQA\\unit-test\\exam-management-unit-tests\\node_modules\\jest-circus\\build\\run.js:316:40)\n    at async _runTest (D:\\Ki_2_nam_4\\SQA\\unit-test\\exam-management-unit-tests\\node_modules\\jest-circus\\build\\run.js:252:3)\n    at async _runTestsForDescribeBlock (D:\\Ki_2_nam_4\\SQA\\unit-test\\exam-management-unit-tests\\node_modules\\jest-circus\\build\\run.js:126:9)\n    at async _runTestsForDescribeBlock (D:\\Ki_2_nam_4\\SQA\\unit-test\\exam-management-unit-tests\\node_modules\\jest-circus\\build\\run.js:121:9)\n    at async _runTestsForDescribeBlock (D:\\Ki_2_nam_4\\SQA\\unit-test\\exam-management-unit-tests\\node_modules\\jest-circus\\build\\run.js:121:9)\n    at async run (D:\\Ki_2_nam_4\\SQA\\unit-test\\exam-management-unit-tests\\node_modules\\jest-circus\\build\\run.js:71:3)\n    at async runAndTransformResultsToJestFormat (D:\\Ki_2_nam_4\\SQA\\unit-test\\exam-management-unit-tests\\node_modules\\jest-circus\\build\\legacy-code-todo-rewrite\\jestAdapterInit.js:122:21)\n    at async jestAdapter (D:\\Ki_2_nam_4\\SQA\\unit-test\\exam-management-unit-tests\\node_modules\\jest-circus\\build\\legacy-code-todo-rewrite\\jestAdapter.js:79:19)\n    at async runTestInternal (D:\\Ki_2_nam_4\\SQA\\unit-test\\exam-management-unit-tests\\node_modules\\jest-runner\\build\\runTest.js:367:16)\n    at async runTest (D:\\Ki_2_nam_4\\SQA\\unit-test\\exam-management-unit-tests\\node_modules\\jest-runner\\build\\runTest.js:444:34)"],"fullName":"ExamService - Quản lý bài test đầu vào addQuestionsToExam - Thêm câu hỏi vào bài test TC_ES_AQ_006: addQuestionsToExam phải reject khi payload questions rỗng","invocations":1,"location":null,"numPassingAsserts":0,"retryReasons":[],"status":"failed","title":"TC_ES_AQ_006: addQuestionsToExam phải reject khi payload questions rỗng"},{"ancestorTitles":["ExamService - Quản lý bài test đầu vào","addQuestionsToExam - Thêm câu hỏi vào bài test"],"duration":3,"failureDetails":[{"message":"expect(received).rejects.toThrow()\n\nReceived promise resolved instead of rejected\nResolved to value: {\"ExamTypeID\": 1, \"ID\": 1, \"TimeCreate\": 2024-01-01T00:00:00.000Z, \"TimeExam\": 120, \"Title\": \"TOEIC Full Test #1\", \"Type\": \"FULL_TEST\", \"UserID\": 1, \"attempts\": [], \"comments\": [], \"examQuestions\": [], \"examType\": {\"Code\": \"FULL_TEST\", \"Description\": \"Bài thi TOEIC Full Test 200 câu\", \"ID\": 1, \"exams\": []}}"}],"failureMessages":["Error: expect(received).rejects.toThrow()\n\nReceived promise resolved instead of rejected\nResolved to value: {\"ExamTypeID\": 1, \"ID\": 1, \"TimeCreate\": 2024-01-01T00:00:00.000Z, \"TimeExam\": 120, \"Title\": \"TOEIC Full Test #1\", \"Type\": \"FULL_TEST\", \"UserID\": 1, \"attempts\": [], \"comments\": [], \"examQuestions\": [], \"examType\": {\"Code\": \"FULL_TEST\", \"Description\": \"Bài thi TOEIC Full Test 200 câu\", \"ID\": 1, \"exams\": []}}\n    at expect (D:\\Ki_2_nam_4\\SQA\\unit-test\\exam-management-unit-tests\\node_modules\\expect\\build\\index.js:113:15)\n    at Object.<anonymous> (D:\\Ki_2_nam_4\\SQA\\unit-test\\exam-management-unit-tests\\tests\\exam.service.test.ts:1257:13)\n    at Promise.then.completed (D:\\Ki_2_nam_4\\SQA\\unit-test\\exam-management-unit-tests\\node_modules\\jest-circus\\build\\utils.js:298:28)\n    at new Promise (<anonymous>)\n    at callAsyncCircusFn (D:\\Ki_2_nam_4\\SQA\\unit-test\\exam-management-unit-tests\\node_modules\\jest-circus\\build\\utils.js:231:10)\n    at _callCircusTest (D:\\Ki_2_nam_4\\SQA\\unit-test\\exam-management-unit-tests\\node_modules\\jest-circus\\build\\run.js:316:40)\n    at async _runTest (D:\\Ki_2_nam_4\\SQA\\unit-test\\exam-management-unit-tests\\node_modules\\jest-circus\\build\\run.js:252:3)\n    at async _runTestsForDescribeBlock (D:\\Ki_2_nam_4\\SQA\\unit-test\\exam-management-unit-tests\\node_modules\\jest-circus\\build\\run.js:126:9)\n    at async _runTestsForDescribeBlock (D:\\Ki_2_nam_4\\SQA\\unit-test\\exam-management-unit-tests\\no
[...]
   expect(received).rejects.toThrow(expected)\n\n    Expected substring: \"MediaQuestionID must be a positive integer\"\n    Received message:   \"No questions found for selected media blocks\"\n\n        \u001b[0m \u001b[90m 130 |\u001b[39m\n         \u001b[90m 131 |\u001b[39m       \u001b[36mif\u001b[39m (mediaQuestions\u001b[33m.\u001b[39mlength \u001b[33m===\u001b[39m \u001b[35m0\u001b[39m) {\n        \u001b[31m\u001b[1m>\u001b[22m\u001b[39m\u001b[90m 132 |\u001b[39m         \u001b[36mthrow\u001b[39m \u001b[36mnew\u001b[39m \u001b[33mError\u001b[39m(\u001b[32m'No questions found for selected media blocks'\u001b[39m)\u001b[33m;\u001b[39m\n         \u001b[90m     |\u001b[39m               \u001b[31m\u001b[1m^\u001b[22m\u001b[39m\n         \u001b[90m 133 |\u001b[39m       }\n         \u001b[90m 134 |\u001b[39m\n         \u001b[90m 135 |\u001b[39m       \u001b[90m// Determine starting order index\u001b[39m\u001b[0m\n\n      at ExamService.createExam (src/application/services/exam.service.ts:132:15)\n      at async Object.<anonymous> (tests/exam.service.test.ts:678:7)\n      at Object.toThrow (node_modules/expect/build/index.js:218:22)\n      at Object.<anonymous> (tests/exam.service.test.ts:679:18)\n\n  ● ExamService - Quản lý bài test đầu vào › createExam - Tạo bài test đầu vào mới › TC_ES_CRE_017: createExam phải reject khi userId không hợp lệ\n\n    expect(received).rejects.toThrow(expected)\n\n    Expected substring: \"UserID must be a positive integer\"\n    Received message:   \"Cannot read properties of undefined (reading 'ID')\"\n\n        \u001b[0m \u001b[90m 161 |\u001b[39m\n         \u001b[90m 162 |\u001b[39m     \u001b[90m// Reload exam with all relations to return complete data\u001b[39m\n        \u001b[31m\u001b[1m>\u001b[22m\u001b[39m\u001b[90m 163 |\u001b[39m     \u001b[36mconst\u001b[39m completeExam \u001b[33m=\u001b[39m \u001b[36mawait\u001b[39m \u001b[36mthis\u001b[39m\u001b[33m.\u001b[39mexamRepository\u001b[33m.\u001b[39mfindById(exam\u001b[33m.\u001b[39m\u001b[33mID\u001b[39m)\u001b[33m;\u001b[39m\n         \u001b[90m     |\u001b[39m                                                                  \u001b[31m\u001b[1m^\u001b[22m\u001b[39m\n         \u001b[90m 164 |\u001b[39m     \n         \u001b[90m 165 |\u001b[39m     \u001b[36mif\u001b[39m (\u001b[33m!\u001b[39mcompleteExam) {\n         \u001b[90m 166 |\u001b[39m       \u001b[36mthrow\u001b[39m \u001b[36mnew\u001b[39m \u001b[33mError\u001b[39m(\u001b[32m'Failed to retrieve created exam'\u001b[39m)\u001b[33m;\u001b[39m\u001b[0m\n\n      at ExamService.createExam (src/application/services/exam.service.ts:163:66)\n      at async Object.<anonymous> (tests/exam.service.test.ts:697:7)\n      at Object.toThrow (node_modules/expect/build/index.js:218:22)\n      at Object.<anonymous> (tests/exam.service.test.ts:698:18)\n\n  ● ExamService - Quản lý bài test đầu vào › getExamById - Lấy thông tin bài test theo ID › TC_ES_GET_004: getExamById phải fail graceful khi exam thiếu examType relation\n\n    expect(received).rejects.toThrow(expected)\n\n    Expected substring: \"Exam type data is missing\"\n    Received message:   \"Cannot read properties of null (reading 'ID')\"\n\n        \u001b[0m \u001b[90m 1152 |\u001b[39m       \u001b[33mType\u001b[39m\u001b[33m:\u001b[39m exam\u001b[33m.\u001b[39m\u001b[33mType\u001b[39m \u001b[33m||\u001b[39m \u001b[32m''\u001b[39m\u001b[33m,\u001b[39m\n         \u001b[90m 1153 |\u001b[39m       \u001b[33mExamType\u001b[39m\u001b[33m:\u001b[39m {\n        \u001b[31m\u001b[1m>\u001b[22m\u001b[39m\u001b[90m 1154 |\u001b[39m         \u001b[33mID\u001b[39m\u001b[33m:\u001b[39m exam\u001b[33m.\u001b[39mexamType\u001b[33m.\u001b[39m\u001b[33mID\u001b[39m\u001b[33m,\u001b[39m\n         \u001b[90m      |\u001b[39m                           \u001b[31m\u001b[1m^\u001b[22m\u001b[39m\n         \u001b[90m 1155 |\u001b[39m         \u001b[33mCode\u001b[39m\u001b[33m:\u001b[39m exam\u001b[33m.\u001b[39mexamType\u001b[33m.\u001b[39m\u001b[33mCode\u001b[39m\u001b[33m,\u001b[39m\n         \u001b[90m 1156 |\u001b[39m         \u001b[33mDescription\u001b[39m\u001b[33m:\u001b[39m exam\u001b[33m.\u001b[39mexamType\u001b[33m.\u001b[39m\u001b[33mDescription\u001b[39m \u001b[33m||\u001b[39m \u001b[32m''\u001b[39m\u001b[33m,\u001b[39m\n         \u001b[90m 1157 |\u001b[39m       }\u001b[33m,\u001b[39m\u001b[0m\n\n      at ExamService.transformToExamDetailResponse (src/application/services/exam.service.ts:1154:27)\n      at ExamService.getExamById (src/application/services/exam.service.ts:196:17)\n      at async Object.<anonymous> (tests/exam.service.test.ts:797:7)\n      at Object.toThrow (node_modules/expect/build/index.js:218:22)\n      at Object.<anonymous> (tests/exam.service.test.ts:798:18)\n\n  ● ExamService - Quản lý bài test đầu vào › getExamById - Lấy thông tin bài test theo ID › TC_ES_GET_005: getExamById phải fail graceful khi question thiếu media relation\n\n    expect(received).rejects.toThrow(expected)\n\n    Expected substring: \"Question media data is missing\"\n    Received message:   \"Cannot read properties of null (reading 'ID')\"\n\n        \u001b[0m \u001b[90m 1170 |\u001b[39m               }))\u001b[33m,\u001b[39m\n         \u001b[90m 1171 |\u001b[39m               \u001b[33mMedia\u001b[39m\u001b[33m:\u001b[39m {\n        \u001b[31m\u001b[1m>\u001b[22m\u001b[39m\u001b[90m 1172 |\u001b[39m                 \u001b[33mID\u001b[39m\u001b[33m:\u001b[39m eq\u001b[33m.\u001b[39mquestion\u001b[33m.\u001b[39mmediaQuestion\u001b[33m.\u001b[39m\u001b[33mID\u001b[39m\u001b[33m,\u001b[39m\n         \u001b[90m      |\u001b[39m                                               \u001b[31m\u001b[1m^\u001b[22m\u001b[39m\n         \u001b[90m 1173 |\u001b[39m                 \u001b[33mSkill\u001b[39m\u001b[33m:\u001b[39m eq\u001b[33m.\u001b[39mquestion\u001b[33m.\u001b[39mmediaQuestion\u001b[33m.\u001b[39m\u001b[33mSkill\u001b[39m \u001b[33m||\u001b[39m \u001b[32m''\u001b[39m\u001b[33m,\u001b[39m\n         \u001b[90m 1174 |\u001b[39m                 \u001b[33mType\u001b[39m\u001b[33m:\u001b[39m eq\u001b[33m.\u001b[39mquestion\u001b[33m.\u001b[39mmediaQuestion\u001b[33m.\u001b[39m\u001b[33mType\u001b[39m\u001b[33m,\u001b[39m\n         \u001b[90m 1175 |\u001b[39m                 \u001b[33mSection\u001b[39m\u001b[33m:\u001b[39m eq\u001b[33m.\u001b[39mquestion\u001b[33m.\u001b[39mmediaQuestion\u001b[33m.\u001b[39m\u001b[33mSection\u001b[39m \u001b[33m||\u001b[39m \u001b[32m''\u001b[39m\u001b[33m,\u001b[39m\u001b[0m\n\n      at src/application/services/exam.service.ts:1172:47\n                at Array.map (<anonymous>)\n      at ExamService.transformToExamDetailResponse (src/application/services/exam.service.ts:1161:14)\n      at ExamService.getExamById (src/application/services/exam.service.ts:196:17)\n      at async Object.<anonymous> (tests/exam.service.test.ts:823:7)\n      at Object.toThrow (node_modules/expect/build/index.js:218:22)\n      at Object.<anonymous> (tests/exam.service.test.ts:824:18)\n\n  ● ExamService - Quản lý bài test đầu vào › updateExam - Cập nhật thông tin bài test › TC_ES_UPD_006: updateExam phải reject khi Title là chuỗi rỗng\n\n    expect(received).rejects.toThrow(expected)\n\n    Expected substring: \"Exam title cannot be empty\"\n    Received message:   \"Failed to update exam\"\n\n        \u001b[0m \u001b[90m 268 |\u001b[39m\n         \u001b[90m 269 |\u001b[39m     \u001b[36mif\u001b[39m (\u001b[33m!\u001b[39mupdatedExam) {\n        \u001b[31m\u001b[1m>\u001b[22m\u001b[39m\u001b[90m 270 |\u001b[39m       \u001b[36mthrow\u001b[39m \u001b[36mnew\u001b[39m \u001b[33mError\u001b[39m(\u001b[32m'Failed to update exam'\u001b[39m)\u001b[33m;\u001b[39m\n         \u001b[90m     |\u001b[39m             \u001b[31m\u001b[1m^\u001b[22m\u001b[39m\n         \u001b[90m 271 |\u001b[39m     }\n         \u001b[90m 272 |\u001b[39m\n         \u001b[90m 273 |\u001b[39m     \u001b[36mreturn\u001b[39m updatedExam\u001b[33m;\u001b[39m\u001b[0m\n\n      at ExamService.updateExam (src/application/services/exam.service.ts:270:13)\n      at async Object.<anonymous> (tests/exam.service.test.ts:1018:7)\n      at Object.toThrow (node_modules/expect/build/index.js:218:22)\n      at Object.<anonymous> (tests/exam.service.test.ts:1019:18)\n\n  ● ExamService - Quản lý bài test đầu vào › updateExam - Cập nhật thông tin bài test › TC_ES_UPD_007: updateExam phải reject khi Title chỉ chứa whitespace\n\n    expect(received).rejects.toThrow(expected)\n\n    Expected substring: \"Exam title cannot be empty\"\n    Received message:   \"Failed to update exam\"\n\n        \u001b[0m \u001b[90m 268 |\u001b[39m\n         \u001b[90m 269 |\u001b[39m     \u001b[36mif\u001b[39m (\u001b[33m!\u001b[39mupdatedExam) {\n        \u001b[31m\u001b[1m>\u001b[22m\u001b[39m\u001b[90m 270 |\u001b[39m       \u001b[36mthrow\u001b[39m \u001b[36mnew\u001b[39m \u001b[33mError\u001b[39m(\u001b[32m'Failed to update exam'\u001b[39m)\u001b[33m;\u001b[39m\n         \u001b[90m     |\u001b[39m             \u001b[31m\u001b[1m^\u001b[22m\u001b[39m\n         \u001b[90m 271 |\u001b[39m     }\n         \u001b[90m 272 |\u001b[39m\n         \u001b[90m 273 |\u001b[39m     \u001b[36mreturn\u001b[39m updatedExam\u001b[33m;\u001b[39m\u001b[0m\n\n      at ExamService.updateExam (src/application/services/exam.service.ts:270:13)\n      at async Object.<anonymous> (tests/exam.service.test.ts:1032:7)\n      at Object.toThrow (node_modules/expect/build/index.js:218:22)\n      at Object.<anonymous> (tests/exam.service.test.ts:1033:18)\n\n  ● ExamService - Quản lý bài test đầu vào › addQuestionsToExam - Thêm câu hỏi vào bài test › TC_ES_AQ_006: addQuestionsToExam phải reject khi payload questions rỗng\n\n    expect(received).rejects.toThrow(expected)\n\n    Expected substring: \"Questions payload cannot be empty\"\n    Received message:   \"Cannot read properties of undefined (reading 'length')\"\n\n        \u001b[0m \u001b[90m 359 |\u001b[39m     \u001b[36mconst\u001b[39m existingQuestions \u001b[33m=\u001b[39m \u001b[36mawait\u001b[39m \u001b[36mthis\u001b[39m\u001b[33m.\u001b[39mquestionRepository\u001b[33m.\u001b[39mfindByIds(questionIds)\u001b[33m;\u001b[39m\n         \u001b[90m 360 |\u001b[39m\n        \u001b[31m\u001b[1m>\u001b[22m\u001b[39m\u001b[90m 361 |\u001b[39m     \u001b[36mif\u001b[39m (existingQuestions\u001b[33m.\u001b[39mlength \u001b[33m!==\u001b[39m questionIds\u001b[33m.\u001b[39mlength) {\n         \u001b[90m     |\u001b[39m                           \u001b[31m\u001b[1m^\u001b[22m\u001b[39m\n         \u001b[90m 362 |\u001b[39m       \u001b[36mthrow\u001b[39m \u001b[36mnew\u001b[39m \u001b[33mError\u001b[39m(\u001b[32m'Some questions do not exist'\u001b[39m)\u001b[33m;\u001b[39m\n         \u001b[90m 363 |\u001b[39m     }\n         \u001b[90m 364 |\u001b[39m\u001b[0m\n\n      at ExamService.addQuestionsToExam (src/application/services/exam.service.ts:361:27)\n      at async Object.<anonymous> (tests/exam.service.test.ts:1236:7)\n      at Object.toThrow (node_modules/expect/build/index.js:218:22)\n      at Object.<anonymous> (tests/exam.service.test.ts:1237:18)\n\n  ● ExamService - Quản lý bài test đầu vào › addQuestionsToExam - Thêm câu hỏi vào bài test › TC_ES_AQ_007: addQuestionsToExam phải reject khi payload chứa QuestionID trùng nhau\n\n    expect(received).rejects.toThrow()\n\n    Received promise resolved instead of rejected\n    Resolved to value: {\"ExamTypeID\": 1, \"ID\": 1, \"TimeCreate\": 2024-01-01T00:00:00.000Z, \"TimeExam\": 120, \"Title\": \"TOEIC Full Test #1\", \"Type\": \"FULL_TEST\", \"UserID\": 1, \"attempts\": [], \"comments\": [], \"examQuestions\": [], \"examType\": {\"Code\": \"FULL_TEST\", \"Description\": \"Bài thi TOEIC Full Test 200 câu\", \"ID\": 1, \"exams\": []}}\n\n    \u001b[0m \u001b[90m 1255 |\u001b[39m       ])\u001b[33m;\u001b[39m\n     \u001b[90m 1256 |\u001b[39m\n    \u001b[31m\u001b[1m>\u001b[22m\u001b[39m\u001b[90m 1257 |\u001b[39m       \u001b[36mawait\u001b[39m expect(\n     \u001b[90m      |\u001b[39m             \u001b[31m\u001b[1m^\u001b[22m\u001b[39m\n     \u001b[90m 1258 |\u001b[39m         examService\u001b[33m.\u001b[39maddQuestionsToExam(\n     \u001b[90m 1259 |\u001b[39m           \u001b[35m1\u001b[39m\u001b[33m,\u001b[39m\n     \u001b[90m 1260 |\u001b[39m           [\u001b[0m\n\n      at expect (node_modules/expect/build/index.js:113:15)\n      at Object.<anonymous> (tests/exam.service.test.ts:1257:13)\n\n  ● ExamService - Quản lý bài test đầu vào › addQuestionsToExam - Thêm câu hỏi vào bài test › TC_ES_AQ_008: addQuestionsToExam phải reject khi payload chứa OrderIndex trùng nhau\n\n    expect(received).rejects.toThrow()\n\n    Received promise resolved instead of rejected\n    Resolved to value: {\"ExamTypeID\": 1, \"ID\": 1, \"TimeCreate\": 2024-01-01T00:00:00.000Z, \"TimeExam\": 120, \"Title\": \"TOEIC Full Test #1\", \"Type\": \"FULL_TEST\", \"UserID\": 1, \"attempts\": [], \"comments\": [], \"examQuestions\": [], \"examType\": {\"Code\": \"FULL_TEST\", \"Description\": \"Bài thi TOEIC Full Test 200 câu\", \"ID\": 1, \"exams\": []}}\n\n    \u001b[0m \u001b[90m 1284 |\u001b[39m       ])\u001b[33m;\u001b[39m\n     \u001b[90m 1285 |\u001b[39m\n    \u001b[31m\u001b[1m>\u001b[22m\u001b[39m\u001b[90m 1286 |\u001b[39m       \u001b[36mawait\u001b[39m expect(\n     \u001b[90m      |\u001b[39m             \u001b[31m\u001b[1m^\u001b[22m\u001b[39m\n     \u001b[90m 1287 |\u001b[39m         examService\u001b[33m.\u001b[39maddQuestionsToExam(\n     \u001b[90m 1288 |\u001b[39m           \u001b[35m1\u001b[39m\u001b[33m,\u001b[39m\n     \u001b[90m 1289 |\u001b[39m           [\u001b[0m\n\n      at expect (node_modules/expect/build/index.js:113:15)\n      at Object.<anonymous> (tests/exam.service.test.ts:1286:13)\n\n  ● ExamService - Quản lý bài test đầu vào › removeQuestionsFromExam - Xóa câu hỏi khỏi bài test › TC_ES_RQ_004: removeQuestionsFromExam phải reject khi questionIds rỗng\n\n    expect(received).rejects.toThrow()\n\n    Received promise resolved instead of rejected\n    Resolved to value: undefined\n\n    \u001b[0m \u001b[90m 1367 |\u001b[39m       (mockExamRepo\u001b[33m.\u001b[39mfindById \u001b[36mas\u001b[39m jest\u001b[33m.\u001b[39m\u001b[33mMock\u001b[39m)\u001b[33m.\u001b[39mmockResolvedValue(mockExam)\u001b[33m;\u001b[39m\n     \u001b[90m 1368 |\u001b[39m\n    \u001b[31m\u001b[1m>\u001b[22m\u001b[39m\u001b[90m 1369 |\u001b[39m       \u001b[36mawait\u001b[39m expect(examService\u001b[33m.\u001b[39mremoveQuestionsFromExam(\u001b[35m1\u001b[39m\u001b[33m,\u001b[39m []\u001b[33m,\u001b[39m \u001b[35m1\u001b[39m))\n     \u001b[90m      |\u001b[39m             \u001b[31m\u001b[1m^\u001b[22m\u001b[39m\n     \u001b[90m 1370 |\u001b[39m         \u001b[33m.\u001b[39mrejects\u001b[33m.\u001b[39mtoThrow(\u001b[32m'Question IDs cannot be empty'\u001b[39m)\u001b[33m;\u001b[39m\n     \u001b[90m 1371 |\u001b[39m     })\u001b[33m;\u001b[39m\n     \u001b[90m 1372 |\u001b[39m   })\u001b[33m;\u001b[39m\u001b[0m\n\n      at expect (node_modules/expect/build/index.js:113:15)\n      at Object.<anonymous> (tests/exam.service.test.ts:1369:13)\n\n  ● ExamService - Quản lý bài test đầu vào › removeMediaGroupFromExam - Xóa nhóm media khỏi bài test › TC_ES_RMG_005: removeMediaGroupFromExam phải reject khi mediaQuestionId <= 0\n\n    expect(received).rejects.toThrow(expected)\n\n    Expected substring: \"MediaQuestionID must be a positive integer\"\n    Received message:   \"Media group not found in this exam\"\n\n        \u001b[0m \u001b[90m 696 |\u001b[39m     )\u001b[33m;\u001b[39m\n         \u001b[90m 697 |\u001b[39m     \u001b[36mif\u001b[39m (\u001b[33m!\u001b[39mexists) {\n        \u001b[31m\u001b[1m>\u001b[22m\u001b[39m\u001b[90m 698 |\u001b[39m       \u001b[36mthrow\u001b[39m \u001b[36mnew\u001b[39m \u001b[33mError\u001b[39m(\u001b[32m'Media group not found in this exam'\u001b[39m)\u001b[33m;\u001b[39m\n         \u001b[90m     |\u001b[39m             \u001b[31m\u001b[1m^\u001b[22m\u001b[39m\n         \u001b[90m 699 |\u001b[39m     }\n         \u001b[90m 700 |\u001b[39m\n         \u001b[90m 701 |\u001b[39m     \u001b[90m// Remove the group\u001b[39m\u001b[0m\n\n      at ExamService.removeMediaGroupFromExam (src/application/services/exam.service.ts:698:13)\n      at async Object.<anonymous> (tests/exam.service.test.ts:1796:7)\n      at Object.toThrow (node_modules/expect/build/index.js:218:22)\n      at Object.<anonymous> (tests/exam.service.test.ts:1797:18)\n\n  ● ExamService - Quản lý bài test đầu vào › Nhóm chức năng mới: Media Group & Nội dung tổ chức › TC_ES_MMG_002: moveMediaGroupInExam phải reject khi newStartOrderIndex <= 0\n\n    expect(received).rejects.toThrow()\n\n    Received promise resolved instead of rejected\n    Resolved to value: undefined\n\n    \u001b[0m \u001b[90m 2399 |\u001b[39m       (mockExamRepo\u001b[33m.\u001b[39mfindById \u001b[36mas\u001b[39m jest\u001b[33m.\u001b[39m\u001b[33mMock\u001b[39m)\u001b[33m.\u001b[39mmockResolvedValue(mockExam)\u001b[33m;\u001b[39m\n     \u001b[90m 2400 |\u001b[39m\n    \u001b[31m\u001b[1m>\u001b[22m\u001b[39m\u001b[90m 2401 |\u001b[39m       \u001b[36mawait\u001b[39m expect(examService\u001b[33m.\u001b[39mmoveMediaGroupInExam(\u001b[35m1\u001b[39m\u001b[33m,\u001b[39m \u001b[35m1\u001b[39m\u001b[33m,\u001b[39m \u001b[35m0\u001b[39m\u001b[33m,\u001b[39m \u001b[35m1\u001b[39m))\n     \u001b[90m      |\u001b[39m             \u001b[31m\u001b[1m^\u001b[22m\u001b[39m\n     \u001b[90m 2402 |\u001b[39m         \u001b[33m.\u001b[39mrejects\u001b[33m.\u001b[39mtoThrow(\u001b[32m'newStartOrderIndex must be greater than 0'\u001b[39m)\u001b[33m;\u001b[39m\n     \u001b[90m 2403 |\u001b[39m     })\u001b[33m;\u001b[39m\n     \u001b[90m 2404 |\u001b[39m\u001b[0m\n\n      at expect (node_modules/expect/build/index.js:113:15)\n      at Object.<anonymous> (tests/exam.service.test.ts:2401:13)\n\n  ● ExamService - Quản lý bài test đầu vào › Nhóm chức năng mới: Media Group & Nội dung tổ chức › TC_ES_GCO_002: getExamContentOrganized phải reject khi standalone question thiếu mediaQuestion\n\n    expect(received).rejects.toThrow(expected)\n\n    Expected substring: \"Standalone question media data is missing\"\n    Received message:   \"Cannot read properties of null (reading 'Skill')\"\n\n        \u001b[0m \u001b[90m 826 |\u001b[39m         orderIndex\u001b[33m:\u001b[39m eq\u001b[33m.\u001b[39m\u001b[33mOrderIndex\u001b[39m\u001b[33m,\u001b[39m\n         \u001b[90m 827 |\u001b[39m         media\u001b[33m:\u001b[39m {\n        \u001b[31m\u001b[1m>\u001b[22m\u001b[39m\u001b[90m 828 |\u001b[39m           skill\u001b[33m:\u001b[39m eq\u001b[33m.\u001b[39mquestion\u001b[33m.\u001b[39mmediaQuestion\u001b[33m.\u001b[39m\u001b[33mSkill\u001b[39m \u001b[33m||\u001b[39m \u001b[32m''\u001b[39m\u001b[33m,\u001b[39m\n         \u001b[90m     |\u001b[39m                                            \u001b[31m\u001b[1m^\u001b[22m\u001b[39m\n         \u001b[90m 829 |\u001b[39m           type\u001b[33m:\u001b[39m eq\u001b[33m.\u001b[39mquestion\u001b[33m.\u001b[39mmediaQuestion\u001b[33m.\u001b[39m\u001b[33mType\u001b[39m\u001b[33m,\u001b[39m\n         \u001b[90m 830 |\u001b[39m           section\u001b[33m:\u001b[39m eq\u001b[33m.\u001b[39mquestion\u001b[33m.\u001b[39mmediaQuestion\u001b[33m.\u001b[39m\u001b[33mSection\u001b[39m \u001b[33m||\u001b[39m \u001b[32m''\u001b[39m\u001b[33m,\u001b[39m\n         \u001b[90m 831 |\u001b[39m         }\u001b[33m,\u001b[39m\u001b[0m\n\n      at src/application/services/exam.service.ts:828:44\n                at Array.map (<anonymous>)\n      at ExamService.getExamContentOrganized (src/application/services/exam.service.ts:823:8)\n      at async Object.<anonymous> (tests/exam.service.test.ts:2541:7)\n      at Object.toThrow (node_modules/expect/build/index.js:218:22)\n      at Object.<anonymous> (tests/exam.service.test.ts:2542:18)\n","name":"D:\\Ki_2_nam_4\\SQA\\unit-test\\exam-management-unit-tests\\tests\\exam.service.test.ts","startTime":1778324841321,"status":"failed","summary":""}],"wasInterrupted":false}
