-------------------------------------------------------------------------------
Test set: com.mxhieu.doantotnghiep.service.TestServiceImplTest
-------------------------------------------------------------------------------
Tests run: 10, Failures: 2, Errors: 0, Skipped: 0, Time elapsed: 0.301 s <<< FAILURE! -- in com.mxhieu.doantotnghiep.service.TestServiceImplTest
com.mxhieu.doantotnghiep.service.TestServiceImplTest.isCompletedTest_shouldHandleNullProcess -- Time elapsed: 0.024 s <<< FAILURE!
org.opentest4j.AssertionFailedError: Unexpected exception thrown: java.lang.NullPointerException: Cannot invoke "java.lang.Integer.intValue()" because the return value of "com.mxhieu.doantotnghiep.entity.TestProgressEntity.getProcess()" is null
	at org.junit.jupiter.api.AssertionFailureBuilder.build(AssertionFailureBuilder.java:152)
	at org.junit.jupiter.api.AssertDoesNotThrow.createAssertionFailedError(AssertDoesNotThrow.java:84)
	at org.junit.jupiter.api.AssertDoesNotThrow.assertDoesNotThrow(AssertDoesNotThrow.java:75)
	at org.junit.jupiter.api.AssertDoesNotThrow.assertDoesNotThrow(AssertDoesNotThrow.java:58)
	at org.junit.jupiter.api.Assertions.assertDoesNotThrow(Assertions.java:3259)
	at com.mxhieu.doantotnghiep.service.TestServiceImplTest.isCompletedTest_shouldHandleNullProcess(TestServiceImplTest.java:305)
	at java.base/java.lang.reflect.Method.invoke(Method.java:568)
	at java.base/java.util.ArrayList.forEach(ArrayList.java:1511)
	at java.base/java.util.ArrayList.forEach(ArrayList.java:1511)
Caused by: java.lang.NullPointerException: Cannot invoke "java.lang.Integer.intValue()" because the return value of "com.mxhieu.doantotnghiep.entity.TestProgressEntity.getProcess()" is null
	at com.mxhieu.doantotnghiep.service.impl.TestServiceImpl.isCompletedTest(TestServiceImpl.java:175)
	at com.mxhieu.doantotnghiep.service.TestServiceImplTest.lambda$isCompletedTest_shouldHandleNullProcess$2(TestServiceImplTest.java:305)
	at org.junit.jupiter.api.AssertDoesNotThrow.assertDoesNotThrow(AssertDoesNotThrow.java:71)
	... 6 more

com.mxhieu.doantotnghiep.service.TestServiceImplTest.isLock_shouldHandleNull_whenStudentNotEnrolled -- Time elapsed: 0.009 s <<< FAILURE!
org.opentest4j.AssertionFailedError: Unexpected exception thrown: java.lang.NullPointerException: Cannot invoke "String.equals(Object)" because "statusOfCourse" is null
	at org.junit.jupiter.api.AssertionFailureBuilder.build(AssertionFailureBuilder.java:152)
	at org.junit.jupiter.api.AssertDoesNotThrow.createAssertionFailedError(AssertDoesNotThrow.java:84)
	at org.junit.jupiter.api.AssertDoesNotThrow.assertDoesNotThrow(AssertDoesNotThrow.java:75)
	at org.junit.jupiter.api.AssertDoesNotThrow.assertDoesNotThrow(AssertDoesNotThrow.java:58)
	at org.junit.jupiter.api.Assertions.assertDoesNotThrow(Assertions.java:3259)
	at com.mxhieu.doantotnghiep.service.TestServiceImplTest.isLock_shouldHandleNull_whenStudentNotEnrolled(TestServiceImplTest.java:274)
	at java.base/java.lang.reflect.Method.invoke(Method.java:568)
	at java.base/java.util.ArrayList.forEach(ArrayList.java:1511)
	at java.base/java.util.ArrayList.forEach(ArrayList.java:1511)
Caused by: java.lang.NullPointerException: Cannot invoke "String.equals(Object)" because "statusOfCourse" is null
	at com.mxhieu.doantotnghiep.service.impl.TestServiceImpl.isLock(TestServiceImpl.java:157)
	at com.mxhieu.doantotnghiep.service.TestServiceImplTest.lambda$isLock_shouldHandleNull_whenStudentNotEnrolled$1(TestServiceImplTest.java:274)
	at org.junit.jupiter.api.AssertDoesNotThrow.assertDoesNotThrow(AssertDoesNotThrow.java:71)
	... 6 more

