<?xml version="1.0" encoding="UTF-8"?>
<testsuite xmlns:xsi="http://www.w3.org/2001/XMLSchema-instance" xsi:noNamespaceSchemaLocation="https://maven.apache.org/surefire/maven-surefire-plugin/xsd/surefire-test-report.xsd" version="3.0.2" name="com.mxhieu.doantotnghiep.service.TestProgressServiceImplTest" time="0.501" tests="5" errors="0" skipped="0" failures="0">
  <properties>
[...]
</properties>
  <testcase name="checkCompletionCondition_completed_whenScoreAbove50" classname="com.mxhieu.doantotnghiep.service.TestProgressServiceImplTest" time="0.468"/>
  <testcase name="checkCompletionCondition_throwException_whenStudentNotFound" classname="com.mxhieu.doantotnghiep.service.TestProgressServiceImplTest" time="0.006"/>
  <testcase name="checkCompletionCondition_notCompleted_whenScoreBelow50" classname="com.mxhieu.doantotnghiep.service.TestProgressServiceImplTest" time="0.005"/>
  <testcase name="checkCompletionCondition_throwException_whenTestNotFound" classname="com.mxhieu.doantotnghiep.service.TestProgressServiceImplTest" time="0.006"/>
  <testcase name="checkCompletionCondition_throwException_whenNoProgressExists" classname="com.mxhieu.doantotnghiep.service.TestProgressServiceImplTest" time="0.006"/>
</testsuite>