TN:
SF:src\application\services\comment.service.ts
FN:36,(anonymous_0)
FN:66,(anonymous_1)
FN:125,(anonymous_2)
FN:141,(anonymous_3)
FN:181,(anonymous_4)
FN:211,(anonymous_5)
FN:268,(anonymous_6)
FN:317,(anonymous_7)
FN:352,(anonymous_8)
FN:371,(anonymous_9)
FN:387,(anonymous_10)
FN:409,(anonymous_11)
FN:430,(anonymous_12)
FN:536,(anonymous_13)
FN:598,(anonymous_14)
FNF:15
FNH:15
FNDA:23,(anonymous_0)
FNDA:5,(anonymous_1)
FNDA:1,(anonymous_2)
FNDA:1,(anonymous_3)
FNDA:2,(anonymous_4)
FNDA:4,(anonymous_5)
FNDA:3,(anonymous_6)
FNDA:1,(anonymous_7)
FNDA:1,(anonymous_8)
FNDA:1,(anonymous_9)
FNDA:2,(anonymous_10)
FNDA:1,(anonymous_11)
FNDA:2,(anonymous_12)
FNDA:2,(anonymous_13)
FNDA:1,(anonymous_14)
DA:1,1
DA:33,1
DA:37,23
DA:71,5
DA:72,1
DA:75,4
DA:76,1
DA:80,3
DA:81,2
DA:83,2
DA:84,1
DA:88,1
DA:89,1
DA:94,1
DA:102,1
DA:129,1
DA:140,1
DA:142,1
DA:143,1
DA:147,1
DA:148,1
DA:149,1
DA:151,1
DA:182,2
DA:184,2
DA:185,1
DA:188,1
DA:216,4
DA:218,4
DA:219,1
DA:223,3
DA:224,1
DA:228,2
DA:229,1
DA:232,1
DA:233,0
DA:236,1
DA:240,1
DA:241,0
DA:244,1
DA:273,3
DA:275,3
DA:276,0
DA:280,3
DA:281,1
DA:285,2
DA:287,2
DA:288,0
DA:293,2
DA:321,1
DA:323,1
DA:324,0
DA:327,1
DA:332,1
DA:333,0
DA:336,1
DA:356,1
DA:372,1
DA:388,2
DA:389,1
DA:392,1
DA:410,1
DA:434,2
DA:561,2
DA:564,2
DA:565,1
DA:569,1
DA:570,0
DA:574,1
DA:575,0
DA:579,1
DA:580,1
DA:581,0
DA:586,1
DA:597,1
DA:599,1
DA:600,1
DA:605,1
DA:606,1
DA:609,1
DA:613,1
LF:81
LH:72
BRDA:71,0,0,1
BRDA:71,1,0,5
BRDA:71,1,1,5
BRDA:75,2,0,1
BRDA:80,3,0,2
BRDA:80,4,0,3
BRDA:80,4,1,2
BRDA:83,5,0,1
BRDA:88,6,0,1
BRDA:97,7,0,1
BRDA:97,7,1,1
BRDA:147,8,0,1
BRDA:147,8,1,1
BRDA:148,9,0,1
BRDA:148,9,1,1
BRDA:184,10,0,1
BRDA:218,11,0,1
BRDA:223,12,0,1
BRDA:228,13,0,1
BRDA:228,14,0,2
BRDA:228,14,1,2
BRDA:232,15,0,0
BRDA:240,16,0,0
BRDA:271,17,0,2
BRDA:275,18,0,0
BRDA:280,19,0,1
BRDA:280,20,0,3
BRDA:280,20,1,2
BRDA:287,21,0,0
BRDA:323,22,0,0
BRDA:332,23,0,0
BRDA:388,24,0,1
BRDA:388,25,0,2
BRDA:388,25,1,2
BRDA:555,26,0,0
BRDA:556,27,0,0
BRDA:559,28,0,2
BRDA:560,29,0,2
BRDA:564,30,0,1
BRDA:569,31,0,0
BRDA:569,32,0,1
BRDA:569,32,1,1
BRDA:574,33,0,0
BRDA:580,34,0,0
BRDA:590,35,0,0
BRDA:590,35,1,1
BRF:46
BRH:34
end_of_record
